{"type":"operationStart","subtype":"profile","data":{"_id":"jctYMzuuXE0vpxdl","timestamp":"2025-07-22T13:14:39.377Z","state":"queued","mode":"standard","creationDate":"2025-07-22T13:14:39.378Z","modificationDate":"2025-07-22T13:14:39.378Z","shortid":"Kyx4Z5u","$entitySet":"profiles"},"doDiffs":false,"timestamp":1753190079378,"id":"0w8ttoxzfljw0yf","previousOperationId":null,"operationId":"r5ymmm7w3qb9x2z"}
{"type":"log","level":"info","message":"Render request 4 queued for execution and waiting for available worker","previousOperationId":"r5ymmm7w3qb9x2z","timestamp":1753190079378,"id":"5zuqlmu4yfnqye2"}
{"type":"operationStart","subtype":"render","name":"report-1","previousOperationId":"r5ymmm7w3qb9x2z","timestamp":1753190079380,"id":"7ewdubh5kv9rbi8","previousEventId":"0w8ttoxzfljw0yf","operationId":"htqsr0b40ucqdqo"}
{"type":"log","timestamp":1753190079380,"level":"info","message":"Starting rendering request 4","meta":{"rootId":"1nwsk18kr4mw6kz","id":"1nwsk18kr4mw6kz"},"id":"oexqe5ykp06sgkx","previousOperationId":"htqsr0b40ucqdqo"}
{"type":"log","timestamp":1753190079380,"level":"info","message":"Rendering template { name: report-1, recipe: chrome-pdf, engine: jsrender, preview: false }","meta":{"rootId":"1nwsk18kr4mw6kz","id":"1nwsk18kr4mw6kz"},"id":"skfegj44coo6z79","previousOperationId":"htqsr0b40ucqdqo"}
{"type":"log","timestamp":1753190079380,"level":"debug","message":"Inline data specified.","meta":{"rootId":"1nwsk18kr4mw6kz","id":"1nwsk18kr4mw6kz"},"id":"dyu4cbu5q75bo85","previousOperationId":"htqsr0b40ucqdqo"}
{"type":"log","timestamp":1753190079381,"level":"debug","message":"Base url not specified, skipping its injection.","meta":{"rootId":"1nwsk18kr4mw6kz","id":"1nwsk18kr4mw6kz"},"id":"6of1gzedtng3osp","previousOperationId":"htqsr0b40ucqdqo"}
{"type":"operationStart","subtype":"engine","name":"jsrender","timestamp":1753190079381,"id":"pjhmc7duqv36zmx","previousEventId":"7ewdubh5kv9rbi8","operationId":"z776y1jrgy4m8d8","previousOperationId":"htqsr0b40ucqdqo"}
{"type":"log","timestamp":1753190079381,"level":"debug","message":"Rendering engine jsrender","meta":{"rootId":"1nwsk18kr4mw6kz","id":"1nwsk18kr4mw6kz"},"id":"uqi4ichnbq485u4","previousOperationId":"z776y1jrgy4m8d8"}
{"type":"operationEnd","operationId":"z776y1jrgy4m8d8","timestamp":1753190079387,"id":"7n7spxbtry4ted9","previousEventId":"pjhmc7duqv36zmx","previousOperationId":"z776y1jrgy4m8d8"}
{"type":"operationStart","subtype":"recipe","name":"chrome-pdf","timestamp":1753190079388,"id":"31envxopng2ldhw","previousEventId":"7n7spxbtry4ted9","operationId":"pluipoao0jkt9jj","previousOperationId":"z776y1jrgy4m8d8"}
{"type":"log","timestamp":1753190079388,"level":"debug","message":"Executing recipe chrome-pdf","meta":{"rootId":"1nwsk18kr4mw6kz","id":"1nwsk18kr4mw6kz"},"id":"l58wjarc8wmy61d","previousOperationId":"pluipoao0jkt9jj"}
{"type":"log","timestamp":1753190079389,"level":"debug","message":"Converting with chrome Chrome/136.0.7103.49 using chrome-pool strategy","meta":{"rootId":"1nwsk18kr4mw6kz","id":"1nwsk18kr4mw6kz"},"id":"4wj6ourawfp7zbi","previousOperationId":"pluipoao0jkt9jj"}
{"type":"log","timestamp":1753190079411,"level":"debug","message":"Page request: GET (document) file:///tmp/jsreport/autocleanup/cbc9689b-2875-4421-b066-65928921176d-chrome-pdf.html","meta":{"rootId":"1nwsk18kr4mw6kz","id":"1nwsk18kr4mw6kz"},"id":"8edam23qqee3nvg","previousOperationId":"pluipoao0jkt9jj"}
{"type":"log","timestamp":1753190079418,"level":"debug","message":"Page request finished: GET (document) 200 file:///tmp/jsreport/autocleanup/cbc9689b-2875-4421-b066-65928921176d-chrome-pdf.html","meta":{"rootId":"1nwsk18kr4mw6kz","id":"1nwsk18kr4mw6kz"},"id":"jy1pkpcc7ggzfk8","previousOperationId":"pluipoao0jkt9jj"}
{"type":"log","timestamp":1753190079418,"level":"debug","message":"Page request: GET (image) https://playback.studio/logo.png","meta":{"rootId":"1nwsk18kr4mw6kz","id":"1nwsk18kr4mw6kz"},"id":"ojb3up874ajwtn1","previousOperationId":"pluipoao0jkt9jj"}
{"type":"log","timestamp":1753190079420,"level":"warn","message":"Page request failed: GET (image) 301 https://playback.studio/logo.png (redirect to: https://www.playback.studio/logo.png)","meta":{"rootId":"1nwsk18kr4mw6kz","id":"1nwsk18kr4mw6kz"},"id":"zbal5gf78tl38mx","previousOperationId":"pluipoao0jkt9jj"}
{"type":"log","timestamp":1753190079421,"level":"debug","message":"Page request: GET (image) https://www.playback.studio/logo.png (redirect from: https://playback.studio/logo.png)","meta":{"rootId":"1nwsk18kr4mw6kz","id":"1nwsk18kr4mw6kz"},"id":"voqfkg7xxfl1k2v","previousOperationId":"pluipoao0jkt9jj"}
{"type":"log","timestamp":1753190079962,"level":"warn","message":"Page request failed: GET (image) https://www.playback.studio/logo.png, failure: net::ERR_BLOCKED_BY_ORB","meta":{"rootId":"1nwsk18kr4mw6kz","id":"1nwsk18kr4mw6kz"},"id":"etzd15aheuqc0m8","previousOperationId":"pluipoao0jkt9jj"}
{"type":"log","timestamp":1753190079963,"level":"debug","message":"Running chrome with params {\"printBackground\":true,\"timeout\":59989,\"margin\":{}}","meta":{"rootId":"1nwsk18kr4mw6kz","id":"1nwsk18kr4mw6kz"},"id":"37ljoehdb7gyr57","previousOperationId":"pluipoao0jkt9jj"}
{"type":"operationEnd","operationId":"pluipoao0jkt9jj","timestamp":1753190080042,"id":"1wo6b8c8a76j8rz","previousEventId":"31envxopng2ldhw","previousOperationId":"pluipoao0jkt9jj"}
{"type":"log","timestamp":1753190080042,"level":"debug","message":"Skipping storing report.","meta":{"rootId":"1nwsk18kr4mw6kz","id":"1nwsk18kr4mw6kz"},"id":"r95awmz1q88tmte","previousOperationId":"pluipoao0jkt9jj"}
{"type":"log","timestamp":1753190080042,"level":"info","message":"Rendering request 4 finished in 665 ms","meta":{"rootId":"1nwsk18kr4mw6kz","id":"1nwsk18kr4mw6kz"},"id":"gbw71y4qntaczz7","previousOperationId":"pluipoao0jkt9jj"}
{"type":"operationEnd","subtype":"render","operationId":"htqsr0b40ucqdqo","timestamp":1753190080042,"id":"5b7az9mvealdbxj","previousEventId":"1wo6b8c8a76j8rz","previousOperationId":"pluipoao0jkt9jj"}
{"type":"operationEnd","doDiffs":false,"previousEventId":"0w8ttoxzfljw0yf","previousOperationId":"r5ymmm7w3qb9x2z","operationId":"r5ymmm7w3qb9x2z","timestamp":1753190080043,"id":"fff23xget0mpni4"}
