{"type":"operationStart","subtype":"profile","data":{"_id":"zlgyh7v9bOY1IkFR","timestamp":"2025-07-22T13:24:03.688Z","state":"queued","mode":"standard","creationDate":"2025-07-22T13:24:03.689Z","modificationDate":"2025-07-22T13:24:03.689Z","shortid":"w83IyrJ","$entitySet":"profiles"},"doDiffs":false,"timestamp":1753190643689,"id":"tbvaweqf9ecqex1","previousOperationId":null,"operationId":"nzlp7xt2if95rc3"}
{"type":"log","level":"info","message":"Render request 6 queued for execution and waiting for available worker","previousOperationId":"nzlp7xt2if95rc3","timestamp":1753190643689,"id":"ltx7srwkxeqj6ub"}
{"type":"operationStart","subtype":"render","name":"report-1","previousOperationId":"nzlp7xt2if95rc3","timestamp":1753190643691,"id":"jngultxwqjfdq3l","previousEventId":"tbvaweqf9ecqex1","operationId":"5vr4jmrcmvhjxrd"}
{"type":"log","timestamp":1753190643691,"level":"info","message":"Starting rendering request 6","meta":{"rootId":"3yq7hg2ep93s7hs","id":"3yq7hg2ep93s7hs"},"id":"l57kyhykwpjpsr0","previousOperationId":"5vr4jmrcmvhjxrd"}
{"type":"log","timestamp":1753190643691,"level":"info","message":"Rendering template { name: report-1, recipe: chrome-pdf, engine: jsrender, preview: false }","meta":{"rootId":"3yq7hg2ep93s7hs","id":"3yq7hg2ep93s7hs"},"id":"ol59wstxm5hj6e8","previousOperationId":"5vr4jmrcmvhjxrd"}
{"type":"log","timestamp":1753190643691,"level":"debug","message":"Inline data specified.","meta":{"rootId":"3yq7hg2ep93s7hs","id":"3yq7hg2ep93s7hs"},"id":"098nk37mv5ucgs8","previousOperationId":"5vr4jmrcmvhjxrd"}
{"type":"log","timestamp":1753190643692,"level":"debug","message":"Base url not specified, skipping its injection.","meta":{"rootId":"3yq7hg2ep93s7hs","id":"3yq7hg2ep93s7hs"},"id":"1w5sgefwsijwj2c","previousOperationId":"5vr4jmrcmvhjxrd"}
{"type":"operationStart","subtype":"engine","name":"jsrender","timestamp":1753190643692,"id":"ur1lwwdi8vuy1ui","previousEventId":"jngultxwqjfdq3l","operationId":"ktten2ofxsi9ceb","previousOperationId":"5vr4jmrcmvhjxrd"}
{"type":"log","timestamp":1753190643692,"level":"debug","message":"Rendering engine jsrender","meta":{"rootId":"3yq7hg2ep93s7hs","id":"3yq7hg2ep93s7hs"},"id":"acys2926llpbabv","previousOperationId":"ktten2ofxsi9ceb"}
{"type":"operationEnd","operationId":"ktten2ofxsi9ceb","timestamp":1753190643696,"id":"hus9is27w1k46up","previousEventId":"ur1lwwdi8vuy1ui","previousOperationId":"ktten2ofxsi9ceb"}
{"type":"operationStart","subtype":"recipe","name":"chrome-pdf","timestamp":1753190643696,"id":"kjd0tc6o4lcptei","previousEventId":"hus9is27w1k46up","operationId":"zke3h4efyou15d4","previousOperationId":"ktten2ofxsi9ceb"}
{"type":"log","timestamp":1753190643696,"level":"debug","message":"Executing recipe chrome-pdf","meta":{"rootId":"3yq7hg2ep93s7hs","id":"3yq7hg2ep93s7hs"},"id":"0yqynyjo3ko7x4v","previousOperationId":"zke3h4efyou15d4"}
{"type":"log","timestamp":1753190643697,"level":"debug","message":"Converting with chrome Chrome/136.0.7103.49 using chrome-pool strategy","meta":{"rootId":"3yq7hg2ep93s7hs","id":"3yq7hg2ep93s7hs"},"id":"cyddw06n9vsn7kp","previousOperationId":"zke3h4efyou15d4"}
{"type":"log","timestamp":1753190643714,"level":"debug","message":"Page request: GET (document) file:///tmp/jsreport/autocleanup/3435461f-d249-4da2-80ad-278342124bcd-chrome-pdf.html","meta":{"rootId":"3yq7hg2ep93s7hs","id":"3yq7hg2ep93s7hs"},"id":"gsbda4lmvhyrmz4","previousOperationId":"zke3h4efyou15d4"}
{"type":"log","timestamp":1753190643719,"level":"debug","message":"Page request finished: GET (document) 200 file:///tmp/jsreport/autocleanup/3435461f-d249-4da2-80ad-278342124bcd-chrome-pdf.html","meta":{"rootId":"3yq7hg2ep93s7hs","id":"3yq7hg2ep93s7hs"},"id":"sqcd2d0kltwuz4i","previousOperationId":"zke3h4efyou15d4"}
{"type":"log","timestamp":1753190643722,"level":"debug","message":"Running chrome with params {\"printBackground\":true,\"timeout\":59992,\"margin\":{}}","meta":{"rootId":"3yq7hg2ep93s7hs","id":"3yq7hg2ep93s7hs"},"id":"hl1q7z6zee22fja","previousOperationId":"zke3h4efyou15d4"}
{"type":"operationEnd","operationId":"zke3h4efyou15d4","timestamp":1753190643801,"id":"mjh26wudjnjgejl","previousEventId":"kjd0tc6o4lcptei","previousOperationId":"zke3h4efyou15d4"}
{"type":"log","timestamp":1753190643801,"level":"debug","message":"Skipping storing report.","meta":{"rootId":"3yq7hg2ep93s7hs","id":"3yq7hg2ep93s7hs"},"id":"ltwtdtffs5vs46o","previousOperationId":"zke3h4efyou15d4"}
{"type":"log","timestamp":1753190643801,"level":"info","message":"Rendering request 6 finished in 113 ms","meta":{"rootId":"3yq7hg2ep93s7hs","id":"3yq7hg2ep93s7hs"},"id":"txih5ex5vhytyos","previousOperationId":"zke3h4efyou15d4"}
{"type":"operationEnd","subtype":"render","operationId":"5vr4jmrcmvhjxrd","timestamp":1753190643801,"id":"nk4mwi3am09i444","previousEventId":"mjh26wudjnjgejl","previousOperationId":"zke3h4efyou15d4"}
{"type":"operationEnd","doDiffs":false,"previousEventId":"tbvaweqf9ecqex1","previousOperationId":"nzlp7xt2if95rc3","operationId":"nzlp7xt2if95rc3","timestamp":1753190643802,"id":"1lhncajgptadivm"}
