{"type":"operationStart","subtype":"profile","data":{"_id":"qfR49xU6cN1LSCoW","timestamp":"2025-07-22T13:05:30.742Z","state":"queued","mode":"standard","creationDate":"2025-07-22T13:05:30.743Z","modificationDate":"2025-07-22T13:05:30.743Z","shortid":"zdvOvKT","$entitySet":"profiles"},"doDiffs":false,"timestamp":1753189530742,"id":"vpwgc7j6p6mqnuu","previousOperationId":null,"operationId":"bvmy17sq0beq3sm"}
{"type":"log","level":"info","message":"Render request 2 queued for execution and waiting for available worker","previousOperationId":"bvmy17sq0beq3sm","timestamp":1753189530742,"id":"11lxn6trgx0980f"}
{"type":"operationStart","subtype":"render","name":"report-1","previousOperationId":"bvmy17sq0beq3sm","timestamp":1753189530747,"id":"wrbd6ylcs8jw86j","previousEventId":"vpwgc7j6p6mqnuu","operationId":"d4p6jc44x1imqhi"}
{"type":"log","timestamp":1753189530748,"level":"info","message":"Starting rendering request 2","meta":{"rootId":"6qdz2ufs6lcauzh","id":"6qdz2ufs6lcauzh"},"id":"yo4oy1v8cegqlzu","previousOperationId":"d4p6jc44x1imqhi"}
{"type":"log","timestamp":1753189530748,"level":"info","message":"Rendering template { name: report-1, recipe: chrome-pdf, engine: jsrender, preview: false }","meta":{"rootId":"6qdz2ufs6lcauzh","id":"6qdz2ufs6lcauzh"},"id":"wxeu9tyb31tjfgq","previousOperationId":"d4p6jc44x1imqhi"}
{"type":"log","timestamp":1753189530749,"level":"debug","message":"Inline data specified.","meta":{"rootId":"6qdz2ufs6lcauzh","id":"6qdz2ufs6lcauzh"},"id":"mo2k36tpuvueaf7","previousOperationId":"d4p6jc44x1imqhi"}
{"type":"log","timestamp":1753189530750,"level":"debug","message":"Base url not specified, skipping its injection.","meta":{"rootId":"6qdz2ufs6lcauzh","id":"6qdz2ufs6lcauzh"},"id":"k8msqkftq8lppv5","previousOperationId":"d4p6jc44x1imqhi"}
{"type":"operationStart","subtype":"engine","name":"jsrender","timestamp":1753189530751,"id":"jqdia2a7b13qbvo","previousEventId":"wrbd6ylcs8jw86j","operationId":"jgq99xml8p0q5m7","previousOperationId":"d4p6jc44x1imqhi"}
{"type":"log","timestamp":1753189530751,"level":"debug","message":"Rendering engine jsrender","meta":{"rootId":"6qdz2ufs6lcauzh","id":"6qdz2ufs6lcauzh"},"id":"0b8suzcbyqgdfjs","previousOperationId":"jgq99xml8p0q5m7"}
{"type":"operationEnd","operationId":"jgq99xml8p0q5m7","timestamp":1753189531000,"id":"ygxntkhqdweeq68","previousEventId":"jqdia2a7b13qbvo","previousOperationId":"jgq99xml8p0q5m7"}
{"type":"operationStart","subtype":"recipe","name":"chrome-pdf","timestamp":1753189531000,"id":"2lpcpwg1687ahuw","previousEventId":"ygxntkhqdweeq68","operationId":"x1ksjj03zoobb9h","previousOperationId":"jgq99xml8p0q5m7"}
{"type":"log","timestamp":1753189531000,"level":"debug","message":"Executing recipe chrome-pdf","meta":{"rootId":"6qdz2ufs6lcauzh","id":"6qdz2ufs6lcauzh"},"id":"x8rcuvzc7g1nuh1","previousOperationId":"x1ksjj03zoobb9h"}
{"type":"log","timestamp":1753189531229,"level":"debug","message":"Converting with chrome Chrome/136.0.7103.49 using chrome-pool strategy","meta":{"rootId":"6qdz2ufs6lcauzh","id":"6qdz2ufs6lcauzh"},"id":"nkgkf0ro0ob3poc","previousOperationId":"x1ksjj03zoobb9h"}
{"type":"log","timestamp":1753189531252,"level":"debug","message":"Page request: GET (document) file:///tmp/jsreport/autocleanup/8f85d545-7db2-48da-a163-426fd80b42f5-chrome-pdf.html","meta":{"rootId":"6qdz2ufs6lcauzh","id":"6qdz2ufs6lcauzh"},"id":"ut2en6snvlygqi0","previousOperationId":"x1ksjj03zoobb9h"}
{"type":"log","timestamp":1753189531260,"level":"debug","message":"Page request finished: GET (document) 200 file:///tmp/jsreport/autocleanup/8f85d545-7db2-48da-a163-426fd80b42f5-chrome-pdf.html","meta":{"rootId":"6qdz2ufs6lcauzh","id":"6qdz2ufs6lcauzh"},"id":"fdyb4e9kilmucvz","previousOperationId":"x1ksjj03zoobb9h"}
{"type":"log","timestamp":1753189531260,"level":"debug","message":"Page request: GET (image) https://playback.studio/logo.png","meta":{"rootId":"6qdz2ufs6lcauzh","id":"6qdz2ufs6lcauzh"},"id":"8w02a32dtgh4es0","previousOperationId":"x1ksjj03zoobb9h"}
{"type":"log","timestamp":1753189532280,"level":"warn","message":"Page request failed: GET (image) 301 https://playback.studio/logo.png (redirect to: https://www.playback.studio/logo.png)","meta":{"rootId":"6qdz2ufs6lcauzh","id":"6qdz2ufs6lcauzh"},"id":"xze459hlgp03gf9","previousOperationId":"x1ksjj03zoobb9h"}
{"type":"log","timestamp":1753189532280,"level":"debug","message":"Page request: GET (image) https://www.playback.studio/logo.png (redirect from: https://playback.studio/logo.png)","meta":{"rootId":"6qdz2ufs6lcauzh","id":"6qdz2ufs6lcauzh"},"id":"rk8fonn766cd9uj","previousOperationId":"x1ksjj03zoobb9h"}
{"type":"log","timestamp":1753189533287,"level":"warn","message":"Page request failed: GET (image) https://www.playback.studio/logo.png, failure: net::ERR_BLOCKED_BY_ORB","meta":{"rootId":"6qdz2ufs6lcauzh","id":"6qdz2ufs6lcauzh"},"id":"ufmfqmol59rosq8","previousOperationId":"x1ksjj03zoobb9h"}
{"type":"log","timestamp":1753189533289,"level":"debug","message":"Running chrome with params {\"printBackground\":true,\"timeout\":59738,\"margin\":{}}","meta":{"rootId":"6qdz2ufs6lcauzh","id":"6qdz2ufs6lcauzh"},"id":"l41hp8s5uh3dslx","previousOperationId":"x1ksjj03zoobb9h"}
{"type":"operationEnd","operationId":"x1ksjj03zoobb9h","timestamp":1753189533367,"id":"ou4ms4g141zgasz","previousEventId":"2lpcpwg1687ahuw","previousOperationId":"x1ksjj03zoobb9h"}
{"type":"log","timestamp":1753189533367,"level":"debug","message":"Skipping storing report.","meta":{"rootId":"6qdz2ufs6lcauzh","id":"6qdz2ufs6lcauzh"},"id":"i5mznbc9c26h3y1","previousOperationId":"x1ksjj03zoobb9h"}
{"type":"log","timestamp":1753189533368,"level":"info","message":"Rendering request 2 finished in 2627 ms","meta":{"rootId":"6qdz2ufs6lcauzh","id":"6qdz2ufs6lcauzh"},"id":"3tp7676k1h8dzfx","previousOperationId":"x1ksjj03zoobb9h"}
{"type":"operationEnd","subtype":"render","operationId":"d4p6jc44x1imqhi","timestamp":1753189533368,"id":"l0day0nehb9vf8z","previousEventId":"ou4ms4g141zgasz","previousOperationId":"x1ksjj03zoobb9h"}
{"type":"operationEnd","doDiffs":false,"previousEventId":"vpwgc7j6p6mqnuu","previousOperationId":"bvmy17sq0beq3sm","operationId":"bvmy17sq0beq3sm","timestamp":1753189533369,"id":"xx8a5wr9nv9p3se"}
