{"type":"operationStart","subtype":"profile","data":{"_id":"NMO46d7ukanloEgI","timestamp":"2025-07-22T13:58:58.295Z","state":"queued","mode":"standard","creationDate":"2025-07-22T13:58:58.295Z","modificationDate":"2025-07-22T13:58:58.295Z","shortid":"pn3cYOM","$entitySet":"profiles"},"doDiffs":false,"timestamp":1753192738295,"id":"sqtkoiaxnqn1l79","previousOperationId":null,"operationId":"l7jnd1bh195lq3i"}
{"type":"log","level":"info","message":"Render request 7 queued for execution and waiting for available worker","previousOperationId":"l7jnd1bh195lq3i","timestamp":1753192738295,"id":"vc6ujec5ak198wp"}
{"type":"operationStart","subtype":"render","name":"report-1","previousOperationId":"l7jnd1bh195lq3i","timestamp":1753192738298,"id":"ckout57k2gm4t8u","previousEventId":"sqtkoiaxnqn1l79","operationId":"wtxfsu46chdjm92"}
{"type":"log","timestamp":1753192738298,"level":"info","message":"Starting rendering request 7","meta":{"rootId":"7oe5oxdscft3iua","id":"7oe5oxdscft3iua"},"id":"rbdh86am3jm2im3","previousOperationId":"wtxfsu46chdjm92"}
{"type":"log","timestamp":1753192738298,"level":"info","message":"Rendering template { name: report-1, recipe: chrome-pdf, engine: jsrender, preview: false }","meta":{"rootId":"7oe5oxdscft3iua","id":"7oe5oxdscft3iua"},"id":"fj4g09cjrkubj8y","previousOperationId":"wtxfsu46chdjm92"}
{"type":"log","timestamp":1753192738298,"level":"debug","message":"Inline data specified.","meta":{"rootId":"7oe5oxdscft3iua","id":"7oe5oxdscft3iua"},"id":"eykp6j7102o82di","previousOperationId":"wtxfsu46chdjm92"}
{"type":"log","timestamp":1753192738299,"level":"debug","message":"Base url not specified, skipping its injection.","meta":{"rootId":"7oe5oxdscft3iua","id":"7oe5oxdscft3iua"},"id":"yh16mvfrh2pt3k6","previousOperationId":"wtxfsu46chdjm92"}
{"type":"operationStart","subtype":"engine","name":"jsrender","timestamp":1753192738299,"id":"qjzo4yxvnyni7f3","previousEventId":"ckout57k2gm4t8u","operationId":"e2rh9xgsihickhz","previousOperationId":"wtxfsu46chdjm92"}
{"type":"log","timestamp":1753192738299,"level":"debug","message":"Rendering engine jsrender","meta":{"rootId":"7oe5oxdscft3iua","id":"7oe5oxdscft3iua"},"id":"tinifa23mtgsh5j","previousOperationId":"e2rh9xgsihickhz"}
{"type":"operationEnd","operationId":"e2rh9xgsihickhz","timestamp":1753192738306,"id":"tvmr4i0qctsp4k7","previousEventId":"qjzo4yxvnyni7f3","previousOperationId":"e2rh9xgsihickhz"}
{"type":"operationStart","subtype":"recipe","name":"chrome-pdf","timestamp":1753192738307,"id":"7ont7spsz8hq7m5","previousEventId":"tvmr4i0qctsp4k7","operationId":"bj8tlif860ycxsb","previousOperationId":"e2rh9xgsihickhz"}
{"type":"log","timestamp":1753192738307,"level":"debug","message":"Executing recipe chrome-pdf","meta":{"rootId":"7oe5oxdscft3iua","id":"7oe5oxdscft3iua"},"id":"zim01td4sfcqfvu","previousOperationId":"bj8tlif860ycxsb"}
{"type":"log","timestamp":1753192738310,"level":"debug","message":"Converting with chrome Chrome/136.0.7103.49 using chrome-pool strategy","meta":{"rootId":"7oe5oxdscft3iua","id":"7oe5oxdscft3iua"},"id":"x1gwmy6lq5pugtf","previousOperationId":"bj8tlif860ycxsb"}
{"type":"log","timestamp":1753192738333,"level":"debug","message":"Page request: GET (document) file:///tmp/jsreport/autocleanup/ad4c2a9e-bb81-437b-858e-09f60a161197-chrome-pdf.html","meta":{"rootId":"7oe5oxdscft3iua","id":"7oe5oxdscft3iua"},"id":"0438cq8h3p8zfrf","previousOperationId":"bj8tlif860ycxsb"}
{"type":"log","timestamp":1753192738338,"level":"debug","message":"Page request finished: GET (document) 200 file:///tmp/jsreport/autocleanup/ad4c2a9e-bb81-437b-858e-09f60a161197-chrome-pdf.html","meta":{"rootId":"7oe5oxdscft3iua","id":"7oe5oxdscft3iua"},"id":"fvn109heg87lems","previousOperationId":"bj8tlif860ycxsb"}
{"type":"log","timestamp":1753192738341,"level":"debug","message":"Running chrome with params {\"printBackground\":true,\"timeout\":59985,\"margin\":{}}","meta":{"rootId":"7oe5oxdscft3iua","id":"7oe5oxdscft3iua"},"id":"51ozn46t8rbihh8","previousOperationId":"bj8tlif860ycxsb"}
{"type":"operationEnd","operationId":"bj8tlif860ycxsb","timestamp":1753192738406,"id":"319lmw8or58p43u","previousEventId":"7ont7spsz8hq7m5","previousOperationId":"bj8tlif860ycxsb"}
{"type":"log","timestamp":1753192738406,"level":"debug","message":"Skipping storing report.","meta":{"rootId":"7oe5oxdscft3iua","id":"7oe5oxdscft3iua"},"id":"qixtxanwcn2haew","previousOperationId":"bj8tlif860ycxsb"}
{"type":"log","timestamp":1753192738406,"level":"info","message":"Rendering request 7 finished in 112 ms","meta":{"rootId":"7oe5oxdscft3iua","id":"7oe5oxdscft3iua"},"id":"ieypv1u9smw7cm6","previousOperationId":"bj8tlif860ycxsb"}
{"type":"operationEnd","subtype":"render","operationId":"wtxfsu46chdjm92","timestamp":1753192738406,"id":"tri8lpel8mc9jj0","previousEventId":"319lmw8or58p43u","previousOperationId":"bj8tlif860ycxsb"}
{"type":"operationEnd","doDiffs":false,"previousEventId":"sqtkoiaxnqn1l79","previousOperationId":"l7jnd1bh195lq3i","operationId":"l7jnd1bh195lq3i","timestamp":1753192738407,"id":"0ub3b24c5xibb3o"}
