{"type":"operationStart","subtype":"profile","data":{"_id":"W8ERKEwH1TVfSofs","timestamp":"2025-07-22T13:17:26.440Z","state":"queued","mode":"standard","creationDate":"2025-07-22T13:17:26.441Z","modificationDate":"2025-07-22T13:17:26.441Z","shortid":"EcIghP1","$entitySet":"profiles"},"doDiffs":false,"timestamp":1753190246441,"id":"f5mwu0u8u44nv3s","previousOperationId":null,"operationId":"sdgcwoa9uibr49o"}
{"type":"log","level":"info","message":"Render request 5 queued for execution and waiting for available worker","previousOperationId":"sdgcwoa9uibr49o","timestamp":1753190246441,"id":"w279gj00cwga56c"}
{"type":"operationStart","subtype":"render","name":"report-1","previousOperationId":"sdgcwoa9uibr49o","timestamp":1753190246443,"id":"pqfbb7wq5fmw88w","previousEventId":"f5mwu0u8u44nv3s","operationId":"j9q0ixs39uetzn4"}
{"type":"log","timestamp":1753190246444,"level":"info","message":"Starting rendering request 5","meta":{"rootId":"a7aiktpj7gs0xut","id":"a7aiktpj7gs0xut"},"id":"dgldmfei6wwpdrk","previousOperationId":"j9q0ixs39uetzn4"}
{"type":"log","timestamp":1753190246444,"level":"info","message":"Rendering template { name: report-1, recipe: chrome-pdf, engine: jsrender, preview: false }","meta":{"rootId":"a7aiktpj7gs0xut","id":"a7aiktpj7gs0xut"},"id":"qqd1y0gclvnnx9b","previousOperationId":"j9q0ixs39uetzn4"}
{"type":"log","timestamp":1753190246444,"level":"debug","message":"Inline data specified.","meta":{"rootId":"a7aiktpj7gs0xut","id":"a7aiktpj7gs0xut"},"id":"6zckmzyvgwyrdfc","previousOperationId":"j9q0ixs39uetzn4"}
{"type":"log","timestamp":1753190246445,"level":"debug","message":"Base url not specified, skipping its injection.","meta":{"rootId":"a7aiktpj7gs0xut","id":"a7aiktpj7gs0xut"},"id":"8t41b1l8kjuuqxa","previousOperationId":"j9q0ixs39uetzn4"}
{"type":"operationStart","subtype":"engine","name":"jsrender","timestamp":1753190246445,"id":"nwd7ypjzhgcx1io","previousEventId":"pqfbb7wq5fmw88w","operationId":"t92wv06bdsph1nb","previousOperationId":"j9q0ixs39uetzn4"}
{"type":"log","timestamp":1753190246445,"level":"debug","message":"Rendering engine jsrender","meta":{"rootId":"a7aiktpj7gs0xut","id":"a7aiktpj7gs0xut"},"id":"rc3br77brc284zm","previousOperationId":"t92wv06bdsph1nb"}
{"type":"operationEnd","operationId":"t92wv06bdsph1nb","timestamp":1753190246450,"id":"8rdojkgrwc36sya","previousEventId":"nwd7ypjzhgcx1io","previousOperationId":"t92wv06bdsph1nb"}
{"type":"operationStart","subtype":"recipe","name":"chrome-pdf","timestamp":1753190246450,"id":"2kw0dmvhmib94l3","previousEventId":"8rdojkgrwc36sya","operationId":"nq86muji506vn5u","previousOperationId":"t92wv06bdsph1nb"}
{"type":"log","timestamp":1753190246450,"level":"debug","message":"Executing recipe chrome-pdf","meta":{"rootId":"a7aiktpj7gs0xut","id":"a7aiktpj7gs0xut"},"id":"k3muo5j3a1zv97l","previousOperationId":"nq86muji506vn5u"}
{"type":"log","timestamp":1753190246451,"level":"debug","message":"Converting with chrome Chrome/136.0.7103.49 using chrome-pool strategy","meta":{"rootId":"a7aiktpj7gs0xut","id":"a7aiktpj7gs0xut"},"id":"jwpx0rh7zlsay0y","previousOperationId":"nq86muji506vn5u"}
{"type":"log","timestamp":1753190246472,"level":"debug","message":"Page request: GET (document) file:///tmp/jsreport/autocleanup/52834880-81e5-4c8c-9180-e74656331e62-chrome-pdf.html","meta":{"rootId":"a7aiktpj7gs0xut","id":"a7aiktpj7gs0xut"},"id":"ewv2xgzpjpgeg1w","previousOperationId":"nq86muji506vn5u"}
{"type":"log","timestamp":1753190246481,"level":"debug","message":"Page request finished: GET (document) 200 file:///tmp/jsreport/autocleanup/52834880-81e5-4c8c-9180-e74656331e62-chrome-pdf.html","meta":{"rootId":"a7aiktpj7gs0xut","id":"a7aiktpj7gs0xut"},"id":"x6kosaaaaemzzyt","previousOperationId":"nq86muji506vn5u"}
{"type":"log","timestamp":1753190246482,"level":"debug","message":"Page request: GET (image) https://playback.studio/logo.png","meta":{"rootId":"a7aiktpj7gs0xut","id":"a7aiktpj7gs0xut"},"id":"2jwzt784m7iwq8h","previousOperationId":"nq86muji506vn5u"}
{"type":"log","timestamp":1753190246484,"level":"warn","message":"Page request failed: GET (image) 301 https://playback.studio/logo.png (redirect to: https://www.playback.studio/logo.png)","meta":{"rootId":"a7aiktpj7gs0xut","id":"a7aiktpj7gs0xut"},"id":"mxbz13zfg0yjg32","previousOperationId":"nq86muji506vn5u"}
{"type":"log","timestamp":1753190246484,"level":"debug","message":"Page request: GET (image) https://www.playback.studio/logo.png (redirect from: https://playback.studio/logo.png)","meta":{"rootId":"a7aiktpj7gs0xut","id":"a7aiktpj7gs0xut"},"id":"5ifkf93ngjhod9l","previousOperationId":"nq86muji506vn5u"}
{"type":"log","timestamp":1753190246998,"level":"warn","message":"Page request failed: GET (image) https://www.playback.studio/logo.png, failure: net::ERR_BLOCKED_BY_ORB","meta":{"rootId":"a7aiktpj7gs0xut","id":"a7aiktpj7gs0xut"},"id":"p5vekgo0zox19f6","previousOperationId":"nq86muji506vn5u"}
{"type":"log","timestamp":1753190246999,"level":"debug","message":"Running chrome with params {\"printBackground\":true,\"timeout\":59989,\"margin\":{}}","meta":{"rootId":"a7aiktpj7gs0xut","id":"a7aiktpj7gs0xut"},"id":"1hb94nyzesanszp","previousOperationId":"nq86muji506vn5u"}
{"type":"operationEnd","operationId":"nq86muji506vn5u","timestamp":1753190247090,"id":"6n7sw1ijtpb909h","previousEventId":"2kw0dmvhmib94l3","previousOperationId":"nq86muji506vn5u"}
{"type":"log","timestamp":1753190247090,"level":"debug","message":"Skipping storing report.","meta":{"rootId":"a7aiktpj7gs0xut","id":"a7aiktpj7gs0xut"},"id":"ku87ssrbb9ilqzb","previousOperationId":"nq86muji506vn5u"}
{"type":"log","timestamp":1753190247090,"level":"info","message":"Rendering request 5 finished in 650 ms","meta":{"rootId":"a7aiktpj7gs0xut","id":"a7aiktpj7gs0xut"},"id":"9b7iywme2kol27r","previousOperationId":"nq86muji506vn5u"}
{"type":"operationEnd","subtype":"render","operationId":"j9q0ixs39uetzn4","timestamp":1753190247090,"id":"imksj2pa1jo306q","previousEventId":"6n7sw1ijtpb909h","previousOperationId":"nq86muji506vn5u"}
{"type":"operationEnd","doDiffs":false,"previousEventId":"f5mwu0u8u44nv3s","previousOperationId":"sdgcwoa9uibr49o","operationId":"sdgcwoa9uibr49o","timestamp":1753190247092,"id":"k0w7un08e8sn97y"}
