{"type":"operationStart","subtype":"profile","data":{"_id":"JkNsTATek1lRzTdw","timestamp":"2025-07-22T14:08:11.495Z","state":"queued","mode":"standard","creationDate":"2025-07-22T14:08:11.495Z","modificationDate":"2025-07-22T14:08:11.495Z","shortid":"EF4TBUN","$entitySet":"profiles"},"doDiffs":false,"timestamp":1753193291495,"id":"zddmsc2nfmcato4","previousOperationId":null,"operationId":"2zpg8h64sw5kmgn"}
{"type":"log","level":"info","message":"Render request 11 queued for execution and waiting for available worker","previousOperationId":"2zpg8h64sw5kmgn","timestamp":1753193291495,"id":"gvplmmwkpyxoelz"}
{"type":"operationStart","subtype":"render","name":"report-1","previousOperationId":"2zpg8h64sw5kmgn","timestamp":1753193291507,"id":"0ewam4qked97hu3","previousEventId":"zddmsc2nfmcato4","operationId":"8bua18mm9lm9arv"}
{"type":"log","timestamp":1753193291507,"level":"info","message":"Starting rendering request 11","meta":{"rootId":"fjfgh0hz4np6r45","id":"fjfgh0hz4np6r45"},"id":"2w3jw0np9ft3pql","previousOperationId":"8bua18mm9lm9arv"}
{"type":"log","timestamp":1753193291507,"level":"info","message":"Rendering template { name: report-1, recipe: chrome-pdf, engine: jsrender, preview: false }","meta":{"rootId":"fjfgh0hz4np6r45","id":"fjfgh0hz4np6r45"},"id":"vu2abbgls9tgb0b","previousOperationId":"8bua18mm9lm9arv"}
{"type":"log","timestamp":1753193291507,"level":"debug","message":"Inline data specified.","meta":{"rootId":"fjfgh0hz4np6r45","id":"fjfgh0hz4np6r45"},"id":"0a17lx6va2sio6h","previousOperationId":"8bua18mm9lm9arv"}
{"type":"log","timestamp":1753193291508,"level":"debug","message":"Base url not specified, skipping its injection.","meta":{"rootId":"fjfgh0hz4np6r45","id":"fjfgh0hz4np6r45"},"id":"huoli1pyg8e5qtp","previousOperationId":"8bua18mm9lm9arv"}
{"type":"operationStart","subtype":"engine","name":"jsrender","timestamp":1753193291508,"id":"9ek7l38cjsjip4z","previousEventId":"0ewam4qked97hu3","operationId":"pmb8jxmrsjowkfs","previousOperationId":"8bua18mm9lm9arv"}
{"type":"log","timestamp":1753193291508,"level":"debug","message":"Rendering engine jsrender","meta":{"rootId":"fjfgh0hz4np6r45","id":"fjfgh0hz4np6r45"},"id":"oo394f2xzl662r8","previousOperationId":"pmb8jxmrsjowkfs"}
{"type":"operationEnd","operationId":"pmb8jxmrsjowkfs","timestamp":1753193291511,"id":"isrxctq3yi5f22v","previousEventId":"9ek7l38cjsjip4z","previousOperationId":"pmb8jxmrsjowkfs"}
{"type":"operationStart","subtype":"recipe","name":"chrome-pdf","timestamp":1753193291511,"id":"ka0x603sryu0pvw","previousEventId":"isrxctq3yi5f22v","operationId":"woplaag86l1f4t4","previousOperationId":"pmb8jxmrsjowkfs"}
{"type":"log","timestamp":1753193291511,"level":"debug","message":"Executing recipe chrome-pdf","meta":{"rootId":"fjfgh0hz4np6r45","id":"fjfgh0hz4np6r45"},"id":"ol4ytz1mms0onsi","previousOperationId":"woplaag86l1f4t4"}
{"type":"log","timestamp":1753193291513,"level":"debug","message":"Converting with chrome Chrome/136.0.7103.49 using chrome-pool strategy","meta":{"rootId":"fjfgh0hz4np6r45","id":"fjfgh0hz4np6r45"},"id":"r3znwjhuh2y5f5e","previousOperationId":"woplaag86l1f4t4"}
{"type":"log","timestamp":1753193291529,"level":"debug","message":"Page request: GET (document) file:///tmp/jsreport/autocleanup/da830bff-4862-4251-8299-de83489a79fe-chrome-pdf.html","meta":{"rootId":"fjfgh0hz4np6r45","id":"fjfgh0hz4np6r45"},"id":"k0tuyjyggst2pob","previousOperationId":"woplaag86l1f4t4"}
{"type":"log","timestamp":1753193291534,"level":"debug","message":"Page request finished: GET (document) 200 file:///tmp/jsreport/autocleanup/da830bff-4862-4251-8299-de83489a79fe-chrome-pdf.html","meta":{"rootId":"fjfgh0hz4np6r45","id":"fjfgh0hz4np6r45"},"id":"ytayqf37o9nuudc","previousOperationId":"woplaag86l1f4t4"}
{"type":"log","timestamp":1753193291537,"level":"debug","message":"Running chrome with params {\"printBackground\":true,\"timeout\":59982,\"margin\":{}}","meta":{"rootId":"fjfgh0hz4np6r45","id":"fjfgh0hz4np6r45"},"id":"1cwhe2g9g811hp8","previousOperationId":"woplaag86l1f4t4"}
{"type":"operationEnd","operationId":"woplaag86l1f4t4","timestamp":1753193291607,"id":"qxx8jd607dj0cii","previousEventId":"ka0x603sryu0pvw","previousOperationId":"woplaag86l1f4t4"}
{"type":"log","timestamp":1753193291607,"level":"debug","message":"Skipping storing report.","meta":{"rootId":"fjfgh0hz4np6r45","id":"fjfgh0hz4np6r45"},"id":"g4m4cerwpcivwlt","previousOperationId":"woplaag86l1f4t4"}
{"type":"log","timestamp":1753193291607,"level":"info","message":"Rendering request 11 finished in 113 ms","meta":{"rootId":"fjfgh0hz4np6r45","id":"fjfgh0hz4np6r45"},"id":"ze8r62xzkh3ejnj","previousOperationId":"woplaag86l1f4t4"}
{"type":"operationEnd","subtype":"render","operationId":"8bua18mm9lm9arv","timestamp":1753193291607,"id":"txu28yxsngeuq0f","previousEventId":"qxx8jd607dj0cii","previousOperationId":"woplaag86l1f4t4"}
{"type":"operationEnd","doDiffs":false,"previousEventId":"zddmsc2nfmcato4","previousOperationId":"2zpg8h64sw5kmgn","operationId":"2zpg8h64sw5kmgn","timestamp":1753193291608,"id":"q0pp083yscfyjyr"}
