{"type":"operationStart","subtype":"profile","data":{"_id":"9sLvWJ6AVzhw3zkR","timestamp":"2025-07-28T22:41:06.702Z","state":"queued","mode":"standard","creationDate":"2025-07-28T22:41:06.704Z","modificationDate":"2025-07-28T22:41:06.704Z","shortid":"bP0K9iI","$entitySet":"profiles"},"doDiffs":false,"timestamp":1753742466703,"id":"att16qa78zs71np","previousOperationId":null,"operationId":"tn7uxp7m8tjyhds"}
{"type":"log","level":"info","message":"Render request 1 queued for execution and waiting for available worker","previousOperationId":"tn7uxp7m8tjyhds","timestamp":1753742466703,"id":"ijwgpwd2b7z3kv6"}
{"type":"operationStart","subtype":"render","name":"report-1","previousOperationId":"tn7uxp7m8tjyhds","timestamp":1753742466719,"id":"7ca8mx8eq9xzuht","previousEventId":"att16qa78zs71np","operationId":"5ephey9jf0ispiu"}
{"type":"log","timestamp":1753742466719,"level":"info","message":"Starting rendering request 1","meta":{"rootId":"gqkgb4y5fk7kwks","id":"gqkgb4y5fk7kwks"},"id":"zzk2679fz4riuoe","previousOperationId":"5ephey9jf0ispiu"}
{"type":"log","timestamp":1753742466720,"level":"info","message":"Rendering template { name: report-1, recipe: chrome-pdf, engine: jsrender, preview: false }","meta":{"rootId":"gqkgb4y5fk7kwks","id":"gqkgb4y5fk7kwks"},"id":"muke2bhhxlo3fdd","previousOperationId":"5ephey9jf0ispiu"}
{"type":"log","timestamp":1753742466721,"level":"debug","message":"Inline data specified.","meta":{"rootId":"gqkgb4y5fk7kwks","id":"gqkgb4y5fk7kwks"},"id":"sxluaxw2fz8639g","previousOperationId":"5ephey9jf0ispiu"}
{"type":"log","timestamp":1753742466723,"level":"debug","message":"Base url not specified, skipping its injection.","meta":{"rootId":"gqkgb4y5fk7kwks","id":"gqkgb4y5fk7kwks"},"id":"jaoyboq4sh9jmj2","previousOperationId":"5ephey9jf0ispiu"}
{"type":"operationStart","subtype":"engine","name":"jsrender","timestamp":1753742466724,"id":"5h8xiryq53p7vjz","previousEventId":"7ca8mx8eq9xzuht","operationId":"ftdlstlyac2q5l7","previousOperationId":"5ephey9jf0ispiu"}
{"type":"log","timestamp":1753742466724,"level":"debug","message":"Rendering engine jsrender","meta":{"rootId":"gqkgb4y5fk7kwks","id":"gqkgb4y5fk7kwks"},"id":"3hnbk65zu60zpuz","previousOperationId":"ftdlstlyac2q5l7"}
{"type":"operationEnd","operationId":"ftdlstlyac2q5l7","timestamp":1753742466946,"id":"iwsgjmxsnbr43p4","previousEventId":"5h8xiryq53p7vjz","previousOperationId":"ftdlstlyac2q5l7"}
{"type":"operationStart","subtype":"recipe","name":"chrome-pdf","timestamp":1753742466946,"id":"wfwptb4qi534fpp","previousEventId":"iwsgjmxsnbr43p4","operationId":"4w6ctaqo423x332","previousOperationId":"ftdlstlyac2q5l7"}
{"type":"log","timestamp":1753742466946,"level":"debug","message":"Executing recipe chrome-pdf","meta":{"rootId":"gqkgb4y5fk7kwks","id":"gqkgb4y5fk7kwks"},"id":"bay65rkcqj42j74","previousOperationId":"4w6ctaqo423x332"}
{"type":"log","timestamp":1753742467391,"level":"debug","message":"Converting with chrome Chrome/136.0.7103.49 using chrome-pool strategy","meta":{"rootId":"gqkgb4y5fk7kwks","id":"gqkgb4y5fk7kwks"},"id":"7cg3rhbs57sbeu7","previousOperationId":"4w6ctaqo423x332"}
{"type":"log","timestamp":1753742467428,"level":"debug","message":"Page request: GET (document) file:///tmp/jsreport/autocleanup/507cb6b6-221a-44fd-9914-c289216d3c6a-chrome-pdf.html","meta":{"rootId":"gqkgb4y5fk7kwks","id":"gqkgb4y5fk7kwks"},"id":"8fvplla915sxpgw","previousOperationId":"4w6ctaqo423x332"}
{"type":"log","timestamp":1753742467440,"level":"debug","message":"Page request finished: GET (document) 200 file:///tmp/jsreport/autocleanup/507cb6b6-221a-44fd-9914-c289216d3c6a-chrome-pdf.html","meta":{"rootId":"gqkgb4y5fk7kwks","id":"gqkgb4y5fk7kwks"},"id":"n00dxthurjk7ggh","previousOperationId":"4w6ctaqo423x332"}
{"type":"log","timestamp":1753742467450,"level":"debug","message":"Running chrome with params {\"printBackground\":true,\"timeout\":59753,\"margin\":{}}","meta":{"rootId":"gqkgb4y5fk7kwks","id":"gqkgb4y5fk7kwks"},"id":"g1a98jfvjc9ltsl","previousOperationId":"4w6ctaqo423x332"}
{"type":"operationEnd","operationId":"4w6ctaqo423x332","timestamp":1753742467537,"id":"hlcyl2yh1flt2zf","previousEventId":"wfwptb4qi534fpp","previousOperationId":"4w6ctaqo423x332"}
{"type":"log","timestamp":1753742467537,"level":"debug","message":"Skipping storing report.","meta":{"rootId":"gqkgb4y5fk7kwks","id":"gqkgb4y5fk7kwks"},"id":"k9h2tgwgb1fzhdd","previousOperationId":"4w6ctaqo423x332"}
{"type":"log","timestamp":1753742467538,"level":"info","message":"Rendering request 1 finished in 835 ms","meta":{"rootId":"gqkgb4y5fk7kwks","id":"gqkgb4y5fk7kwks"},"id":"u8fpm438j93qs62","previousOperationId":"4w6ctaqo423x332"}
{"type":"operationEnd","subtype":"render","operationId":"5ephey9jf0ispiu","timestamp":1753742467538,"id":"r25lmmmrdd4zitp","previousEventId":"hlcyl2yh1flt2zf","previousOperationId":"4w6ctaqo423x332"}
{"type":"operationEnd","doDiffs":false,"previousEventId":"att16qa78zs71np","previousOperationId":"tn7uxp7m8tjyhds","operationId":"tn7uxp7m8tjyhds","timestamp":1753742467540,"id":"75lshwyuc15mn6f"}
