{"type":"operationStart","subtype":"profile","data":{"_id":"MHFmZmg8lKdv9dD3","timestamp":"2025-07-22T14:02:06.883Z","state":"queued","mode":"standard","creationDate":"2025-07-22T14:02:06.883Z","modificationDate":"2025-07-22T14:02:06.883Z","shortid":"TyFB_Wy","$entitySet":"profiles"},"doDiffs":false,"timestamp":1753192926883,"id":"csr13k1qkuq1u7q","previousOperationId":null,"operationId":"umbc40pdrgou3hl"}
{"type":"log","level":"info","message":"Render request 8 queued for execution and waiting for available worker","previousOperationId":"umbc40pdrgou3hl","timestamp":1753192926883,"id":"ijlr17ebxxk4x6o"}
{"type":"operationStart","subtype":"render","name":"report-1","previousOperationId":"umbc40pdrgou3hl","timestamp":1753192926886,"id":"ivz3xfge2qo5rd8","previousEventId":"csr13k1qkuq1u7q","operationId":"xsfy4c70r56svdv"}
{"type":"log","timestamp":1753192926887,"level":"info","message":"Starting rendering request 8","meta":{"rootId":"p0xn67rqc3wcj3p","id":"p0xn67rqc3wcj3p"},"id":"rr8caz68x95t791","previousOperationId":"xsfy4c70r56svdv"}
{"type":"log","timestamp":1753192926887,"level":"info","message":"Rendering template { name: report-1, recipe: chrome-pdf, engine: jsrender, preview: false }","meta":{"rootId":"p0xn67rqc3wcj3p","id":"p0xn67rqc3wcj3p"},"id":"kazcbrszxu29wwk","previousOperationId":"xsfy4c70r56svdv"}
{"type":"log","timestamp":1753192926887,"level":"debug","message":"Inline data specified.","meta":{"rootId":"p0xn67rqc3wcj3p","id":"p0xn67rqc3wcj3p"},"id":"e1no97spuwgkrh8","previousOperationId":"xsfy4c70r56svdv"}
{"type":"log","timestamp":1753192926887,"level":"debug","message":"Base url not specified, skipping its injection.","meta":{"rootId":"p0xn67rqc3wcj3p","id":"p0xn67rqc3wcj3p"},"id":"iebhhkcenp0k18z","previousOperationId":"xsfy4c70r56svdv"}
{"type":"operationStart","subtype":"engine","name":"jsrender","timestamp":1753192926887,"id":"1i6kh7j2ajae0oc","previousEventId":"ivz3xfge2qo5rd8","operationId":"h5wmbxfkdh1nqzj","previousOperationId":"xsfy4c70r56svdv"}
{"type":"log","timestamp":1753192926887,"level":"debug","message":"Rendering engine jsrender","meta":{"rootId":"p0xn67rqc3wcj3p","id":"p0xn67rqc3wcj3p"},"id":"bi9kjko8qk2qs28","previousOperationId":"h5wmbxfkdh1nqzj"}
{"type":"operationEnd","operationId":"h5wmbxfkdh1nqzj","timestamp":1753192926892,"id":"evoqigig6id5wxh","previousEventId":"1i6kh7j2ajae0oc","previousOperationId":"h5wmbxfkdh1nqzj"}
{"type":"operationStart","subtype":"recipe","name":"chrome-pdf","timestamp":1753192926892,"id":"ldll3zf97xcxb2g","previousEventId":"evoqigig6id5wxh","operationId":"3pjz4ns8y9h6e22","previousOperationId":"h5wmbxfkdh1nqzj"}
{"type":"log","timestamp":1753192926892,"level":"debug","message":"Executing recipe chrome-pdf","meta":{"rootId":"p0xn67rqc3wcj3p","id":"p0xn67rqc3wcj3p"},"id":"2wlm0awhw0ki76l","previousOperationId":"3pjz4ns8y9h6e22"}
{"type":"log","timestamp":1753192926894,"level":"debug","message":"Converting with chrome Chrome/136.0.7103.49 using chrome-pool strategy","meta":{"rootId":"p0xn67rqc3wcj3p","id":"p0xn67rqc3wcj3p"},"id":"sj8lxy87b0pobuv","previousOperationId":"3pjz4ns8y9h6e22"}
{"type":"log","timestamp":1753192926911,"level":"debug","message":"Page request: GET (document) file:///tmp/jsreport/autocleanup/cabaf904-715f-4d75-9073-4a7345ac2882-chrome-pdf.html","meta":{"rootId":"p0xn67rqc3wcj3p","id":"p0xn67rqc3wcj3p"},"id":"h4ikptl6urisocd","previousOperationId":"3pjz4ns8y9h6e22"}
{"type":"log","timestamp":1753192926919,"level":"debug","message":"Page request finished: GET (document) 200 file:///tmp/jsreport/autocleanup/cabaf904-715f-4d75-9073-4a7345ac2882-chrome-pdf.html","meta":{"rootId":"p0xn67rqc3wcj3p","id":"p0xn67rqc3wcj3p"},"id":"6a8t8i78d1f40s2","previousOperationId":"3pjz4ns8y9h6e22"}
{"type":"log","timestamp":1753192926921,"level":"debug","message":"Running chrome with params {\"printBackground\":true,\"timeout\":59989,\"margin\":{}}","meta":{"rootId":"p0xn67rqc3wcj3p","id":"p0xn67rqc3wcj3p"},"id":"x8tsicsix61x3uw","previousOperationId":"3pjz4ns8y9h6e22"}
{"type":"operationEnd","operationId":"3pjz4ns8y9h6e22","timestamp":1753192926985,"id":"n4n27fclyuw49g2","previousEventId":"ldll3zf97xcxb2g","previousOperationId":"3pjz4ns8y9h6e22"}
{"type":"log","timestamp":1753192926985,"level":"debug","message":"Skipping storing report.","meta":{"rootId":"p0xn67rqc3wcj3p","id":"p0xn67rqc3wcj3p"},"id":"p7dexcgox4rjvvs","previousOperationId":"3pjz4ns8y9h6e22"}
{"type":"log","timestamp":1753192926985,"level":"info","message":"Rendering request 8 finished in 103 ms","meta":{"rootId":"p0xn67rqc3wcj3p","id":"p0xn67rqc3wcj3p"},"id":"adv1j8z9cpizwhs","previousOperationId":"3pjz4ns8y9h6e22"}
{"type":"operationEnd","subtype":"render","operationId":"xsfy4c70r56svdv","timestamp":1753192926985,"id":"yakiey79r0foh64","previousEventId":"n4n27fclyuw49g2","previousOperationId":"3pjz4ns8y9h6e22"}
{"type":"operationEnd","doDiffs":false,"previousEventId":"csr13k1qkuq1u7q","previousOperationId":"umbc40pdrgou3hl","operationId":"umbc40pdrgou3hl","timestamp":1753192926986,"id":"p1rvyu95seo4av7"}
