{"type":"operationStart","subtype":"profile","data":{"_id":"WxWJiFUhxC2gl1Jn","timestamp":"2025-07-22T13:06:46.873Z","state":"queued","mode":"standard","creationDate":"2025-07-22T13:06:46.874Z","modificationDate":"2025-07-22T13:06:46.874Z","shortid":"lT1Aymt","$entitySet":"profiles"},"doDiffs":false,"timestamp":1753189606873,"id":"g8ykdii7jh3lal7","previousOperationId":null,"operationId":"5f6pgu3oopp3787"}
{"type":"log","level":"info","message":"Render request 3 queued for execution and waiting for available worker","previousOperationId":"5f6pgu3oopp3787","timestamp":1753189606873,"id":"7s3fyz9644hjsg0"}
{"type":"operationStart","subtype":"render","name":"report-1","previousOperationId":"5f6pgu3oopp3787","timestamp":1753189606885,"id":"pf6wmpaqv0krwar","previousEventId":"g8ykdii7jh3lal7","operationId":"ff3xsszpjl826on"}
{"type":"log","timestamp":1753189606885,"level":"info","message":"Starting rendering request 3","meta":{"rootId":"p2rucdceqkyc2an","id":"p2rucdceqkyc2an"},"id":"gxvidshi2mtgp61","previousOperationId":"ff3xsszpjl826on"}
{"type":"log","timestamp":1753189606885,"level":"info","message":"Rendering template { name: report-1, recipe: chrome-pdf, engine: jsrender, preview: false }","meta":{"rootId":"p2rucdceqkyc2an","id":"p2rucdceqkyc2an"},"id":"f9oz1jxxyixsoba","previousOperationId":"ff3xsszpjl826on"}
{"type":"log","timestamp":1753189606886,"level":"debug","message":"Inline data specified.","meta":{"rootId":"p2rucdceqkyc2an","id":"p2rucdceqkyc2an"},"id":"lmrdwrrr11ta4ls","previousOperationId":"ff3xsszpjl826on"}
{"type":"log","timestamp":1753189606887,"level":"debug","message":"Base url not specified, skipping its injection.","meta":{"rootId":"p2rucdceqkyc2an","id":"p2rucdceqkyc2an"},"id":"p5xpssy8zvvgn4p","previousOperationId":"ff3xsszpjl826on"}
{"type":"operationStart","subtype":"engine","name":"jsrender","timestamp":1753189606887,"id":"jnicxuruegunfba","previousEventId":"pf6wmpaqv0krwar","operationId":"df792ddq32mgai2","previousOperationId":"ff3xsszpjl826on"}
{"type":"log","timestamp":1753189606887,"level":"debug","message":"Rendering engine jsrender","meta":{"rootId":"p2rucdceqkyc2an","id":"p2rucdceqkyc2an"},"id":"fi73z9s2mkikoku","previousOperationId":"df792ddq32mgai2"}
{"type":"operationEnd","operationId":"df792ddq32mgai2","timestamp":1753189606896,"id":"x0mlfq735w3pk34","previousEventId":"jnicxuruegunfba","previousOperationId":"df792ddq32mgai2"}
{"type":"operationStart","subtype":"recipe","name":"chrome-pdf","timestamp":1753189606897,"id":"7naawabwus5a2mt","previousEventId":"x0mlfq735w3pk34","operationId":"unqknd9zmjfk495","previousOperationId":"df792ddq32mgai2"}
{"type":"log","timestamp":1753189606897,"level":"debug","message":"Executing recipe chrome-pdf","meta":{"rootId":"p2rucdceqkyc2an","id":"p2rucdceqkyc2an"},"id":"smiqoey2fh2rakl","previousOperationId":"unqknd9zmjfk495"}
{"type":"log","timestamp":1753189607104,"level":"debug","message":"Converting with chrome Chrome/136.0.7103.49 using chrome-pool strategy","meta":{"rootId":"p2rucdceqkyc2an","id":"p2rucdceqkyc2an"},"id":"cd27ix5kuyiaa7z","previousOperationId":"unqknd9zmjfk495"}
{"type":"log","timestamp":1753189607135,"level":"debug","message":"Page request: GET (document) file:///tmp/jsreport/autocleanup/afbda82c-845d-47e2-ba4f-62b471de88fc-chrome-pdf.html","meta":{"rootId":"p2rucdceqkyc2an","id":"p2rucdceqkyc2an"},"id":"kuegbz6opyssps0","previousOperationId":"unqknd9zmjfk495"}
{"type":"log","timestamp":1753189607145,"level":"debug","message":"Page request finished: GET (document) 200 file:///tmp/jsreport/autocleanup/afbda82c-845d-47e2-ba4f-62b471de88fc-chrome-pdf.html","meta":{"rootId":"p2rucdceqkyc2an","id":"p2rucdceqkyc2an"},"id":"0bmqmmiv332g793","previousOperationId":"unqknd9zmjfk495"}
{"type":"log","timestamp":1753189607145,"level":"debug","message":"Page request: GET (image) https://playback.studio/logo.png","meta":{"rootId":"p2rucdceqkyc2an","id":"p2rucdceqkyc2an"},"id":"ny9v7xiyv8ucozh","previousOperationId":"unqknd9zmjfk495"}
{"type":"log","timestamp":1753189607507,"level":"warn","message":"Page request failed: GET (image) 301 https://playback.studio/logo.png (redirect to: https://www.playback.studio/logo.png)","meta":{"rootId":"p2rucdceqkyc2an","id":"p2rucdceqkyc2an"},"id":"mz76e4vy5k9log5","previousOperationId":"unqknd9zmjfk495"}
{"type":"log","timestamp":1753189607507,"level":"debug","message":"Page request: GET (image) https://www.playback.studio/logo.png (redirect from: https://playback.studio/logo.png)","meta":{"rootId":"p2rucdceqkyc2an","id":"p2rucdceqkyc2an"},"id":"3ifovm25cmhepch","previousOperationId":"unqknd9zmjfk495"}
{"type":"log","timestamp":1753189607691,"level":"warn","message":"Page request failed: GET (image) https://www.playback.studio/logo.png, failure: net::ERR_BLOCKED_BY_ORB","meta":{"rootId":"p2rucdceqkyc2an","id":"p2rucdceqkyc2an"},"id":"oidjwo0ig050f92","previousOperationId":"unqknd9zmjfk495"}
{"type":"log","timestamp":1753189607693,"level":"debug","message":"Running chrome with params {\"printBackground\":true,\"timeout\":59974,\"margin\":{}}","meta":{"rootId":"p2rucdceqkyc2an","id":"p2rucdceqkyc2an"},"id":"25la5cjw8cz9cmb","previousOperationId":"unqknd9zmjfk495"}
{"type":"operationEnd","operationId":"unqknd9zmjfk495","timestamp":1753189607767,"id":"7yhbia7tkpx66cg","previousEventId":"7naawabwus5a2mt","previousOperationId":"unqknd9zmjfk495"}
{"type":"log","timestamp":1753189607768,"level":"debug","message":"Skipping storing report.","meta":{"rootId":"p2rucdceqkyc2an","id":"p2rucdceqkyc2an"},"id":"jrbm9b2tudg53bi","previousOperationId":"unqknd9zmjfk495"}
{"type":"log","timestamp":1753189607768,"level":"info","message":"Rendering request 3 finished in 895 ms","meta":{"rootId":"p2rucdceqkyc2an","id":"p2rucdceqkyc2an"},"id":"gj7640l8ft5iuif","previousOperationId":"unqknd9zmjfk495"}
{"type":"operationEnd","subtype":"render","operationId":"ff3xsszpjl826on","timestamp":1753189607768,"id":"pffd0tmtv8lejb3","previousEventId":"7yhbia7tkpx66cg","previousOperationId":"unqknd9zmjfk495"}
{"type":"operationEnd","doDiffs":false,"previousEventId":"g8ykdii7jh3lal7","previousOperationId":"5f6pgu3oopp3787","operationId":"5f6pgu3oopp3787","timestamp":1753189607768,"id":"t45qmscu4il1q5p"}
