{"type":"operationStart","subtype":"profile","data":{"_id":"D06ajS7Tmo0fLxTe","timestamp":"2025-07-22T14:04:15.787Z","state":"queued","mode":"standard","creationDate":"2025-07-22T14:04:15.788Z","modificationDate":"2025-07-22T14:04:15.788Z","shortid":"Hx7TGFq","$entitySet":"profiles"},"doDiffs":false,"timestamp":1753193055788,"id":"amqfb1xrzawv8xw","previousOperationId":null,"operationId":"q3yfnurq6j41xwo"}
{"type":"log","level":"info","message":"Render request 9 queued for execution and waiting for available worker","previousOperationId":"q3yfnurq6j41xwo","timestamp":1753193055788,"id":"hgganyo6os8otu1"}
{"type":"operationStart","subtype":"render","name":"report-1","previousOperationId":"q3yfnurq6j41xwo","timestamp":1753193055791,"id":"53c4yngtoj20dku","previousEventId":"amqfb1xrzawv8xw","operationId":"jb4gvw0ztvczcde"}
{"type":"log","timestamp":1753193055792,"level":"info","message":"Starting rendering request 9","meta":{"rootId":"px3mytn2j8qhzao","id":"px3mytn2j8qhzao"},"id":"ug8svv9ob09dvzh","previousOperationId":"jb4gvw0ztvczcde"}
{"type":"log","timestamp":1753193055792,"level":"info","message":"Rendering template { name: report-1, recipe: chrome-pdf, engine: jsrender, preview: false }","meta":{"rootId":"px3mytn2j8qhzao","id":"px3mytn2j8qhzao"},"id":"w6ulgznpvp1rt9v","previousOperationId":"jb4gvw0ztvczcde"}
{"type":"log","timestamp":1753193055792,"level":"debug","message":"Inline data specified.","meta":{"rootId":"px3mytn2j8qhzao","id":"px3mytn2j8qhzao"},"id":"f0x2s2bu3nv46t2","previousOperationId":"jb4gvw0ztvczcde"}
{"type":"log","timestamp":1753193055793,"level":"debug","message":"Base url not specified, skipping its injection.","meta":{"rootId":"px3mytn2j8qhzao","id":"px3mytn2j8qhzao"},"id":"k42t04yayj98li5","previousOperationId":"jb4gvw0ztvczcde"}
{"type":"operationStart","subtype":"engine","name":"jsrender","timestamp":1753193055793,"id":"swsstsx2uy1lbqa","previousEventId":"53c4yngtoj20dku","operationId":"2l4ju12yyuxgvei","previousOperationId":"jb4gvw0ztvczcde"}
{"type":"log","timestamp":1753193055793,"level":"debug","message":"Rendering engine jsrender","meta":{"rootId":"px3mytn2j8qhzao","id":"px3mytn2j8qhzao"},"id":"6v6j45f8smxuhcx","previousOperationId":"2l4ju12yyuxgvei"}
{"type":"operationEnd","operationId":"2l4ju12yyuxgvei","timestamp":1753193055801,"id":"jjz84spvcchxaus","previousEventId":"swsstsx2uy1lbqa","previousOperationId":"2l4ju12yyuxgvei"}
{"type":"operationStart","subtype":"recipe","name":"chrome-pdf","timestamp":1753193055801,"id":"im760fovjfm9jg7","previousEventId":"jjz84spvcchxaus","operationId":"n74fd7w0nejqtb9","previousOperationId":"2l4ju12yyuxgvei"}
{"type":"log","timestamp":1753193055801,"level":"debug","message":"Executing recipe chrome-pdf","meta":{"rootId":"px3mytn2j8qhzao","id":"px3mytn2j8qhzao"},"id":"2gwqrsiacyyfcux","previousOperationId":"n74fd7w0nejqtb9"}
{"type":"log","timestamp":1753193055805,"level":"debug","message":"Converting with chrome Chrome/136.0.7103.49 using chrome-pool strategy","meta":{"rootId":"px3mytn2j8qhzao","id":"px3mytn2j8qhzao"},"id":"dnusek36cy6wiaa","previousOperationId":"n74fd7w0nejqtb9"}
{"type":"log","timestamp":1753193055829,"level":"debug","message":"Page request: GET (document) file:///tmp/jsreport/autocleanup/0167d321-4824-4a20-b075-0289115db0f0-chrome-pdf.html","meta":{"rootId":"px3mytn2j8qhzao","id":"px3mytn2j8qhzao"},"id":"rhm3ccmmft3m3i7","previousOperationId":"n74fd7w0nejqtb9"}
{"type":"log","timestamp":1753193055839,"level":"debug","message":"Page request finished: GET (document) 200 file:///tmp/jsreport/autocleanup/0167d321-4824-4a20-b075-0289115db0f0-chrome-pdf.html","meta":{"rootId":"px3mytn2j8qhzao","id":"px3mytn2j8qhzao"},"id":"boc7z8j28k69y5e","previousOperationId":"n74fd7w0nejqtb9"}
{"type":"log","timestamp":1753193055842,"level":"debug","message":"Running chrome with params {\"printBackground\":true,\"timeout\":59983,\"margin\":{}}","meta":{"rootId":"px3mytn2j8qhzao","id":"px3mytn2j8qhzao"},"id":"p3ovhx8ymjah4cu","previousOperationId":"n74fd7w0nejqtb9"}
{"type":"operationEnd","operationId":"n74fd7w0nejqtb9","timestamp":1753193055905,"id":"qh1jqgvhv4g3uq8","previousEventId":"im760fovjfm9jg7","previousOperationId":"n74fd7w0nejqtb9"}
{"type":"log","timestamp":1753193055905,"level":"debug","message":"Skipping storing report.","meta":{"rootId":"px3mytn2j8qhzao","id":"px3mytn2j8qhzao"},"id":"qkj8vknf2ryzaz8","previousOperationId":"n74fd7w0nejqtb9"}
{"type":"log","timestamp":1753193055905,"level":"info","message":"Rendering request 9 finished in 118 ms","meta":{"rootId":"px3mytn2j8qhzao","id":"px3mytn2j8qhzao"},"id":"tq5lwgicb5s1wsr","previousOperationId":"n74fd7w0nejqtb9"}
{"type":"operationEnd","subtype":"render","operationId":"jb4gvw0ztvczcde","timestamp":1753193055905,"id":"yzlmke5l3iiouzf","previousEventId":"qh1jqgvhv4g3uq8","previousOperationId":"n74fd7w0nejqtb9"}
{"type":"operationEnd","doDiffs":false,"previousEventId":"amqfb1xrzawv8xw","previousOperationId":"q3yfnurq6j41xwo","operationId":"q3yfnurq6j41xwo","timestamp":1753193055906,"id":"fh6n77fjzqx34wo"}
