{"type":"operationStart","subtype":"profile","data":{"_id":"8bnLYelhxlTb7iqd","timestamp":"2025-07-22T14:06:59.613Z","state":"queued","mode":"standard","creationDate":"2025-07-22T14:06:59.614Z","modificationDate":"2025-07-22T14:06:59.614Z","shortid":"iHPlI0H","$entitySet":"profiles"},"doDiffs":false,"timestamp":1753193219614,"id":"k8dgvdvwnfb3cp3","previousOperationId":null,"operationId":"0dur4ei8w9yx5bq"}
{"type":"log","level":"info","message":"Render request 10 queued for execution and waiting for available worker","previousOperationId":"0dur4ei8w9yx5bq","timestamp":1753193219614,"id":"nfxe8vgrcnic2wr"}
{"type":"operationStart","subtype":"render","name":"report-1","previousOperationId":"0dur4ei8w9yx5bq","timestamp":1753193219628,"id":"8j3f8c0ul5fto9n","previousEventId":"k8dgvdvwnfb3cp3","operationId":"5uf5icw84qus4n0"}
{"type":"log","timestamp":1753193219628,"level":"info","message":"Starting rendering request 10","meta":{"rootId":"zqqrpux6c5xs92m","id":"zqqrpux6c5xs92m"},"id":"5coswhnzcd8kjay","previousOperationId":"5uf5icw84qus4n0"}
{"type":"log","timestamp":1753193219628,"level":"info","message":"Rendering template { name: report-1, recipe: chrome-pdf, engine: jsrender, preview: false }","meta":{"rootId":"zqqrpux6c5xs92m","id":"zqqrpux6c5xs92m"},"id":"a42detl0tvisojw","previousOperationId":"5uf5icw84qus4n0"}
{"type":"log","timestamp":1753193219630,"level":"debug","message":"Inline data specified.","meta":{"rootId":"zqqrpux6c5xs92m","id":"zqqrpux6c5xs92m"},"id":"hsyoq2abjel8iag","previousOperationId":"5uf5icw84qus4n0"}
{"type":"log","timestamp":1753193219633,"level":"debug","message":"Base url not specified, skipping its injection.","meta":{"rootId":"zqqrpux6c5xs92m","id":"zqqrpux6c5xs92m"},"id":"6vpnnfwyd9o96ad","previousOperationId":"5uf5icw84qus4n0"}
{"type":"operationStart","subtype":"engine","name":"jsrender","timestamp":1753193219633,"id":"9jdevx6azola15g","previousEventId":"8j3f8c0ul5fto9n","operationId":"ozdcgpn1ekmnedl","previousOperationId":"5uf5icw84qus4n0"}
{"type":"log","timestamp":1753193219633,"level":"debug","message":"Rendering engine jsrender","meta":{"rootId":"zqqrpux6c5xs92m","id":"zqqrpux6c5xs92m"},"id":"g61u44tdzk8x2j1","previousOperationId":"ozdcgpn1ekmnedl"}
{"type":"operationEnd","operationId":"ozdcgpn1ekmnedl","timestamp":1753193219637,"id":"dcy3b3xn1jombwz","previousEventId":"9jdevx6azola15g","previousOperationId":"ozdcgpn1ekmnedl"}
{"type":"operationStart","subtype":"recipe","name":"chrome-pdf","timestamp":1753193219638,"id":"xa3eaf4m6w9kqsb","previousEventId":"dcy3b3xn1jombwz","operationId":"te4xhov264v57bg","previousOperationId":"ozdcgpn1ekmnedl"}
{"type":"log","timestamp":1753193219638,"level":"debug","message":"Executing recipe chrome-pdf","meta":{"rootId":"zqqrpux6c5xs92m","id":"zqqrpux6c5xs92m"},"id":"4g7q1dqenfjyvv8","previousOperationId":"te4xhov264v57bg"}
{"type":"log","timestamp":1753193219639,"level":"debug","message":"Converting with chrome Chrome/136.0.7103.49 using chrome-pool strategy","meta":{"rootId":"zqqrpux6c5xs92m","id":"zqqrpux6c5xs92m"},"id":"h4f03pjq8z48s2k","previousOperationId":"te4xhov264v57bg"}
{"type":"log","timestamp":1753193219663,"level":"debug","message":"Page request: GET (document) file:///tmp/jsreport/autocleanup/d97d55ee-0504-47ed-a935-6b4f31a54f9f-chrome-pdf.html","meta":{"rootId":"zqqrpux6c5xs92m","id":"zqqrpux6c5xs92m"},"id":"eplxmikkrm0chhd","previousOperationId":"te4xhov264v57bg"}
{"type":"log","timestamp":1753193219670,"level":"debug","message":"Page request finished: GET (document) 200 file:///tmp/jsreport/autocleanup/d97d55ee-0504-47ed-a935-6b4f31a54f9f-chrome-pdf.html","meta":{"rootId":"zqqrpux6c5xs92m","id":"zqqrpux6c5xs92m"},"id":"bjybi7yr0mxcimp","previousOperationId":"te4xhov264v57bg"}
{"type":"log","timestamp":1753193219672,"level":"debug","message":"Running chrome with params {\"printBackground\":true,\"timeout\":59975,\"margin\":{}}","meta":{"rootId":"zqqrpux6c5xs92m","id":"zqqrpux6c5xs92m"},"id":"9i46awdfb6xh08x","previousOperationId":"te4xhov264v57bg"}
{"type":"operationEnd","operationId":"te4xhov264v57bg","timestamp":1753193219736,"id":"l9ucwxtcd962lgr","previousEventId":"xa3eaf4m6w9kqsb","previousOperationId":"te4xhov264v57bg"}
{"type":"log","timestamp":1753193219736,"level":"debug","message":"Skipping storing report.","meta":{"rootId":"zqqrpux6c5xs92m","id":"zqqrpux6c5xs92m"},"id":"23gcyh3iqn0q95e","previousOperationId":"te4xhov264v57bg"}
{"type":"log","timestamp":1753193219736,"level":"info","message":"Rendering request 10 finished in 123 ms","meta":{"rootId":"zqqrpux6c5xs92m","id":"zqqrpux6c5xs92m"},"id":"w8tzv35a39iwbry","previousOperationId":"te4xhov264v57bg"}
{"type":"operationEnd","subtype":"render","operationId":"5uf5icw84qus4n0","timestamp":1753193219736,"id":"qg3p9wooi9n9fjx","previousEventId":"l9ucwxtcd962lgr","previousOperationId":"te4xhov264v57bg"}
{"type":"operationEnd","doDiffs":false,"previousEventId":"k8dgvdvwnfb3cp3","previousOperationId":"0dur4ei8w9yx5bq","operationId":"0dur4ei8w9yx5bq","timestamp":1753193219737,"id":"urp55o09aehx796"}
