{"type":"operationStart","subtype":"profile","data":{"_id":"lz8bHwAAdr3gEOEg","timestamp":"2025-07-28T22:50:51.703Z","state":"queued","mode":"standard","creationDate":"2025-07-28T22:50:51.704Z","modificationDate":"2025-07-28T22:50:51.704Z","shortid":"1zRR6R0","$entitySet":"profiles"},"doDiffs":false,"timestamp":1753743051703,"id":"b3ace67l58tpwfv","previousOperationId":null,"operationId":"6d9j6e4er0j0fbm"}
{"type":"log","level":"info","message":"Render request 6 queued for execution and waiting for available worker","previousOperationId":"6d9j6e4er0j0fbm","timestamp":1753743051703,"id":"ve5ev87cfjpvdqb"}
{"type":"operationStart","subtype":"render","name":"report-collaborators","previousOperationId":"6d9j6e4er0j0fbm","timestamp":1753743051710,"id":"61dlo2yguza8b3y","previousEventId":"b3ace67l58tpwfv","operationId":"o8umgr7xr9r8tbo"}
{"type":"log","timestamp":1753743051710,"level":"info","message":"Starting rendering request 6","meta":{"rootId":"04y6xd0c196nf14","id":"04y6xd0c196nf14"},"id":"lq3qfanoxjtu7uz","previousOperationId":"o8umgr7xr9r8tbo"}
{"type":"log","timestamp":1753743051711,"level":"info","message":"Rendering template { name: report-collaborators, recipe: chrome-pdf, engine: jsrender, preview: false }","meta":{"rootId":"04y6xd0c196nf14","id":"04y6xd0c196nf14"},"id":"qvdlwa2so5yjxgf","previousOperationId":"o8umgr7xr9r8tbo"}
{"type":"log","timestamp":1753743051712,"level":"debug","message":"Inline data specified.","meta":{"rootId":"04y6xd0c196nf14","id":"04y6xd0c196nf14"},"id":"x9ddj4gzlmmij4w","previousOperationId":"o8umgr7xr9r8tbo"}
{"type":"log","timestamp":1753743051715,"level":"debug","message":"Base url not specified, skipping its injection.","meta":{"rootId":"04y6xd0c196nf14","id":"04y6xd0c196nf14"},"id":"4a7xfryqzoftfli","previousOperationId":"o8umgr7xr9r8tbo"}
{"type":"operationStart","subtype":"engine","name":"jsrender","timestamp":1753743051715,"id":"wri20b6selor0qi","previousEventId":"61dlo2yguza8b3y","operationId":"nxpmuwght8djfai","previousOperationId":"o8umgr7xr9r8tbo"}
{"type":"log","timestamp":1753743051715,"level":"debug","message":"Rendering engine jsrender","meta":{"rootId":"04y6xd0c196nf14","id":"04y6xd0c196nf14"},"id":"9g60o5uw4l7ohyb","previousOperationId":"nxpmuwght8djfai"}
{"type":"operationEnd","operationId":"nxpmuwght8djfai","timestamp":1753743051724,"id":"ro9xc51bxcjyuzs","previousEventId":"wri20b6selor0qi","previousOperationId":"nxpmuwght8djfai"}
{"type":"operationStart","subtype":"recipe","name":"chrome-pdf","timestamp":1753743051724,"id":"013caqhfrm6ibf8","previousEventId":"ro9xc51bxcjyuzs","operationId":"53q0mvv06435oea","previousOperationId":"nxpmuwght8djfai"}
{"type":"log","timestamp":1753743051724,"level":"debug","message":"Executing recipe chrome-pdf","meta":{"rootId":"04y6xd0c196nf14","id":"04y6xd0c196nf14"},"id":"nzhwhf8xjidc2z0","previousOperationId":"53q0mvv06435oea"}
{"type":"log","timestamp":1753743051725,"level":"debug","message":"Converting with chrome Chrome/136.0.7103.49 using chrome-pool strategy","meta":{"rootId":"04y6xd0c196nf14","id":"04y6xd0c196nf14"},"id":"v3aq25u3xbuk2i4","previousOperationId":"53q0mvv06435oea"}
{"type":"log","timestamp":1753743051751,"level":"debug","message":"Page request: GET (document) file:///tmp/jsreport/autocleanup/dc12de0f-ee20-4b8b-b718-6c6a79b2598c-chrome-pdf.html","meta":{"rootId":"04y6xd0c196nf14","id":"04y6xd0c196nf14"},"id":"ct2761unsxlxs12","previousOperationId":"53q0mvv06435oea"}
{"type":"log","timestamp":1753743051756,"level":"debug","message":"Page request finished: GET (document) 200 file:///tmp/jsreport/autocleanup/dc12de0f-ee20-4b8b-b718-6c6a79b2598c-chrome-pdf.html","meta":{"rootId":"04y6xd0c196nf14","id":"04y6xd0c196nf14"},"id":"2weqvem1bshq5gp","previousOperationId":"53q0mvv06435oea"}
{"type":"log","timestamp":1753743051760,"level":"debug","message":"Running chrome with params {\"printBackground\":true,\"timeout\":59977,\"margin\":{}}","meta":{"rootId":"04y6xd0c196nf14","id":"04y6xd0c196nf14"},"id":"hbl657wk0u09vsr","previousOperationId":"53q0mvv06435oea"}
{"type":"operationEnd","operationId":"53q0mvv06435oea","timestamp":1753743051787,"id":"e0j2e2ym872rtts","previousEventId":"013caqhfrm6ibf8","previousOperationId":"53q0mvv06435oea"}
{"type":"log","timestamp":1753743051787,"level":"debug","message":"Skipping storing report.","meta":{"rootId":"04y6xd0c196nf14","id":"04y6xd0c196nf14"},"id":"f4l9uu7drno2pzl","previousOperationId":"53q0mvv06435oea"}
{"type":"log","timestamp":1753743051787,"level":"info","message":"Rendering request 6 finished in 85 ms","meta":{"rootId":"04y6xd0c196nf14","id":"04y6xd0c196nf14"},"id":"ycvyjdirl1sg11f","previousOperationId":"53q0mvv06435oea"}
{"type":"operationEnd","subtype":"render","operationId":"o8umgr7xr9r8tbo","timestamp":1753743051787,"id":"tgpeu1uybijs0z6","previousEventId":"e0j2e2ym872rtts","previousOperationId":"53q0mvv06435oea"}
{"type":"operationEnd","doDiffs":false,"previousEventId":"b3ace67l58tpwfv","previousOperationId":"6d9j6e4er0j0fbm","operationId":"6d9j6e4er0j0fbm","timestamp":1753743051789,"id":"31bp02lypecoy4h"}
