{"type":"operationStart","subtype":"profile","data":{"_id":"LXUZpWchy60NJgpn","timestamp":"2025-07-23T14:13:30.809Z","state":"queued","mode":"standard","creationDate":"2025-07-23T14:13:30.809Z","modificationDate":"2025-07-23T14:13:30.809Z","shortid":"7FMAVqe","$entitySet":"profiles"},"doDiffs":false,"timestamp":1753280010809,"id":"xa6iqf8glqxnoer","previousOperationId":null,"operationId":"ouq4xq2wx5iiov8"}
{"type":"log","level":"info","message":"Render request 6 queued for execution and waiting for available worker","previousOperationId":"ouq4xq2wx5iiov8","timestamp":1753280010809,"id":"k9vau7en3okogsc"}
{"type":"operationStart","subtype":"render","name":"report-collaborators","previousOperationId":"ouq4xq2wx5iiov8","timestamp":1753280010813,"id":"mh4yjzzz4irf5hb","previousEventId":"xa6iqf8glqxnoer","operationId":"x4v3r347duo8wx7"}
{"type":"log","timestamp":1753280010813,"level":"info","message":"Starting rendering request 6","meta":{"rootId":"2175vkl9yz6uq3g","id":"2175vkl9yz6uq3g"},"id":"8xuhci858mxjrsd","previousOperationId":"x4v3r347duo8wx7"}
{"type":"log","timestamp":1753280010813,"level":"info","message":"Rendering template { name: report-collaborators, recipe: chrome-pdf, engine: jsrender, preview: false }","meta":{"rootId":"2175vkl9yz6uq3g","id":"2175vkl9yz6uq3g"},"id":"2f2xo6sfix9oxie","previousOperationId":"x4v3r347duo8wx7"}
{"type":"log","timestamp":1753280010813,"level":"debug","message":"Inline data specified.","meta":{"rootId":"2175vkl9yz6uq3g","id":"2175vkl9yz6uq3g"},"id":"bmernim2p7jdwzj","previousOperationId":"x4v3r347duo8wx7"}
{"type":"log","timestamp":1753280010815,"level":"debug","message":"Base url not specified, skipping its injection.","meta":{"rootId":"2175vkl9yz6uq3g","id":"2175vkl9yz6uq3g"},"id":"h6sy0ua81easzy7","previousOperationId":"x4v3r347duo8wx7"}
{"type":"operationStart","subtype":"engine","name":"jsrender","timestamp":1753280010815,"id":"lfb94geafdnunlw","previousEventId":"mh4yjzzz4irf5hb","operationId":"5i98kqsv5dslac1","previousOperationId":"x4v3r347duo8wx7"}
{"type":"log","timestamp":1753280010815,"level":"debug","message":"Rendering engine jsrender","meta":{"rootId":"2175vkl9yz6uq3g","id":"2175vkl9yz6uq3g"},"id":"rnw3yuwjmi5rpz5","previousOperationId":"5i98kqsv5dslac1"}
{"type":"operationEnd","operationId":"5i98kqsv5dslac1","timestamp":1753280010820,"id":"4fmnbvs2so0j5ih","previousEventId":"lfb94geafdnunlw","previousOperationId":"5i98kqsv5dslac1"}
{"type":"operationStart","subtype":"recipe","name":"chrome-pdf","timestamp":1753280010821,"id":"dx4ncmikzxh15bo","previousEventId":"4fmnbvs2so0j5ih","operationId":"9g0988pecz0alsf","previousOperationId":"5i98kqsv5dslac1"}
{"type":"log","timestamp":1753280010821,"level":"debug","message":"Executing recipe chrome-pdf","meta":{"rootId":"2175vkl9yz6uq3g","id":"2175vkl9yz6uq3g"},"id":"j9jken48g0u06o5","previousOperationId":"9g0988pecz0alsf"}
{"type":"log","timestamp":1753280010822,"level":"debug","message":"Converting with chrome Chrome/136.0.7103.49 using chrome-pool strategy","meta":{"rootId":"2175vkl9yz6uq3g","id":"2175vkl9yz6uq3g"},"id":"safhqcmc2593wzo","previousOperationId":"9g0988pecz0alsf"}
{"type":"log","timestamp":1753280010843,"level":"debug","message":"Page request: GET (document) file:///tmp/jsreport/autocleanup/f44c6b52-9afd-4558-8e77-9e98ac0d197f-chrome-pdf.html","meta":{"rootId":"2175vkl9yz6uq3g","id":"2175vkl9yz6uq3g"},"id":"fey5x413unrwwzd","previousOperationId":"9g0988pecz0alsf"}
{"type":"log","timestamp":1753280010851,"level":"debug","message":"Page request finished: GET (document) 200 file:///tmp/jsreport/autocleanup/f44c6b52-9afd-4558-8e77-9e98ac0d197f-chrome-pdf.html","meta":{"rootId":"2175vkl9yz6uq3g","id":"2175vkl9yz6uq3g"},"id":"jcolflf41mkmd24","previousOperationId":"9g0988pecz0alsf"}
{"type":"log","timestamp":1753280010857,"level":"debug","message":"Running chrome with params {\"printBackground\":true,\"timeout\":59987,\"margin\":{}}","meta":{"rootId":"2175vkl9yz6uq3g","id":"2175vkl9yz6uq3g"},"id":"xrf0pqfyjbuadqj","previousOperationId":"9g0988pecz0alsf"}
{"type":"operationEnd","operationId":"9g0988pecz0alsf","timestamp":1753280010886,"id":"gi2dprrs0ywq7ww","previousEventId":"dx4ncmikzxh15bo","previousOperationId":"9g0988pecz0alsf"}
{"type":"log","timestamp":1753280010886,"level":"debug","message":"Skipping storing report.","meta":{"rootId":"2175vkl9yz6uq3g","id":"2175vkl9yz6uq3g"},"id":"fs3jxctbim5yrtw","previousOperationId":"9g0988pecz0alsf"}
{"type":"log","timestamp":1753280010886,"level":"info","message":"Rendering request 6 finished in 78 ms","meta":{"rootId":"2175vkl9yz6uq3g","id":"2175vkl9yz6uq3g"},"id":"d19lzkkwfj086wx","previousOperationId":"9g0988pecz0alsf"}
{"type":"operationEnd","subtype":"render","operationId":"x4v3r347duo8wx7","timestamp":1753280010886,"id":"3ylbzpqockmlfmk","previousEventId":"gi2dprrs0ywq7ww","previousOperationId":"9g0988pecz0alsf"}
{"type":"operationEnd","doDiffs":false,"previousEventId":"xa6iqf8glqxnoer","previousOperationId":"ouq4xq2wx5iiov8","operationId":"ouq4xq2wx5iiov8","timestamp":1753280010887,"id":"oexku7v2glxdb1j"}
