{"type":"operationStart","subtype":"profile","data":{"_id":"0wTGlvhZtxlyfHBK","timestamp":"2025-07-22T18:22:50.769Z","state":"queued","mode":"standard","creationDate":"2025-07-22T18:22:50.769Z","modificationDate":"2025-07-22T18:22:50.769Z","shortid":"Hs-7bCp","$entitySet":"profiles"},"doDiffs":false,"timestamp":1753208570769,"id":"8b0e7y4d0m2b5jj","previousOperationId":null,"operationId":"61kc51cifmnpypw"}
{"type":"log","level":"info","message":"Render request 21 queued for execution and waiting for available worker","previousOperationId":"61kc51cifmnpypw","timestamp":1753208570769,"id":"q1zjpgscim2p1et"}
{"type":"operationStart","subtype":"render","name":"report-collaborators","previousOperationId":"61kc51cifmnpypw","timestamp":1753208570780,"id":"v2i8mk5v05alh2p","previousEventId":"8b0e7y4d0m2b5jj","operationId":"2twu9eykuoe2f20"}
{"type":"log","timestamp":1753208570780,"level":"info","message":"Starting rendering request 21","meta":{"rootId":"37bs7rc8t878o8v","id":"37bs7rc8t878o8v"},"id":"cyksvlukmpns4z4","previousOperationId":"2twu9eykuoe2f20"}
{"type":"log","timestamp":1753208570780,"level":"info","message":"Rendering template { name: report-collaborators, recipe: chrome-pdf, engine: jsrender, preview: false }","meta":{"rootId":"37bs7rc8t878o8v","id":"37bs7rc8t878o8v"},"id":"171rcmlawcw1xpt","previousOperationId":"2twu9eykuoe2f20"}
{"type":"log","timestamp":1753208570780,"level":"debug","message":"Inline data specified.","meta":{"rootId":"37bs7rc8t878o8v","id":"37bs7rc8t878o8v"},"id":"w7nnjjnh41bjdj5","previousOperationId":"2twu9eykuoe2f20"}
{"type":"log","timestamp":1753208570781,"level":"debug","message":"Base url not specified, skipping its injection.","meta":{"rootId":"37bs7rc8t878o8v","id":"37bs7rc8t878o8v"},"id":"lb3897oid91v9oc","previousOperationId":"2twu9eykuoe2f20"}
{"type":"operationStart","subtype":"engine","name":"jsrender","timestamp":1753208570781,"id":"cu0knl022c7e7fv","previousEventId":"v2i8mk5v05alh2p","operationId":"es8rq4zi3tugtbu","previousOperationId":"2twu9eykuoe2f20"}
{"type":"log","timestamp":1753208570781,"level":"debug","message":"Rendering engine jsrender","meta":{"rootId":"37bs7rc8t878o8v","id":"37bs7rc8t878o8v"},"id":"ljwux2x9umu6chm","previousOperationId":"es8rq4zi3tugtbu"}
{"type":"operationEnd","operationId":"es8rq4zi3tugtbu","timestamp":1753208570784,"id":"sqaal8y2dn1o440","previousEventId":"cu0knl022c7e7fv","previousOperationId":"es8rq4zi3tugtbu"}
{"type":"operationStart","subtype":"recipe","name":"chrome-pdf","timestamp":1753208570784,"id":"4y5abv60mblbsit","previousEventId":"sqaal8y2dn1o440","operationId":"2onu4tmmd1uhobc","previousOperationId":"es8rq4zi3tugtbu"}
{"type":"log","timestamp":1753208570784,"level":"debug","message":"Executing recipe chrome-pdf","meta":{"rootId":"37bs7rc8t878o8v","id":"37bs7rc8t878o8v"},"id":"7poo7q5zjrgzgnw","previousOperationId":"2onu4tmmd1uhobc"}
{"type":"log","timestamp":1753208570784,"level":"debug","message":"Starting child request to render pdf header","meta":{"rootId":"37bs7rc8t878o8v","id":"37bs7rc8t878o8v"},"id":"5gm9v88gjs5onsp","previousOperationId":"2onu4tmmd1uhobc"}
{"type":"operationStart","subtype":"render","name":"anonymous","previousOperationId":"2onu4tmmd1uhobc","timestamp":1753208570785,"id":"1u2abcodxhfkqhj","previousEventId":"4y5abv60mblbsit","operationId":"zeq4y8zrxfb0ko0"}
{"type":"log","timestamp":1753208570785,"level":"info","message":"Starting rendering (child) request","meta":{"rootId":"37bs7rc8t878o8v","id":"mnjcuppi69rwh5e"},"id":"4m4e2vkbo5hc2bv","previousOperationId":"zeq4y8zrxfb0ko0"}
{"type":"log","timestamp":1753208570785,"level":"info","message":"Rendering anonymous template { recipe: html, engine: jsrender }","meta":{"rootId":"37bs7rc8t878o8v","id":"mnjcuppi69rwh5e"},"id":"q71v80w2rte2bhh","previousOperationId":"zeq4y8zrxfb0ko0"}
{"type":"log","timestamp":1753208570785,"level":"debug","message":"Inline data specified.","meta":{"rootId":"37bs7rc8t878o8v","id":"mnjcuppi69rwh5e"},"id":"ihveihjfb8aenyl","previousOperationId":"zeq4y8zrxfb0ko0"}
{"type":"log","timestamp":1753208570785,"level":"debug","message":"Base url not specified, skipping its injection.","meta":{"rootId":"37bs7rc8t878o8v","id":"mnjcuppi69rwh5e"},"id":"qryg41g8a09azla","previousOperationId":"zeq4y8zrxfb0ko0"}
{"type":"operationStart","subtype":"engine","name":"jsrender","timestamp":1753208570785,"id":"ur2f2m59jlnuzs2","previousEventId":"1u2abcodxhfkqhj","operationId":"7ba33xqmhtdemtf","previousOperationId":"zeq4y8zrxfb0ko0"}
{"type":"log","timestamp":1753208570785,"level":"debug","message":"Rendering engine jsrender","meta":{"rootId":"37bs7rc8t878o8v","id":"mnjcuppi69rwh5e"},"id":"zm7jqns9t2rd11p","previousOperationId":"7ba33xqmhtdemtf"}
{"type":"operationEnd","operationId":"7ba33xqmhtdemtf","timestamp":1753208570788,"id":"nvvrx79jceejhvw","previousEventId":"ur2f2m59jlnuzs2","previousOperationId":"7ba33xqmhtdemtf"}
{"type":"operationStart","subtype":"recipe","name":"html","timestamp":1753208570788,"id":"qk1aklufdx4wo5m","previousEventId":"nvvrx79jceejhvw","operationId":"gpk84u1p1sxlids","previousOperationId":"7ba33xqmhtdemtf"}
{"type":"log","timestamp":1753208570788,"level":"debug","message":"Executing recipe html","meta":{"rootId":"37bs7rc8t878o8v","id":"mnjcuppi69rwh5e"},"id":"npku0rajikzsvf5","previousOperationId":"gpk84u1p1sxlids"}
{"type":"operationEnd","operationId":"gpk84u1p1sxlids","timestamp":1753208570788,"id":"zms9xpm443dqaib","previousEventId":"qk1aklufdx4wo5m","previousOperationId":"gpk84u1p1sxlids"}
{"type":"log","timestamp":1753208570788,"level":"debug","message":"Skipping storing report.","meta":{"rootId":"37bs7rc8t878o8v","id":"mnjcuppi69rwh5e"},"id":"z0sfhbgwz59g6cn","previousOperationId":"gpk84u1p1sxlids"}
{"type":"log","timestamp":1753208570788,"level":"info","message":"Rendering (child) request finished in 19 ms","meta":{"rootId":"37bs7rc8t878o8v","id":"mnjcuppi69rwh5e"},"id":"iktjafsdrutsi53","previousOperationId":"gpk84u1p1sxlids"}
{"type":"operationEnd","subtype":"render","operationId":"zeq4y8zrxfb0ko0","timestamp":1753208570788,"id":"it4rr4od05742lv","previousEventId":"zms9xpm443dqaib","previousOperationId":"gpk84u1p1sxlids"}
{"type":"log","timestamp":1753208570788,"level":"debug","message":"Starting child request to render pdf footer","meta":{"rootId":"37bs7rc8t878o8v","id":"37bs7rc8t878o8v"},"id":"4y2y9vqqujw50ya","previousOperationId":"2onu4tmmd1uhobc"}
{"type":"operationStart","subtype":"render","name":"anonymous","previousOperationId":"2onu4tmmd1uhobc","timestamp":1753208570788,"id":"vcxb70q5c73enlx","previousEventId":"4y5abv60mblbsit","operationId":"goh5i7shinn5i1i"}
{"type":"log","timestamp":1753208570788,"level":"info","message":"Starting rendering (child) request","meta":{"rootId":"37bs7rc8t878o8v","id":"8t3j9mmdkxkos50"},"id":"swsskjwun0e09yh","previousOperationId":"goh5i7shinn5i1i"}
{"type":"log","timestamp":1753208570788,"level":"info","message":"Rendering anonymous template { recipe: html, engine: jsrender }","meta":{"rootId":"37bs7rc8t878o8v","id":"8t3j9mmdkxkos50"},"id":"42z7dbalq3751u6","previousOperationId":"goh5i7shinn5i1i"}
{"type":"log","timestamp":1753208570788,"level":"debug","message":"Inline data specified.","meta":{"rootId":"37bs7rc8t878o8v","id":"8t3j9mmdkxkos50"},"id":"1kverwvt3h148wr","previousOperationId":"goh5i7shinn5i1i"}
{"type":"log","timestamp":1753208570788,"level":"debug","message":"Base url not specified, skipping its injection.","meta":{"rootId":"37bs7rc8t878o8v","id":"8t3j9mmdkxkos50"},"id":"sg7y8f3bz5dw260","previousOperationId":"goh5i7shinn5i1i"}
{"type":"operationStart","subtype":"engine","name":"jsrender","timestamp":1753208570788,"id":"66okhlrj009pvay","previousEventId":"vcxb70q5c73enlx","operationId":"el88qgey8fq8rpz","previousOperationId":"goh5i7shinn5i1i"}
{"type":"log","timestamp":1753208570788,"level":"debug","message":"Rendering engine jsrender","meta":{"rootId":"37bs7rc8t878o8v","id":"8t3j9mmdkxkos50"},"id":"2b93b55543lz7vo","previousOperationId":"el88qgey8fq8rpz"}
{"type":"operationEnd","operationId":"el88qgey8fq8rpz","timestamp":1753208570791,"id":"nc1czx0k9sfat8y","previousEventId":"66okhlrj009pvay","previousOperationId":"el88qgey8fq8rpz"}
{"type":"operationStart","subtype":"recipe","name":"html","timestamp":1753208570791,"id":"4159cswyr7vgeei","previousEventId":"nc1czx0k9sfat8y","operationId":"eo6bo6gxx375e24","previousOperationId":"el88qgey8fq8rpz"}
{"type":"log","timestamp":1753208570791,"level":"debug","message":"Executing recipe html","meta":{"rootId":"37bs7rc8t878o8v","id":"8t3j9mmdkxkos50"},"id":"j1ou743d9zf30od","previousOperationId":"eo6bo6gxx375e24"}
{"type":"operationEnd","operationId":"eo6bo6gxx375e24","timestamp":1753208570791,"id":"0nwyeyta6ua7k93","previousEventId":"4159cswyr7vgeei","previousOperationId":"eo6bo6gxx375e24"}
{"type":"log","timestamp":1753208570791,"level":"debug","message":"Skipping storing report.","meta":{"rootId":"37bs7rc8t878o8v","id":"8t3j9mmdkxkos50"},"id":"2v5vaktdceb6ex7","previousOperationId":"eo6bo6gxx375e24"}
{"type":"log","timestamp":1753208570791,"level":"info","message":"Rendering (child) request finished in 22 ms","meta":{"rootId":"37bs7rc8t878o8v","id":"8t3j9mmdkxkos50"},"id":"q5x0tdnowjtfqlq","previousOperationId":"eo6bo6gxx375e24"}
{"type":"operationEnd","subtype":"render","operationId":"goh5i7shinn5i1i","timestamp":1753208570791,"id":"njzfz6c13ugg5w0","previousEventId":"0nwyeyta6ua7k93","previousOperationId":"eo6bo6gxx375e24"}
{"type":"log","timestamp":1753208570792,"level":"debug","message":"Converting with chrome Chrome/136.0.7103.49 using chrome-pool strategy","meta":{"rootId":"37bs7rc8t878o8v","id":"37bs7rc8t878o8v"},"id":"2zxxz3h645l0i6m","previousOperationId":"2onu4tmmd1uhobc"}
{"type":"log","timestamp":1753208570811,"level":"debug","message":"Page request: GET (document) file:///tmp/jsreport/autocleanup/4cdb8d4f-791c-473d-bdd1-8043124a22fe-chrome-pdf.html","meta":{"rootId":"37bs7rc8t878o8v","id":"37bs7rc8t878o8v"},"id":"cd8fxwg4cn9bu5j","previousOperationId":"2onu4tmmd1uhobc"}
{"type":"log","timestamp":1753208570818,"level":"debug","message":"Page request finished: GET (document) 200 file:///tmp/jsreport/autocleanup/4cdb8d4f-791c-473d-bdd1-8043124a22fe-chrome-pdf.html","meta":{"rootId":"37bs7rc8t878o8v","id":"37bs7rc8t878o8v"},"id":"zrnwmk098ybt27b","previousOperationId":"2onu4tmmd1uhobc"}
{"type":"log","timestamp":1753208570825,"level":"debug","message":"Running chrome with params {\"printBackground\":true,\"format\":\"A4\",\"margin\":{},\"headerTemplate\":\"...\",\"footerTemplate\":\"...\",\"timeout\":59978}","meta":{"rootId":"37bs7rc8t878o8v","id":"37bs7rc8t878o8v"},"id":"tpdqidavoe742dk","previousOperationId":"2onu4tmmd1uhobc"}
{"type":"operationEnd","operationId":"2onu4tmmd1uhobc","timestamp":1753208570854,"id":"rm6h21xghy3ph2f","previousEventId":"4y5abv60mblbsit","previousOperationId":"2onu4tmmd1uhobc"}
{"type":"log","timestamp":1753208570854,"level":"debug","message":"Skipping storing report.","meta":{"rootId":"37bs7rc8t878o8v","id":"37bs7rc8t878o8v"},"id":"rk4blyvqch6b6f3","previousOperationId":"2onu4tmmd1uhobc"}
{"type":"log","timestamp":1753208570854,"level":"info","message":"Rendering request 21 finished in 85 ms","meta":{"rootId":"37bs7rc8t878o8v","id":"37bs7rc8t878o8v"},"id":"ag4qhq8tv1i295d","previousOperationId":"2onu4tmmd1uhobc"}
{"type":"operationEnd","subtype":"render","operationId":"2twu9eykuoe2f20","timestamp":1753208570854,"id":"pc6q2w12qyg2g3g","previousEventId":"rm6h21xghy3ph2f","previousOperationId":"2onu4tmmd1uhobc"}
{"type":"operationEnd","doDiffs":false,"previousEventId":"8b0e7y4d0m2b5jj","previousOperationId":"61kc51cifmnpypw","operationId":"61kc51cifmnpypw","timestamp":1753208570856,"id":"4g4emqg82hfd27u"}
