{"type":"operationStart","subtype":"profile","data":{"_id":"m81L2neKT7z0l9Si","timestamp":"2025-07-23T14:14:02.315Z","state":"queued","mode":"standard","creationDate":"2025-07-23T14:14:02.316Z","modificationDate":"2025-07-23T14:14:02.316Z","shortid":"oO083vo","$entitySet":"profiles"},"doDiffs":false,"timestamp":1753280042315,"id":"d48brvkjzsnrik2","previousOperationId":null,"operationId":"khzdlcy453yeyy9"}
{"type":"log","level":"info","message":"Render request 7 queued for execution and waiting for available worker","previousOperationId":"khzdlcy453yeyy9","timestamp":1753280042315,"id":"ph0qpc6ke0nap32"}
{"type":"operationStart","subtype":"render","name":"report-collaborators","previousOperationId":"khzdlcy453yeyy9","timestamp":1753280042327,"id":"vdub3rrjk7qojeq","previousEventId":"d48brvkjzsnrik2","operationId":"fgg9rsv53hlwcce"}
{"type":"log","timestamp":1753280042328,"level":"info","message":"Starting rendering request 7","meta":{"rootId":"48d6upoulaluyro","id":"48d6upoulaluyro"},"id":"xexbrep43lz6d3y","previousOperationId":"fgg9rsv53hlwcce"}
{"type":"log","timestamp":1753280042328,"level":"info","message":"Rendering template { name: report-collaborators, recipe: chrome-pdf, engine: jsrender, preview: false }","meta":{"rootId":"48d6upoulaluyro","id":"48d6upoulaluyro"},"id":"udda79uo6vkbfcc","previousOperationId":"fgg9rsv53hlwcce"}
{"type":"log","timestamp":1753280042328,"level":"debug","message":"Inline data specified.","meta":{"rootId":"48d6upoulaluyro","id":"48d6upoulaluyro"},"id":"b8twgk8z8g0mplg","previousOperationId":"fgg9rsv53hlwcce"}
{"type":"log","timestamp":1753280042329,"level":"debug","message":"Base url not specified, skipping its injection.","meta":{"rootId":"48d6upoulaluyro","id":"48d6upoulaluyro"},"id":"dmcy4sm4cf1d9dk","previousOperationId":"fgg9rsv53hlwcce"}
{"type":"operationStart","subtype":"engine","name":"jsrender","timestamp":1753280042329,"id":"czzo99the3ndmcd","previousEventId":"vdub3rrjk7qojeq","operationId":"kdkrxpwton4r3ei","previousOperationId":"fgg9rsv53hlwcce"}
{"type":"log","timestamp":1753280042329,"level":"debug","message":"Rendering engine jsrender","meta":{"rootId":"48d6upoulaluyro","id":"48d6upoulaluyro"},"id":"7nlobpwxtx2hpp4","previousOperationId":"kdkrxpwton4r3ei"}
{"type":"operationEnd","operationId":"kdkrxpwton4r3ei","timestamp":1753280042333,"id":"rxezxl3zl3lhdyk","previousEventId":"czzo99the3ndmcd","previousOperationId":"kdkrxpwton4r3ei"}
{"type":"operationStart","subtype":"recipe","name":"chrome-pdf","timestamp":1753280042333,"id":"toqcintklwip4kq","previousEventId":"rxezxl3zl3lhdyk","operationId":"cgffn5g0ztyx6f6","previousOperationId":"kdkrxpwton4r3ei"}
{"type":"log","timestamp":1753280042333,"level":"debug","message":"Executing recipe chrome-pdf","meta":{"rootId":"48d6upoulaluyro","id":"48d6upoulaluyro"},"id":"5blkg19iv7xbx99","previousOperationId":"cgffn5g0ztyx6f6"}
{"type":"log","timestamp":1753280042335,"level":"debug","message":"Converting with chrome Chrome/136.0.7103.49 using chrome-pool strategy","meta":{"rootId":"48d6upoulaluyro","id":"48d6upoulaluyro"},"id":"d96tjquti4rm7i3","previousOperationId":"cgffn5g0ztyx6f6"}
{"type":"log","timestamp":1753280042353,"level":"debug","message":"Page request: GET (document) file:///tmp/jsreport/autocleanup/a013c733-de7f-47ab-a8f0-772ba98743ce-chrome-pdf.html","meta":{"rootId":"48d6upoulaluyro","id":"48d6upoulaluyro"},"id":"1y0ix94jsa5c0f2","previousOperationId":"cgffn5g0ztyx6f6"}
{"type":"log","timestamp":1753280042362,"level":"debug","message":"Page request finished: GET (document) 200 file:///tmp/jsreport/autocleanup/a013c733-de7f-47ab-a8f0-772ba98743ce-chrome-pdf.html","meta":{"rootId":"48d6upoulaluyro","id":"48d6upoulaluyro"},"id":"vrqpe1zlco1b11f","previousOperationId":"cgffn5g0ztyx6f6"}
{"type":"log","timestamp":1753280042363,"level":"debug","message":"Running chrome with params {\"printBackground\":true,\"timeout\":59982,\"margin\":{}}","meta":{"rootId":"48d6upoulaluyro","id":"48d6upoulaluyro"},"id":"5m22fkogpe0axv9","previousOperationId":"cgffn5g0ztyx6f6"}
{"type":"operationEnd","operationId":"cgffn5g0ztyx6f6","timestamp":1753280042390,"id":"lkm8ab04t78e70k","previousEventId":"toqcintklwip4kq","previousOperationId":"cgffn5g0ztyx6f6"}
{"type":"log","timestamp":1753280042390,"level":"debug","message":"Skipping storing report.","meta":{"rootId":"48d6upoulaluyro","id":"48d6upoulaluyro"},"id":"swz4nek4u4ibezr","previousOperationId":"cgffn5g0ztyx6f6"}
{"type":"log","timestamp":1753280042390,"level":"info","message":"Rendering request 7 finished in 75 ms","meta":{"rootId":"48d6upoulaluyro","id":"48d6upoulaluyro"},"id":"rntrbh2u2av4w24","previousOperationId":"cgffn5g0ztyx6f6"}
{"type":"operationEnd","subtype":"render","operationId":"fgg9rsv53hlwcce","timestamp":1753280042390,"id":"bat49vtlpuhge0c","previousEventId":"lkm8ab04t78e70k","previousOperationId":"cgffn5g0ztyx6f6"}
{"type":"operationEnd","doDiffs":false,"previousEventId":"d48brvkjzsnrik2","previousOperationId":"khzdlcy453yeyy9","operationId":"khzdlcy453yeyy9","timestamp":1753280042391,"id":"5kpg0nhii5ky3f8"}
