{"type":"operationStart","subtype":"profile","data":{"_id":"bgoUfBAS4U5A6BSO","timestamp":"2025-07-23T13:55:18.659Z","state":"queued","mode":"standard","creationDate":"2025-07-23T13:55:18.660Z","modificationDate":"2025-07-23T13:55:18.660Z","shortid":"JfH4QtH","$entitySet":"profiles"},"doDiffs":false,"timestamp":1753278918660,"id":"7x3g2nckq4a7fox","previousOperationId":null,"operationId":"x4f6sz9nujc8by0"}
{"type":"log","level":"info","message":"Render request 3 queued for execution and waiting for available worker","previousOperationId":"x4f6sz9nujc8by0","timestamp":1753278918660,"id":"0cvgf0m59xyn8ay"}
{"type":"operationStart","subtype":"render","name":"report-collaborators","previousOperationId":"x4f6sz9nujc8by0","timestamp":1753278918672,"id":"4333mppa8lhwel3","previousEventId":"7x3g2nckq4a7fox","operationId":"katuorj6k0l4vi8"}
{"type":"log","timestamp":1753278918672,"level":"info","message":"Starting rendering request 3","meta":{"rootId":"7crj689oovqb1jl","id":"7crj689oovqb1jl"},"id":"wd26g72xgeg7r8c","previousOperationId":"katuorj6k0l4vi8"}
{"type":"log","timestamp":1753278918672,"level":"info","message":"Rendering template { name: report-collaborators, recipe: chrome-pdf, engine: jsrender, preview: false }","meta":{"rootId":"7crj689oovqb1jl","id":"7crj689oovqb1jl"},"id":"1f9zu93bz3c7li2","previousOperationId":"katuorj6k0l4vi8"}
{"type":"log","timestamp":1753278918672,"level":"debug","message":"Inline data specified.","meta":{"rootId":"7crj689oovqb1jl","id":"7crj689oovqb1jl"},"id":"hygpmg21mcbgg97","previousOperationId":"katuorj6k0l4vi8"}
{"type":"log","timestamp":1753278918674,"level":"debug","message":"Base url not specified, skipping its injection.","meta":{"rootId":"7crj689oovqb1jl","id":"7crj689oovqb1jl"},"id":"0pbdh3kqv0fjard","previousOperationId":"katuorj6k0l4vi8"}
{"type":"operationStart","subtype":"engine","name":"jsrender","timestamp":1753278918674,"id":"wu8pw495gdoc3pn","previousEventId":"4333mppa8lhwel3","operationId":"zci4iv2lyfss4l5","previousOperationId":"katuorj6k0l4vi8"}
{"type":"log","timestamp":1753278918674,"level":"debug","message":"Rendering engine jsrender","meta":{"rootId":"7crj689oovqb1jl","id":"7crj689oovqb1jl"},"id":"6ywcq7z2izf0sir","previousOperationId":"zci4iv2lyfss4l5"}
{"type":"operationEnd","operationId":"zci4iv2lyfss4l5","timestamp":1753278918679,"id":"wf0pcj9coifxh36","previousEventId":"wu8pw495gdoc3pn","previousOperationId":"zci4iv2lyfss4l5"}
{"type":"operationStart","subtype":"recipe","name":"chrome-pdf","timestamp":1753278918680,"id":"h2vgcjjpduv1nb6","previousEventId":"wf0pcj9coifxh36","operationId":"4mnhhyujvvatf6c","previousOperationId":"zci4iv2lyfss4l5"}
{"type":"log","timestamp":1753278918680,"level":"debug","message":"Executing recipe chrome-pdf","meta":{"rootId":"7crj689oovqb1jl","id":"7crj689oovqb1jl"},"id":"nn1qgljx1fw0m0k","previousOperationId":"4mnhhyujvvatf6c"}
{"type":"log","timestamp":1753278918680,"level":"debug","message":"Starting child request to render pdf header","meta":{"rootId":"7crj689oovqb1jl","id":"7crj689oovqb1jl"},"id":"5pe712jfam792dh","previousOperationId":"4mnhhyujvvatf6c"}
{"type":"operationStart","subtype":"render","name":"anonymous","previousOperationId":"4mnhhyujvvatf6c","timestamp":1753278918680,"id":"4snhcjplkxr86ez","previousEventId":"h2vgcjjpduv1nb6","operationId":"4xy3bq0rzvr5nol"}
{"type":"log","timestamp":1753278918680,"level":"info","message":"Starting rendering (child) request","meta":{"rootId":"7crj689oovqb1jl","id":"u0u33s6or8w14wq"},"id":"602zxwp8w4dq7k7","previousOperationId":"4xy3bq0rzvr5nol"}
{"type":"log","timestamp":1753278918680,"level":"info","message":"Rendering anonymous template { recipe: html, engine: jsrender }","meta":{"rootId":"7crj689oovqb1jl","id":"u0u33s6or8w14wq"},"id":"r8iye09y8w7ls1p","previousOperationId":"4xy3bq0rzvr5nol"}
{"type":"log","timestamp":1753278918680,"level":"debug","message":"Inline data specified.","meta":{"rootId":"7crj689oovqb1jl","id":"u0u33s6or8w14wq"},"id":"z37lkct0b9e2tmu","previousOperationId":"4xy3bq0rzvr5nol"}
{"type":"log","timestamp":1753278918680,"level":"debug","message":"Base url not specified, skipping its injection.","meta":{"rootId":"7crj689oovqb1jl","id":"u0u33s6or8w14wq"},"id":"h9lmkzlti3zdhzc","previousOperationId":"4xy3bq0rzvr5nol"}
{"type":"operationStart","subtype":"engine","name":"jsrender","timestamp":1753278918681,"id":"aey8wbygcwduxui","previousEventId":"4snhcjplkxr86ez","operationId":"tngxrtz7pdy4zp8","previousOperationId":"4xy3bq0rzvr5nol"}
{"type":"log","timestamp":1753278918681,"level":"debug","message":"Rendering engine jsrender","meta":{"rootId":"7crj689oovqb1jl","id":"u0u33s6or8w14wq"},"id":"ilgxvr3cei0gpu6","previousOperationId":"tngxrtz7pdy4zp8"}
{"type":"operationEnd","operationId":"tngxrtz7pdy4zp8","timestamp":1753278918684,"id":"ajd8q4xbl082tw1","previousEventId":"aey8wbygcwduxui","previousOperationId":"tngxrtz7pdy4zp8"}
{"type":"operationStart","subtype":"recipe","name":"html","timestamp":1753278918684,"id":"0d2bhk8w46kciz3","previousEventId":"ajd8q4xbl082tw1","operationId":"y2thmloda9lazie","previousOperationId":"tngxrtz7pdy4zp8"}
{"type":"log","timestamp":1753278918684,"level":"debug","message":"Executing recipe html","meta":{"rootId":"7crj689oovqb1jl","id":"u0u33s6or8w14wq"},"id":"2tzd9brikui8jwc","previousOperationId":"y2thmloda9lazie"}
{"type":"operationEnd","operationId":"y2thmloda9lazie","timestamp":1753278918684,"id":"c5ixmahar0ekrx6","previousEventId":"0d2bhk8w46kciz3","previousOperationId":"y2thmloda9lazie"}
{"type":"log","timestamp":1753278918684,"level":"debug","message":"Skipping storing report.","meta":{"rootId":"7crj689oovqb1jl","id":"u0u33s6or8w14wq"},"id":"fk95p20pnjcolka","previousOperationId":"y2thmloda9lazie"}
{"type":"log","timestamp":1753278918684,"level":"info","message":"Rendering (child) request finished in 25 ms","meta":{"rootId":"7crj689oovqb1jl","id":"u0u33s6or8w14wq"},"id":"e7tf8svk2wzvuvi","previousOperationId":"y2thmloda9lazie"}
{"type":"operationEnd","subtype":"render","operationId":"4xy3bq0rzvr5nol","timestamp":1753278918684,"id":"snizm1dnm6opu5s","previousEventId":"c5ixmahar0ekrx6","previousOperationId":"y2thmloda9lazie"}
{"type":"log","timestamp":1753278918684,"level":"debug","message":"Starting child request to render pdf footer","meta":{"rootId":"7crj689oovqb1jl","id":"7crj689oovqb1jl"},"id":"zq34r2o70nib7fv","previousOperationId":"4mnhhyujvvatf6c"}
{"type":"operationStart","subtype":"render","name":"anonymous","previousOperationId":"4mnhhyujvvatf6c","timestamp":1753278918684,"id":"qbo75n7y57e34bp","previousEventId":"h2vgcjjpduv1nb6","operationId":"8l1obtptj1ehtwa"}
{"type":"log","timestamp":1753278918684,"level":"info","message":"Starting rendering (child) request","meta":{"rootId":"7crj689oovqb1jl","id":"p0z1b95wn0x6ztl"},"id":"osduaklw9ylolob","previousOperationId":"8l1obtptj1ehtwa"}
{"type":"log","timestamp":1753278918684,"level":"info","message":"Rendering anonymous template { recipe: html, engine: jsrender }","meta":{"rootId":"7crj689oovqb1jl","id":"p0z1b95wn0x6ztl"},"id":"tbsqz15z8x4fcjx","previousOperationId":"8l1obtptj1ehtwa"}
{"type":"log","timestamp":1753278918684,"level":"debug","message":"Inline data specified.","meta":{"rootId":"7crj689oovqb1jl","id":"p0z1b95wn0x6ztl"},"id":"tqp5962gfchpaxv","previousOperationId":"8l1obtptj1ehtwa"}
{"type":"log","timestamp":1753278918685,"level":"debug","message":"Base url not specified, skipping its injection.","meta":{"rootId":"7crj689oovqb1jl","id":"p0z1b95wn0x6ztl"},"id":"ucw0olgkhaz0vhk","previousOperationId":"8l1obtptj1ehtwa"}
{"type":"operationStart","subtype":"engine","name":"jsrender","timestamp":1753278918685,"id":"dp7zkw1agq1zi81","previousEventId":"qbo75n7y57e34bp","operationId":"0e6jxoq1b1k6xej","previousOperationId":"8l1obtptj1ehtwa"}
{"type":"log","timestamp":1753278918685,"level":"debug","message":"Rendering engine jsrender","meta":{"rootId":"7crj689oovqb1jl","id":"p0z1b95wn0x6ztl"},"id":"lpkr0cmgen2939s","previousOperationId":"0e6jxoq1b1k6xej"}
{"type":"operationEnd","operationId":"0e6jxoq1b1k6xej","timestamp":1753278918688,"id":"i96jkbz4f7658hf","previousEventId":"dp7zkw1agq1zi81","previousOperationId":"0e6jxoq1b1k6xej"}
{"type":"operationStart","subtype":"recipe","name":"html","timestamp":1753278918688,"id":"agfpntk1me9lxka","previousEventId":"i96jkbz4f7658hf","operationId":"owoe3dnvkenkqun","previousOperationId":"0e6jxoq1b1k6xej"}
{"type":"log","timestamp":1753278918688,"level":"debug","message":"Executing recipe html","meta":{"rootId":"7crj689oovqb1jl","id":"p0z1b95wn0x6ztl"},"id":"jlgn18qlhvmrspt","previousOperationId":"owoe3dnvkenkqun"}
{"type":"operationEnd","operationId":"owoe3dnvkenkqun","timestamp":1753278918688,"id":"fcx4xt5gx2mq8qw","previousEventId":"agfpntk1me9lxka","previousOperationId":"owoe3dnvkenkqun"}
{"type":"log","timestamp":1753278918688,"level":"debug","message":"Skipping storing report.","meta":{"rootId":"7crj689oovqb1jl","id":"p0z1b95wn0x6ztl"},"id":"jl9d3nxg7bzs024","previousOperationId":"owoe3dnvkenkqun"}
{"type":"log","timestamp":1753278918688,"level":"info","message":"Rendering (child) request finished in 29 ms","meta":{"rootId":"7crj689oovqb1jl","id":"p0z1b95wn0x6ztl"},"id":"n0yqefoqzpoxx9f","previousOperationId":"owoe3dnvkenkqun"}
{"type":"operationEnd","subtype":"render","operationId":"8l1obtptj1ehtwa","timestamp":1753278918688,"id":"0dl1pj5j5wm8u7q","previousEventId":"fcx4xt5gx2mq8qw","previousOperationId":"owoe3dnvkenkqun"}
{"type":"log","timestamp":1753278918689,"level":"debug","message":"Converting with chrome Chrome/136.0.7103.49 using chrome-pool strategy","meta":{"rootId":"7crj689oovqb1jl","id":"7crj689oovqb1jl"},"id":"92go22s0xitiavw","previousOperationId":"4mnhhyujvvatf6c"}
{"type":"log","timestamp":1753278918710,"level":"debug","message":"Page request: GET (document) file:///tmp/jsreport/autocleanup/fd7054c6-3766-49e8-a42f-e41852de9c0d-chrome-pdf.html","meta":{"rootId":"7crj689oovqb1jl","id":"7crj689oovqb1jl"},"id":"kaaecyetvynthbf","previousOperationId":"4mnhhyujvvatf6c"}
{"type":"log","timestamp":1753278918717,"level":"debug","message":"Page request finished: GET (document) 200 file:///tmp/jsreport/autocleanup/fd7054c6-3766-49e8-a42f-e41852de9c0d-chrome-pdf.html","meta":{"rootId":"7crj689oovqb1jl","id":"7crj689oovqb1jl"},"id":"eh2lko7xbqdfodh","previousOperationId":"4mnhhyujvvatf6c"}
{"type":"log","timestamp":1753278918719,"level":"debug","message":"Running chrome with params {\"printBackground\":true,\"format\":\"A4\",\"margin\":{},\"headerTemplate\":\"...\",\"footerTemplate\":\"...\",\"timeout\":59970}","meta":{"rootId":"7crj689oovqb1jl","id":"7crj689oovqb1jl"},"id":"pxvplbpn0h3cayp","previousOperationId":"4mnhhyujvvatf6c"}
{"type":"operationEnd","operationId":"4mnhhyujvvatf6c","timestamp":1753278918746,"id":"px7w2j4smjg1k2l","previousEventId":"h2vgcjjpduv1nb6","previousOperationId":"4mnhhyujvvatf6c"}
{"type":"log","timestamp":1753278918746,"level":"debug","message":"Skipping storing report.","meta":{"rootId":"7crj689oovqb1jl","id":"7crj689oovqb1jl"},"id":"nuat0rc3cueawvx","previousOperationId":"4mnhhyujvvatf6c"}
{"type":"log","timestamp":1753278918746,"level":"info","message":"Rendering request 3 finished in 87 ms","meta":{"rootId":"7crj689oovqb1jl","id":"7crj689oovqb1jl"},"id":"sp1t4wl13rog7wa","previousOperationId":"4mnhhyujvvatf6c"}
{"type":"operationEnd","subtype":"render","operationId":"katuorj6k0l4vi8","timestamp":1753278918746,"id":"sth8ubdy5zaybvt","previousEventId":"px7w2j4smjg1k2l","previousOperationId":"4mnhhyujvvatf6c"}
{"type":"operationEnd","doDiffs":false,"previousEventId":"7x3g2nckq4a7fox","previousOperationId":"x4f6sz9nujc8by0","operationId":"x4f6sz9nujc8by0","timestamp":1753278918748,"id":"2kldw6e5yikyhal"}
