{"type":"operationStart","subtype":"profile","data":{"_id":"mBlf9h5oVZzP387z","timestamp":"2025-07-22T18:21:27.189Z","state":"queued","mode":"standard","creationDate":"2025-07-22T18:21:27.189Z","modificationDate":"2025-07-22T18:21:27.189Z","shortid":"AcHHxaL","$entitySet":"profiles"},"doDiffs":false,"timestamp":1753208487189,"id":"hjj3a6o03qw1odw","previousOperationId":null,"operationId":"fe9kbahdphamkcn"}
{"type":"log","level":"info","message":"Render request 20 queued for execution and waiting for available worker","previousOperationId":"fe9kbahdphamkcn","timestamp":1753208487189,"id":"hjagkjguzf1l3df"}
{"type":"operationStart","subtype":"render","name":"report-collaborators","previousOperationId":"fe9kbahdphamkcn","timestamp":1753208487195,"id":"eh6z0t7lhqhm8j8","previousEventId":"hjj3a6o03qw1odw","operationId":"umasc42umjg2fry"}
{"type":"log","timestamp":1753208487195,"level":"info","message":"Starting rendering request 20","meta":{"rootId":"9kvssj16t2qbe65","id":"9kvssj16t2qbe65"},"id":"hbg56zz2eta6xeq","previousOperationId":"umasc42umjg2fry"}
{"type":"log","timestamp":1753208487195,"level":"info","message":"Rendering template { name: report-collaborators, recipe: chrome-pdf, engine: jsrender, preview: false }","meta":{"rootId":"9kvssj16t2qbe65","id":"9kvssj16t2qbe65"},"id":"ytoshqt6f50z3so","previousOperationId":"umasc42umjg2fry"}
{"type":"log","timestamp":1753208487195,"level":"debug","message":"Inline data specified.","meta":{"rootId":"9kvssj16t2qbe65","id":"9kvssj16t2qbe65"},"id":"38qlrdxgp790qt0","previousOperationId":"umasc42umjg2fry"}
{"type":"log","timestamp":1753208487197,"level":"debug","message":"Base url not specified, skipping its injection.","meta":{"rootId":"9kvssj16t2qbe65","id":"9kvssj16t2qbe65"},"id":"f0ncwesinygulye","previousOperationId":"umasc42umjg2fry"}
{"type":"operationStart","subtype":"engine","name":"jsrender","timestamp":1753208487197,"id":"1iwmljpv42mxfej","previousEventId":"eh6z0t7lhqhm8j8","operationId":"yfexlo2d4wa20g2","previousOperationId":"umasc42umjg2fry"}
{"type":"log","timestamp":1753208487197,"level":"debug","message":"Rendering engine jsrender","meta":{"rootId":"9kvssj16t2qbe65","id":"9kvssj16t2qbe65"},"id":"kl6jmixka2qeen1","previousOperationId":"yfexlo2d4wa20g2"}
{"type":"operationEnd","operationId":"yfexlo2d4wa20g2","timestamp":1753208487205,"id":"kns1ylq42wrk1kg","previousEventId":"1iwmljpv42mxfej","previousOperationId":"yfexlo2d4wa20g2"}
{"type":"operationStart","subtype":"recipe","name":"chrome-pdf","timestamp":1753208487205,"id":"sohabrirqaxgwvo","previousEventId":"kns1ylq42wrk1kg","operationId":"n6xotznaym1dfg0","previousOperationId":"yfexlo2d4wa20g2"}
{"type":"log","timestamp":1753208487205,"level":"debug","message":"Executing recipe chrome-pdf","meta":{"rootId":"9kvssj16t2qbe65","id":"9kvssj16t2qbe65"},"id":"gkpscz5y644nqmv","previousOperationId":"n6xotznaym1dfg0"}
{"type":"log","timestamp":1753208487205,"level":"debug","message":"Starting child request to render pdf header","meta":{"rootId":"9kvssj16t2qbe65","id":"9kvssj16t2qbe65"},"id":"hs9271o7frho4f2","previousOperationId":"n6xotznaym1dfg0"}
{"type":"operationStart","subtype":"render","name":"anonymous","previousOperationId":"n6xotznaym1dfg0","timestamp":1753208487205,"id":"0gymkh29wzpr3h1","previousEventId":"sohabrirqaxgwvo","operationId":"u5vxotvdmsqj742"}
{"type":"log","timestamp":1753208487205,"level":"info","message":"Starting rendering (child) request","meta":{"rootId":"9kvssj16t2qbe65","id":"7rejlahbgu2gpi5"},"id":"s0weki87i1c9bjf","previousOperationId":"u5vxotvdmsqj742"}
{"type":"log","timestamp":1753208487206,"level":"info","message":"Rendering anonymous template { recipe: html, engine: jsrender }","meta":{"rootId":"9kvssj16t2qbe65","id":"7rejlahbgu2gpi5"},"id":"br876k3x7h26rfi","previousOperationId":"u5vxotvdmsqj742"}
{"type":"log","timestamp":1753208487206,"level":"debug","message":"Inline data specified.","meta":{"rootId":"9kvssj16t2qbe65","id":"7rejlahbgu2gpi5"},"id":"th4b9ulkledj800","previousOperationId":"u5vxotvdmsqj742"}
{"type":"log","timestamp":1753208487206,"level":"debug","message":"Base url not specified, skipping its injection.","meta":{"rootId":"9kvssj16t2qbe65","id":"7rejlahbgu2gpi5"},"id":"uk0f968v7c90a3c","previousOperationId":"u5vxotvdmsqj742"}
{"type":"operationStart","subtype":"engine","name":"jsrender","timestamp":1753208487206,"id":"w0u5kuke68tp50d","previousEventId":"0gymkh29wzpr3h1","operationId":"5zpwsv4nedko158","previousOperationId":"u5vxotvdmsqj742"}
{"type":"log","timestamp":1753208487206,"level":"debug","message":"Rendering engine jsrender","meta":{"rootId":"9kvssj16t2qbe65","id":"7rejlahbgu2gpi5"},"id":"ujofzbsngw8gqd6","previousOperationId":"5zpwsv4nedko158"}
{"type":"operationEnd","operationId":"5zpwsv4nedko158","timestamp":1753208487209,"id":"sivqckswb5yy1fd","previousEventId":"w0u5kuke68tp50d","previousOperationId":"5zpwsv4nedko158"}
{"type":"operationStart","subtype":"recipe","name":"html","timestamp":1753208487209,"id":"tw52ts3vo3movk1","previousEventId":"sivqckswb5yy1fd","operationId":"6m5buqphtspvfo0","previousOperationId":"5zpwsv4nedko158"}
{"type":"log","timestamp":1753208487209,"level":"debug","message":"Executing recipe html","meta":{"rootId":"9kvssj16t2qbe65","id":"7rejlahbgu2gpi5"},"id":"bm8vbxvmqxav86l","previousOperationId":"6m5buqphtspvfo0"}
{"type":"operationEnd","operationId":"6m5buqphtspvfo0","timestamp":1753208487209,"id":"70ajo7av10rz47r","previousEventId":"tw52ts3vo3movk1","previousOperationId":"6m5buqphtspvfo0"}
{"type":"log","timestamp":1753208487209,"level":"debug","message":"Skipping storing report.","meta":{"rootId":"9kvssj16t2qbe65","id":"7rejlahbgu2gpi5"},"id":"odwkb8iepssrf1e","previousOperationId":"6m5buqphtspvfo0"}
{"type":"log","timestamp":1753208487209,"level":"info","message":"Rendering (child) request finished in 20 ms","meta":{"rootId":"9kvssj16t2qbe65","id":"7rejlahbgu2gpi5"},"id":"hb58dm7dv74n3jc","previousOperationId":"6m5buqphtspvfo0"}
{"type":"operationEnd","subtype":"render","operationId":"u5vxotvdmsqj742","timestamp":1753208487209,"id":"qs4c4tnow83usj0","previousEventId":"70ajo7av10rz47r","previousOperationId":"6m5buqphtspvfo0"}
{"type":"log","timestamp":1753208487209,"level":"debug","message":"Starting child request to render pdf footer","meta":{"rootId":"9kvssj16t2qbe65","id":"9kvssj16t2qbe65"},"id":"djliwo53ii2as3x","previousOperationId":"n6xotznaym1dfg0"}
{"type":"operationStart","subtype":"render","name":"anonymous","previousOperationId":"n6xotznaym1dfg0","timestamp":1753208487209,"id":"59x2vhpvof4q7nt","previousEventId":"sohabrirqaxgwvo","operationId":"ul9z7mvcarw3lc7"}
{"type":"log","timestamp":1753208487209,"level":"info","message":"Starting rendering (child) request","meta":{"rootId":"9kvssj16t2qbe65","id":"irmodtisjhbjiu3"},"id":"atvxqrqncrwx6o1","previousOperationId":"ul9z7mvcarw3lc7"}
{"type":"log","timestamp":1753208487209,"level":"info","message":"Rendering anonymous template { recipe: html, engine: jsrender }","meta":{"rootId":"9kvssj16t2qbe65","id":"irmodtisjhbjiu3"},"id":"cpl8c0u2sjp13zm","previousOperationId":"ul9z7mvcarw3lc7"}
{"type":"log","timestamp":1753208487209,"level":"debug","message":"Inline data specified.","meta":{"rootId":"9kvssj16t2qbe65","id":"irmodtisjhbjiu3"},"id":"mzql0punr4u5in0","previousOperationId":"ul9z7mvcarw3lc7"}
{"type":"log","timestamp":1753208487209,"level":"debug","message":"Base url not specified, skipping its injection.","meta":{"rootId":"9kvssj16t2qbe65","id":"irmodtisjhbjiu3"},"id":"nwgimd5j5z0hn3l","previousOperationId":"ul9z7mvcarw3lc7"}
{"type":"operationStart","subtype":"engine","name":"jsrender","timestamp":1753208487209,"id":"vrl9jysfjrp6cm2","previousEventId":"59x2vhpvof4q7nt","operationId":"3tm1if9ni71xhl0","previousOperationId":"ul9z7mvcarw3lc7"}
{"type":"log","timestamp":1753208487209,"level":"debug","message":"Rendering engine jsrender","meta":{"rootId":"9kvssj16t2qbe65","id":"irmodtisjhbjiu3"},"id":"eck2wey7kfl7l8k","previousOperationId":"3tm1if9ni71xhl0"}
{"type":"operationEnd","operationId":"3tm1if9ni71xhl0","timestamp":1753208487212,"id":"zcoe53kis5o831v","previousEventId":"vrl9jysfjrp6cm2","previousOperationId":"3tm1if9ni71xhl0"}
{"type":"operationStart","subtype":"recipe","name":"html","timestamp":1753208487212,"id":"167s18w090ho3ny","previousEventId":"zcoe53kis5o831v","operationId":"amxo61yqk7ttqjr","previousOperationId":"3tm1if9ni71xhl0"}
{"type":"log","timestamp":1753208487212,"level":"debug","message":"Executing recipe html","meta":{"rootId":"9kvssj16t2qbe65","id":"irmodtisjhbjiu3"},"id":"x4apshqb4w9u0mh","previousOperationId":"amxo61yqk7ttqjr"}
{"type":"operationEnd","operationId":"amxo61yqk7ttqjr","timestamp":1753208487212,"id":"mh0twirg2hbiwh0","previousEventId":"167s18w090ho3ny","previousOperationId":"amxo61yqk7ttqjr"}
{"type":"log","timestamp":1753208487212,"level":"debug","message":"Skipping storing report.","meta":{"rootId":"9kvssj16t2qbe65","id":"irmodtisjhbjiu3"},"id":"2hjgvi1tfmnxf8i","previousOperationId":"amxo61yqk7ttqjr"}
{"type":"log","timestamp":1753208487212,"level":"info","message":"Rendering (child) request finished in 23 ms","meta":{"rootId":"9kvssj16t2qbe65","id":"irmodtisjhbjiu3"},"id":"kmbzt6v092vk3jl","previousOperationId":"amxo61yqk7ttqjr"}
{"type":"operationEnd","subtype":"render","operationId":"ul9z7mvcarw3lc7","timestamp":1753208487212,"id":"ax9m0nwjrfvt9b4","previousEventId":"mh0twirg2hbiwh0","previousOperationId":"amxo61yqk7ttqjr"}
{"type":"log","timestamp":1753208487213,"level":"debug","message":"Converting with chrome Chrome/136.0.7103.49 using chrome-pool strategy","meta":{"rootId":"9kvssj16t2qbe65","id":"9kvssj16t2qbe65"},"id":"vqj82r7nmkuaahj","previousOperationId":"n6xotznaym1dfg0"}
{"type":"log","timestamp":1753208487228,"level":"debug","message":"Page request: GET (document) file:///tmp/jsreport/autocleanup/006e682d-21eb-4f41-895d-afa934f4b26e-chrome-pdf.html","meta":{"rootId":"9kvssj16t2qbe65","id":"9kvssj16t2qbe65"},"id":"5l8s4b8bkqi39qm","previousOperationId":"n6xotznaym1dfg0"}
{"type":"log","timestamp":1753208487233,"level":"debug","message":"Page request finished: GET (document) 200 file:///tmp/jsreport/autocleanup/006e682d-21eb-4f41-895d-afa934f4b26e-chrome-pdf.html","meta":{"rootId":"9kvssj16t2qbe65","id":"9kvssj16t2qbe65"},"id":"uzuece7qvvkuhps","previousOperationId":"n6xotznaym1dfg0"}
{"type":"log","timestamp":1753208487239,"level":"debug","message":"Running chrome with params {\"printBackground\":true,\"format\":\"A4\",\"margin\":{},\"headerTemplate\":\"...\",\"footerTemplate\":\"...\",\"timeout\":59977}","meta":{"rootId":"9kvssj16t2qbe65","id":"9kvssj16t2qbe65"},"id":"5bjpv3zvzf5qsup","previousOperationId":"n6xotznaym1dfg0"}
{"type":"operationEnd","operationId":"n6xotznaym1dfg0","timestamp":1753208487264,"id":"0ebsmhczsz3d23b","previousEventId":"sohabrirqaxgwvo","previousOperationId":"n6xotznaym1dfg0"}
{"type":"log","timestamp":1753208487264,"level":"debug","message":"Skipping storing report.","meta":{"rootId":"9kvssj16t2qbe65","id":"9kvssj16t2qbe65"},"id":"n43v1q6ckj2lp60","previousOperationId":"n6xotznaym1dfg0"}
{"type":"log","timestamp":1753208487264,"level":"info","message":"Rendering request 20 finished in 75 ms","meta":{"rootId":"9kvssj16t2qbe65","id":"9kvssj16t2qbe65"},"id":"7sgahzlpat2udpq","previousOperationId":"n6xotznaym1dfg0"}
{"type":"operationEnd","subtype":"render","operationId":"umasc42umjg2fry","timestamp":1753208487264,"id":"czvlarjdz9m9ggs","previousEventId":"0ebsmhczsz3d23b","previousOperationId":"n6xotznaym1dfg0"}
{"type":"operationEnd","doDiffs":false,"previousEventId":"hjj3a6o03qw1odw","previousOperationId":"fe9kbahdphamkcn","operationId":"fe9kbahdphamkcn","timestamp":1753208487266,"id":"9pj7r64oywokvq7"}
