{"type":"operationStart","subtype":"profile","data":{"_id":"540xQWy2EXjibAhJ","timestamp":"2025-07-28T22:44:13.565Z","state":"queued","mode":"standard","creationDate":"2025-07-28T22:44:13.567Z","modificationDate":"2025-07-28T22:44:13.567Z","shortid":"80B4XGu","$entitySet":"profiles"},"doDiffs":false,"timestamp":1753742653566,"id":"or21sga0tsgoomc","previousOperationId":null,"operationId":"2zfhqkrktrdr61k"}
{"type":"log","level":"info","message":"Render request 2 queued for execution and waiting for available worker","previousOperationId":"2zfhqkrktrdr61k","timestamp":1753742653566,"id":"lbd20h0b0vvyzuh"}
{"type":"operationStart","subtype":"render","name":"report-collaborators","previousOperationId":"2zfhqkrktrdr61k","timestamp":1753742653572,"id":"5z0jjqkoqzsgykb","previousEventId":"or21sga0tsgoomc","operationId":"uqhk5qojqgevy4f"}
{"type":"log","timestamp":1753742653572,"level":"info","message":"Starting rendering request 2","meta":{"rootId":"ayrfrkjwrx1zt9y","id":"ayrfrkjwrx1zt9y"},"id":"bsfn89m9yo4wfty","previousOperationId":"uqhk5qojqgevy4f"}
{"type":"log","timestamp":1753742653572,"level":"info","message":"Rendering template { name: report-collaborators, recipe: chrome-pdf, engine: jsrender, preview: false }","meta":{"rootId":"ayrfrkjwrx1zt9y","id":"ayrfrkjwrx1zt9y"},"id":"qiog9ridto8oqae","previousOperationId":"uqhk5qojqgevy4f"}
{"type":"log","timestamp":1753742653573,"level":"debug","message":"Inline data specified.","meta":{"rootId":"ayrfrkjwrx1zt9y","id":"ayrfrkjwrx1zt9y"},"id":"5gobe1uv236zzyg","previousOperationId":"uqhk5qojqgevy4f"}
{"type":"log","timestamp":1753742653574,"level":"debug","message":"Base url not specified, skipping its injection.","meta":{"rootId":"ayrfrkjwrx1zt9y","id":"ayrfrkjwrx1zt9y"},"id":"pbok8qkgv6vun5f","previousOperationId":"uqhk5qojqgevy4f"}
{"type":"operationStart","subtype":"engine","name":"jsrender","timestamp":1753742653575,"id":"qfp0zmrsac2dtcb","previousEventId":"5z0jjqkoqzsgykb","operationId":"hy9nobg1gcu53v3","previousOperationId":"uqhk5qojqgevy4f"}
{"type":"log","timestamp":1753742653575,"level":"debug","message":"Rendering engine jsrender","meta":{"rootId":"ayrfrkjwrx1zt9y","id":"ayrfrkjwrx1zt9y"},"id":"voqzc31iioyuem0","previousOperationId":"hy9nobg1gcu53v3"}
{"type":"operationEnd","operationId":"hy9nobg1gcu53v3","timestamp":1753742653797,"id":"9rq7s0jxrahdnfj","previousEventId":"qfp0zmrsac2dtcb","previousOperationId":"hy9nobg1gcu53v3"}
{"type":"operationStart","subtype":"recipe","name":"chrome-pdf","timestamp":1753742653798,"id":"5w0yn3f2emch2aw","previousEventId":"9rq7s0jxrahdnfj","operationId":"ucwfm8c365apa6n","previousOperationId":"hy9nobg1gcu53v3"}
{"type":"log","timestamp":1753742653798,"level":"debug","message":"Executing recipe chrome-pdf","meta":{"rootId":"ayrfrkjwrx1zt9y","id":"ayrfrkjwrx1zt9y"},"id":"xz5wipqy9nsidkp","previousOperationId":"ucwfm8c365apa6n"}
{"type":"log","timestamp":1753742653990,"level":"debug","message":"Converting with chrome Chrome/136.0.7103.49 using chrome-pool strategy","meta":{"rootId":"ayrfrkjwrx1zt9y","id":"ayrfrkjwrx1zt9y"},"id":"ovnoysgyadyr1ws","previousOperationId":"ucwfm8c365apa6n"}
{"type":"log","timestamp":1753742654013,"level":"debug","message":"Page request: GET (document) file:///tmp/jsreport/autocleanup/959947c4-8a00-43bc-85f0-b9c1298d9d53-chrome-pdf.html","meta":{"rootId":"ayrfrkjwrx1zt9y","id":"ayrfrkjwrx1zt9y"},"id":"h8r4nbbvjgh4fz5","previousOperationId":"ucwfm8c365apa6n"}
{"type":"log","timestamp":1753742654020,"level":"debug","message":"Page request finished: GET (document) 200 file:///tmp/jsreport/autocleanup/959947c4-8a00-43bc-85f0-b9c1298d9d53-chrome-pdf.html","meta":{"rootId":"ayrfrkjwrx1zt9y","id":"ayrfrkjwrx1zt9y"},"id":"qd6c53ha4dsfddr","previousOperationId":"ucwfm8c365apa6n"}
{"type":"log","timestamp":1753742654027,"level":"debug","message":"Running chrome with params {\"printBackground\":true,\"timeout\":59765,\"margin\":{}}","meta":{"rootId":"ayrfrkjwrx1zt9y","id":"ayrfrkjwrx1zt9y"},"id":"p0xa6k3e1h4nz9k","previousOperationId":"ucwfm8c365apa6n"}
{"type":"operationEnd","operationId":"ucwfm8c365apa6n","timestamp":1753742654058,"id":"ngvvcg3cbrmqee4","previousEventId":"5w0yn3f2emch2aw","previousOperationId":"ucwfm8c365apa6n"}
{"type":"log","timestamp":1753742654059,"level":"debug","message":"Skipping storing report.","meta":{"rootId":"ayrfrkjwrx1zt9y","id":"ayrfrkjwrx1zt9y"},"id":"whqm8ibmgsxdg6s","previousOperationId":"ucwfm8c365apa6n"}
{"type":"log","timestamp":1753742654059,"level":"info","message":"Rendering request 2 finished in 494 ms","meta":{"rootId":"ayrfrkjwrx1zt9y","id":"ayrfrkjwrx1zt9y"},"id":"vie9m9pwkjw5ope","previousOperationId":"ucwfm8c365apa6n"}
{"type":"operationEnd","subtype":"render","operationId":"uqhk5qojqgevy4f","timestamp":1753742654059,"id":"kk2nm825m8cvejp","previousEventId":"ngvvcg3cbrmqee4","previousOperationId":"ucwfm8c365apa6n"}
{"type":"operationEnd","doDiffs":false,"previousEventId":"or21sga0tsgoomc","previousOperationId":"2zfhqkrktrdr61k","operationId":"2zfhqkrktrdr61k","timestamp":1753742654061,"id":"7bpm2dopflq8ckj"}
