{"type":"operationStart","subtype":"profile","data":{"_id":"ETVR5MJ09YGawVNu","timestamp":"2025-07-23T13:52:58.894Z","state":"queued","mode":"standard","creationDate":"2025-07-23T13:52:58.896Z","modificationDate":"2025-07-23T13:52:58.896Z","shortid":"MNQ2kMR","$entitySet":"profiles"},"doDiffs":false,"timestamp":1753278778895,"id":"hklsr9buop08gu1","previousOperationId":null,"operationId":"u7n7yxya8ly1zyx"}
{"type":"log","level":"info","message":"Render request 1 queued for execution and waiting for available worker","previousOperationId":"u7n7yxya8ly1zyx","timestamp":1753278778895,"id":"q2pjeoywqhp6el2"}
{"type":"operationStart","subtype":"render","name":"report-collaborators","previousOperationId":"u7n7yxya8ly1zyx","timestamp":1753278778901,"id":"3rdyvfrgu1o85n1","previousEventId":"hklsr9buop08gu1","operationId":"v8gzeocryg87y1j"}
{"type":"log","timestamp":1753278778901,"level":"info","message":"Starting rendering request 1","meta":{"rootId":"cak5zk2n440rb6w","id":"cak5zk2n440rb6w"},"id":"9w1o566m5231vkc","previousOperationId":"v8gzeocryg87y1j"}
{"type":"log","timestamp":1753278778902,"level":"info","message":"Rendering template { name: report-collaborators, recipe: chrome-pdf, engine: jsrender, preview: false }","meta":{"rootId":"cak5zk2n440rb6w","id":"cak5zk2n440rb6w"},"id":"nypj1ov9pg91u4e","previousOperationId":"v8gzeocryg87y1j"}
{"type":"log","timestamp":1753278778902,"level":"debug","message":"Inline data specified.","meta":{"rootId":"cak5zk2n440rb6w","id":"cak5zk2n440rb6w"},"id":"a38swpw5mkc05ey","previousOperationId":"v8gzeocryg87y1j"}
{"type":"log","timestamp":1753278778905,"level":"debug","message":"Base url not specified, skipping its injection.","meta":{"rootId":"cak5zk2n440rb6w","id":"cak5zk2n440rb6w"},"id":"m602cwtelilj758","previousOperationId":"v8gzeocryg87y1j"}
{"type":"operationStart","subtype":"engine","name":"jsrender","timestamp":1753278778905,"id":"2gvu9345xtd5p4s","previousEventId":"3rdyvfrgu1o85n1","operationId":"9buzn7kt1rkpc6v","previousOperationId":"v8gzeocryg87y1j"}
{"type":"log","timestamp":1753278778905,"level":"debug","message":"Rendering engine jsrender","meta":{"rootId":"cak5zk2n440rb6w","id":"cak5zk2n440rb6w"},"id":"5k7vc5mtskvp9iz","previousOperationId":"9buzn7kt1rkpc6v"}
{"type":"operationEnd","operationId":"9buzn7kt1rkpc6v","timestamp":1753278779192,"id":"aay8v39ua70pzjq","previousEventId":"2gvu9345xtd5p4s","previousOperationId":"9buzn7kt1rkpc6v"}
{"type":"operationStart","subtype":"recipe","name":"chrome-pdf","timestamp":1753278779192,"id":"5i6ynu6vl0sznjp","previousEventId":"aay8v39ua70pzjq","operationId":"rmuyzacqo82c0w5","previousOperationId":"9buzn7kt1rkpc6v"}
{"type":"log","timestamp":1753278779192,"level":"debug","message":"Executing recipe chrome-pdf","meta":{"rootId":"cak5zk2n440rb6w","id":"cak5zk2n440rb6w"},"id":"bvc8jzww0wd2vn0","previousOperationId":"rmuyzacqo82c0w5"}
{"type":"log","timestamp":1753278779194,"level":"debug","message":"Starting child request to render pdf header","meta":{"rootId":"cak5zk2n440rb6w","id":"cak5zk2n440rb6w"},"id":"hudqako0f67lqs2","previousOperationId":"rmuyzacqo82c0w5"}
{"type":"operationStart","subtype":"render","name":"anonymous","previousOperationId":"rmuyzacqo82c0w5","timestamp":1753278779194,"id":"gqhied75v7irx5n","previousEventId":"5i6ynu6vl0sznjp","operationId":"gm87zptax4f2rl6"}
{"type":"log","timestamp":1753278779194,"level":"info","message":"Starting rendering (child) request","meta":{"rootId":"cak5zk2n440rb6w","id":"h3yf9cmqfo4agwv"},"id":"jxm8yx93qq21zs2","previousOperationId":"gm87zptax4f2rl6"}
{"type":"log","timestamp":1753278779194,"level":"info","message":"Rendering anonymous template { recipe: html, engine: jsrender }","meta":{"rootId":"cak5zk2n440rb6w","id":"h3yf9cmqfo4agwv"},"id":"q7ujmj1m569pfpi","previousOperationId":"gm87zptax4f2rl6"}
{"type":"log","timestamp":1753278779194,"level":"debug","message":"Inline data specified.","meta":{"rootId":"cak5zk2n440rb6w","id":"h3yf9cmqfo4agwv"},"id":"eh6nqky43pp1b0n","previousOperationId":"gm87zptax4f2rl6"}
{"type":"log","timestamp":1753278779198,"level":"debug","message":"Base url not specified, skipping its injection.","meta":{"rootId":"cak5zk2n440rb6w","id":"h3yf9cmqfo4agwv"},"id":"kriwww58k52c6id","previousOperationId":"gm87zptax4f2rl6"}
{"type":"operationStart","subtype":"engine","name":"jsrender","timestamp":1753278779198,"id":"lnsd4mwb9sfyyar","previousEventId":"gqhied75v7irx5n","operationId":"cn471cdrfirqrbk","previousOperationId":"gm87zptax4f2rl6"}
{"type":"log","timestamp":1753278779198,"level":"debug","message":"Rendering engine jsrender","meta":{"rootId":"cak5zk2n440rb6w","id":"h3yf9cmqfo4agwv"},"id":"k3mp9f6el6jbh3z","previousOperationId":"cn471cdrfirqrbk"}
{"type":"operationEnd","operationId":"cn471cdrfirqrbk","timestamp":1753278779207,"id":"rmlm7n0l7uv7dm6","previousEventId":"lnsd4mwb9sfyyar","previousOperationId":"cn471cdrfirqrbk"}
{"type":"operationStart","subtype":"recipe","name":"html","timestamp":1753278779207,"id":"mgwhtwxlavb2ida","previousEventId":"rmlm7n0l7uv7dm6","operationId":"tkztrfr1zo6aerz","previousOperationId":"cn471cdrfirqrbk"}
{"type":"log","timestamp":1753278779207,"level":"debug","message":"Executing recipe html","meta":{"rootId":"cak5zk2n440rb6w","id":"h3yf9cmqfo4agwv"},"id":"vlire4n0kbgjs5o","previousOperationId":"tkztrfr1zo6aerz"}
{"type":"operationEnd","operationId":"tkztrfr1zo6aerz","timestamp":1753278779207,"id":"yogvgewdlv3h404","previousEventId":"mgwhtwxlavb2ida","previousOperationId":"tkztrfr1zo6aerz"}
{"type":"log","timestamp":1753278779208,"level":"debug","message":"Skipping storing report.","meta":{"rootId":"cak5zk2n440rb6w","id":"h3yf9cmqfo4agwv"},"id":"sqej2clt5fq907u","previousOperationId":"tkztrfr1zo6aerz"}
{"type":"log","timestamp":1753278779208,"level":"info","message":"Rendering (child) request finished in 314 ms","meta":{"rootId":"cak5zk2n440rb6w","id":"h3yf9cmqfo4agwv"},"id":"9xqfw0pbtzoixss","previousOperationId":"tkztrfr1zo6aerz"}
{"type":"operationEnd","subtype":"render","operationId":"gm87zptax4f2rl6","timestamp":1753278779208,"id":"cbq0e76cirvodhb","previousEventId":"yogvgewdlv3h404","previousOperationId":"tkztrfr1zo6aerz"}
{"type":"log","timestamp":1753278779208,"level":"debug","message":"Starting child request to render pdf footer","meta":{"rootId":"cak5zk2n440rb6w","id":"cak5zk2n440rb6w"},"id":"9o8edmyhczqr64t","previousOperationId":"rmuyzacqo82c0w5"}
{"type":"operationStart","subtype":"render","name":"anonymous","previousOperationId":"rmuyzacqo82c0w5","timestamp":1753278779208,"id":"y3bkc8sytmxo1qr","previousEventId":"5i6ynu6vl0sznjp","operationId":"v6uo5yefkamtlg0"}
{"type":"log","timestamp":1753278779208,"level":"info","message":"Starting rendering (child) request","meta":{"rootId":"cak5zk2n440rb6w","id":"y29sa0aawknh6hb"},"id":"rz2bq4h2c36hxkf","previousOperationId":"v6uo5yefkamtlg0"}
{"type":"log","timestamp":1753278779208,"level":"info","message":"Rendering anonymous template { recipe: html, engine: jsrender }","meta":{"rootId":"cak5zk2n440rb6w","id":"y29sa0aawknh6hb"},"id":"rnpix2d7azgdv1o","previousOperationId":"v6uo5yefkamtlg0"}
{"type":"log","timestamp":1753278779208,"level":"debug","message":"Inline data specified.","meta":{"rootId":"cak5zk2n440rb6w","id":"y29sa0aawknh6hb"},"id":"l6gh4l0ewetiqjs","previousOperationId":"v6uo5yefkamtlg0"}
{"type":"log","timestamp":1753278779209,"level":"debug","message":"Base url not specified, skipping its injection.","meta":{"rootId":"cak5zk2n440rb6w","id":"y29sa0aawknh6hb"},"id":"6gs6ip4j0is7mbg","previousOperationId":"v6uo5yefkamtlg0"}
{"type":"operationStart","subtype":"engine","name":"jsrender","timestamp":1753278779209,"id":"km39k8g7egb3l66","previousEventId":"y3bkc8sytmxo1qr","operationId":"gwx85zgmc6sldag","previousOperationId":"v6uo5yefkamtlg0"}
{"type":"log","timestamp":1753278779209,"level":"debug","message":"Rendering engine jsrender","meta":{"rootId":"cak5zk2n440rb6w","id":"y29sa0aawknh6hb"},"id":"rb5kytqd09osqsl","previousOperationId":"gwx85zgmc6sldag"}
{"type":"operationEnd","operationId":"gwx85zgmc6sldag","timestamp":1753278779213,"id":"myjyqp18xadqv6i","previousEventId":"km39k8g7egb3l66","previousOperationId":"gwx85zgmc6sldag"}
{"type":"operationStart","subtype":"recipe","name":"html","timestamp":1753278779213,"id":"yd6rx6p6fta4nbt","previousEventId":"myjyqp18xadqv6i","operationId":"x5vwi9io2inaesa","previousOperationId":"gwx85zgmc6sldag"}
{"type":"log","timestamp":1753278779213,"level":"debug","message":"Executing recipe html","meta":{"rootId":"cak5zk2n440rb6w","id":"y29sa0aawknh6hb"},"id":"f19bvgsdgnae2mj","previousOperationId":"x5vwi9io2inaesa"}
{"type":"operationEnd","operationId":"x5vwi9io2inaesa","timestamp":1753278779213,"id":"6s98xwtzx6it3p5","previousEventId":"yd6rx6p6fta4nbt","previousOperationId":"x5vwi9io2inaesa"}
{"type":"log","timestamp":1753278779213,"level":"debug","message":"Skipping storing report.","meta":{"rootId":"cak5zk2n440rb6w","id":"y29sa0aawknh6hb"},"id":"7larb2zop4sj4bm","previousOperationId":"x5vwi9io2inaesa"}
{"type":"log","timestamp":1753278779213,"level":"info","message":"Rendering (child) request finished in 319 ms","meta":{"rootId":"cak5zk2n440rb6w","id":"y29sa0aawknh6hb"},"id":"vowdvfhmfxy37xf","previousOperationId":"x5vwi9io2inaesa"}
{"type":"operationEnd","subtype":"render","operationId":"v6uo5yefkamtlg0","timestamp":1753278779213,"id":"wx2mfankakqb5r7","previousEventId":"6s98xwtzx6it3p5","previousOperationId":"x5vwi9io2inaesa"}
{"type":"log","timestamp":1753278779629,"level":"debug","message":"Converting with chrome Chrome/136.0.7103.49 using chrome-pool strategy","meta":{"rootId":"cak5zk2n440rb6w","id":"cak5zk2n440rb6w"},"id":"n6k6jt9wi31ma9o","previousOperationId":"rmuyzacqo82c0w5"}
{"type":"log","timestamp":1753278779661,"level":"debug","message":"Page request: GET (document) file:///tmp/jsreport/autocleanup/aa838c3f-c4c8-4038-9742-0a0ddc5de072-chrome-pdf.html","meta":{"rootId":"cak5zk2n440rb6w","id":"cak5zk2n440rb6w"},"id":"bg1klbhkxq9ygbj","previousOperationId":"rmuyzacqo82c0w5"}
{"type":"log","timestamp":1753278779670,"level":"debug","message":"Page request finished: GET (document) 200 file:///tmp/jsreport/autocleanup/aa838c3f-c4c8-4038-9742-0a0ddc5de072-chrome-pdf.html","meta":{"rootId":"cak5zk2n440rb6w","id":"cak5zk2n440rb6w"},"id":"munknyd2wiwgfkv","previousOperationId":"rmuyzacqo82c0w5"}
{"type":"log","timestamp":1753278779679,"level":"debug","message":"Running chrome with params {\"printBackground\":true,\"format\":\"A4\",\"margin\":{},\"headerTemplate\":\"...\",\"footerTemplate\":\"...\",\"timeout\":59679}","meta":{"rootId":"cak5zk2n440rb6w","id":"cak5zk2n440rb6w"},"id":"ueivid5lxoihzb3","previousOperationId":"rmuyzacqo82c0w5"}
{"type":"operationEnd","operationId":"rmuyzacqo82c0w5","timestamp":1753278779720,"id":"5y0k7uip5pfgsup","previousEventId":"5i6ynu6vl0sznjp","previousOperationId":"rmuyzacqo82c0w5"}
{"type":"log","timestamp":1753278779720,"level":"debug","message":"Skipping storing report.","meta":{"rootId":"cak5zk2n440rb6w","id":"cak5zk2n440rb6w"},"id":"8l9x9e0etf9ds2u","previousOperationId":"rmuyzacqo82c0w5"}
{"type":"log","timestamp":1753278779720,"level":"info","message":"Rendering request 1 finished in 826 ms","meta":{"rootId":"cak5zk2n440rb6w","id":"cak5zk2n440rb6w"},"id":"hujsxfjxlbf1moe","previousOperationId":"rmuyzacqo82c0w5"}
{"type":"operationEnd","subtype":"render","operationId":"v8gzeocryg87y1j","timestamp":1753278779720,"id":"ddp0p5cxy186m0c","previousEventId":"5y0k7uip5pfgsup","previousOperationId":"rmuyzacqo82c0w5"}
{"type":"operationEnd","doDiffs":false,"previousEventId":"hklsr9buop08gu1","previousOperationId":"u7n7yxya8ly1zyx","operationId":"u7n7yxya8ly1zyx","timestamp":1753278779721,"id":"raaqdmxroicx88m"}
