{"type":"operationStart","subtype":"profile","data":{"_id":"fIlajsK9c31aA6pQ","timestamp":"2025-07-28T22:45:04.742Z","state":"queued","mode":"standard","creationDate":"2025-07-28T22:45:04.743Z","modificationDate":"2025-07-28T22:45:04.743Z","shortid":"GQcd1dh","$entitySet":"profiles"},"doDiffs":false,"timestamp":1753742704742,"id":"y8z7kdo8bakru8w","previousOperationId":null,"operationId":"6i4h15aysgybh4d"}
{"type":"log","level":"info","message":"Render request 3 queued for execution and waiting for available worker","previousOperationId":"6i4h15aysgybh4d","timestamp":1753742704742,"id":"aevk556ckc446pv"}
{"type":"operationStart","subtype":"render","name":"report-collaborators","previousOperationId":"6i4h15aysgybh4d","timestamp":1753742704745,"id":"k1hxgeco1ynsc24","previousEventId":"y8z7kdo8bakru8w","operationId":"xmig1www04po1ke"}
{"type":"log","timestamp":1753742704746,"level":"info","message":"Starting rendering request 3","meta":{"rootId":"j2c9br3s3vx1fa0","id":"j2c9br3s3vx1fa0"},"id":"vrzyon5zvrihmd9","previousOperationId":"xmig1www04po1ke"}
{"type":"log","timestamp":1753742704746,"level":"info","message":"Rendering template { name: report-collaborators, recipe: chrome-pdf, engine: jsrender, preview: false }","meta":{"rootId":"j2c9br3s3vx1fa0","id":"j2c9br3s3vx1fa0"},"id":"h9nppj4wun1q1ni","previousOperationId":"xmig1www04po1ke"}
{"type":"log","timestamp":1753742704747,"level":"debug","message":"Inline data specified.","meta":{"rootId":"j2c9br3s3vx1fa0","id":"j2c9br3s3vx1fa0"},"id":"go7rbhoroby1m49","previousOperationId":"xmig1www04po1ke"}
{"type":"log","timestamp":1753742704748,"level":"debug","message":"Base url not specified, skipping its injection.","meta":{"rootId":"j2c9br3s3vx1fa0","id":"j2c9br3s3vx1fa0"},"id":"u5z79u4l1k16oh5","previousOperationId":"xmig1www04po1ke"}
{"type":"operationStart","subtype":"engine","name":"jsrender","timestamp":1753742704749,"id":"9mbdk2twpz3hznl","previousEventId":"k1hxgeco1ynsc24","operationId":"8t4m5wue8614tf7","previousOperationId":"xmig1www04po1ke"}
{"type":"log","timestamp":1753742704749,"level":"debug","message":"Rendering engine jsrender","meta":{"rootId":"j2c9br3s3vx1fa0","id":"j2c9br3s3vx1fa0"},"id":"j7ltl4lmk0u7tjm","previousOperationId":"8t4m5wue8614tf7"}
{"type":"operationEnd","operationId":"8t4m5wue8614tf7","timestamp":1753742704756,"id":"4nhoruyvvra9dns","previousEventId":"9mbdk2twpz3hznl","previousOperationId":"8t4m5wue8614tf7"}
{"type":"operationStart","subtype":"recipe","name":"chrome-pdf","timestamp":1753742704756,"id":"vld8uhd63vbw616","previousEventId":"4nhoruyvvra9dns","operationId":"h4g3qx3ifo2hk4g","previousOperationId":"8t4m5wue8614tf7"}
{"type":"log","timestamp":1753742704756,"level":"debug","message":"Executing recipe chrome-pdf","meta":{"rootId":"j2c9br3s3vx1fa0","id":"j2c9br3s3vx1fa0"},"id":"ztzf5oafzipp299","previousOperationId":"h4g3qx3ifo2hk4g"}
{"type":"log","timestamp":1753742704758,"level":"debug","message":"Converting with chrome Chrome/136.0.7103.49 using chrome-pool strategy","meta":{"rootId":"j2c9br3s3vx1fa0","id":"j2c9br3s3vx1fa0"},"id":"5i8zgg6g5vzhytb","previousOperationId":"h4g3qx3ifo2hk4g"}
{"type":"log","timestamp":1753742704783,"level":"debug","message":"Page request: GET (document) file:///tmp/jsreport/autocleanup/55b5ef27-d3a8-4947-b03e-857f82d81f95-chrome-pdf.html","meta":{"rootId":"j2c9br3s3vx1fa0","id":"j2c9br3s3vx1fa0"},"id":"2fb1rht3wcirv0o","previousOperationId":"h4g3qx3ifo2hk4g"}
{"type":"log","timestamp":1753742704789,"level":"debug","message":"Page request finished: GET (document) 200 file:///tmp/jsreport/autocleanup/55b5ef27-d3a8-4947-b03e-857f82d81f95-chrome-pdf.html","meta":{"rootId":"j2c9br3s3vx1fa0","id":"j2c9br3s3vx1fa0"},"id":"ck3k4t4xi1gojqi","previousOperationId":"h4g3qx3ifo2hk4g"}
{"type":"log","timestamp":1753742704795,"level":"debug","message":"Running chrome with params {\"printBackground\":true,\"timeout\":59985,\"margin\":{}}","meta":{"rootId":"j2c9br3s3vx1fa0","id":"j2c9br3s3vx1fa0"},"id":"eirkoudh8c5mbw3","previousOperationId":"h4g3qx3ifo2hk4g"}
{"type":"operationEnd","operationId":"h4g3qx3ifo2hk4g","timestamp":1753742704823,"id":"0zrtj89bi6f0p1r","previousEventId":"vld8uhd63vbw616","previousOperationId":"h4g3qx3ifo2hk4g"}
{"type":"log","timestamp":1753742704823,"level":"debug","message":"Skipping storing report.","meta":{"rootId":"j2c9br3s3vx1fa0","id":"j2c9br3s3vx1fa0"},"id":"r35oqchx6dxq3ez","previousOperationId":"h4g3qx3ifo2hk4g"}
{"type":"log","timestamp":1753742704824,"level":"info","message":"Rendering request 3 finished in 82 ms","meta":{"rootId":"j2c9br3s3vx1fa0","id":"j2c9br3s3vx1fa0"},"id":"xd1hh8t190c1145","previousOperationId":"h4g3qx3ifo2hk4g"}
{"type":"operationEnd","subtype":"render","operationId":"xmig1www04po1ke","timestamp":1753742704824,"id":"v2yt6c2pwibc8s6","previousEventId":"0zrtj89bi6f0p1r","previousOperationId":"h4g3qx3ifo2hk4g"}
{"type":"operationEnd","doDiffs":false,"previousEventId":"y8z7kdo8bakru8w","previousOperationId":"6i4h15aysgybh4d","operationId":"6i4h15aysgybh4d","timestamp":1753742704825,"id":"wz68p7uxx2wode4"}
