{"type":"operationStart","subtype":"profile","data":{"_id":"IWIBwcbnrvowLxav","timestamp":"2025-07-23T14:17:57.033Z","state":"queued","mode":"standard","creationDate":"2025-07-23T14:17:57.034Z","modificationDate":"2025-07-23T14:17:57.034Z","shortid":"0gZ3Usm","$entitySet":"profiles"},"doDiffs":false,"timestamp":1753280277034,"id":"7pbcerirctbvb92","previousOperationId":null,"operationId":"laj2dukc01p1tmo"}
{"type":"log","level":"info","message":"Render request 10 queued for execution and waiting for available worker","previousOperationId":"laj2dukc01p1tmo","timestamp":1753280277034,"id":"as5x2krqwn32ace"}
{"type":"operationStart","subtype":"render","name":"report-collaborators","previousOperationId":"laj2dukc01p1tmo","timestamp":1753280277045,"id":"vefftyrbibg5bx8","previousEventId":"7pbcerirctbvb92","operationId":"wqpzrulzam846gc"}
{"type":"log","timestamp":1753280277045,"level":"info","message":"Starting rendering request 10","meta":{"rootId":"lwcp5n57jxym7bp","id":"lwcp5n57jxym7bp"},"id":"kzxrglrhtc6128f","previousOperationId":"wqpzrulzam846gc"}
{"type":"log","timestamp":1753280277045,"level":"info","message":"Rendering template { name: report-collaborators, recipe: chrome-pdf, engine: jsrender, preview: false }","meta":{"rootId":"lwcp5n57jxym7bp","id":"lwcp5n57jxym7bp"},"id":"c2nobmub7mj2bn5","previousOperationId":"wqpzrulzam846gc"}
{"type":"log","timestamp":1753280277046,"level":"debug","message":"Inline data specified.","meta":{"rootId":"lwcp5n57jxym7bp","id":"lwcp5n57jxym7bp"},"id":"obqbsgyv6zciurl","previousOperationId":"wqpzrulzam846gc"}
{"type":"log","timestamp":1753280277048,"level":"debug","message":"Base url not specified, skipping its injection.","meta":{"rootId":"lwcp5n57jxym7bp","id":"lwcp5n57jxym7bp"},"id":"og25qs7xwlhq03e","previousOperationId":"wqpzrulzam846gc"}
{"type":"operationStart","subtype":"engine","name":"jsrender","timestamp":1753280277048,"id":"1k6t35gv01xzco7","previousEventId":"vefftyrbibg5bx8","operationId":"em780iadhuwutvr","previousOperationId":"wqpzrulzam846gc"}
{"type":"log","timestamp":1753280277048,"level":"debug","message":"Rendering engine jsrender","meta":{"rootId":"lwcp5n57jxym7bp","id":"lwcp5n57jxym7bp"},"id":"15ixnqsncn8def5","previousOperationId":"em780iadhuwutvr"}
{"type":"operationEnd","operationId":"em780iadhuwutvr","timestamp":1753280277055,"id":"c3ibzc8ogbcxdjk","previousEventId":"1k6t35gv01xzco7","previousOperationId":"em780iadhuwutvr"}
{"type":"operationStart","subtype":"recipe","name":"chrome-pdf","timestamp":1753280277055,"id":"1mdpxsjsuypvr9z","previousEventId":"c3ibzc8ogbcxdjk","operationId":"3pz7qges53jus4p","previousOperationId":"em780iadhuwutvr"}
{"type":"log","timestamp":1753280277055,"level":"debug","message":"Executing recipe chrome-pdf","meta":{"rootId":"lwcp5n57jxym7bp","id":"lwcp5n57jxym7bp"},"id":"d5jf28snn8i68ga","previousOperationId":"3pz7qges53jus4p"}
{"type":"log","timestamp":1753280277056,"level":"debug","message":"Converting with chrome Chrome/136.0.7103.49 using chrome-pool strategy","meta":{"rootId":"lwcp5n57jxym7bp","id":"lwcp5n57jxym7bp"},"id":"3f6sm601l7k5ofw","previousOperationId":"3pz7qges53jus4p"}
{"type":"log","timestamp":1753280277077,"level":"debug","message":"Page request: GET (document) file:///tmp/jsreport/autocleanup/5bb19597-d3ed-4f3c-9359-e155de0b4537-chrome-pdf.html","meta":{"rootId":"lwcp5n57jxym7bp","id":"lwcp5n57jxym7bp"},"id":"0z51xx5ttn9xgrc","previousOperationId":"3pz7qges53jus4p"}
{"type":"log","timestamp":1753280277085,"level":"debug","message":"Page request finished: GET (document) 200 file:///tmp/jsreport/autocleanup/5bb19597-d3ed-4f3c-9359-e155de0b4537-chrome-pdf.html","meta":{"rootId":"lwcp5n57jxym7bp","id":"lwcp5n57jxym7bp"},"id":"na5wcey19lfeuly","previousOperationId":"3pz7qges53jus4p"}
{"type":"log","timestamp":1753280277088,"level":"debug","message":"Running chrome with params {\"printBackground\":true,\"timeout\":59978,\"margin\":{}}","meta":{"rootId":"lwcp5n57jxym7bp","id":"lwcp5n57jxym7bp"},"id":"0fjfyiemofby66a","previousOperationId":"3pz7qges53jus4p"}
{"type":"operationEnd","operationId":"3pz7qges53jus4p","timestamp":1753280277113,"id":"ftb8rk1xttygv70","previousEventId":"1mdpxsjsuypvr9z","previousOperationId":"3pz7qges53jus4p"}
{"type":"log","timestamp":1753280277113,"level":"debug","message":"Skipping storing report.","meta":{"rootId":"lwcp5n57jxym7bp","id":"lwcp5n57jxym7bp"},"id":"zh1czuhi476y89k","previousOperationId":"3pz7qges53jus4p"}
{"type":"log","timestamp":1753280277113,"level":"info","message":"Rendering request 10 finished in 80 ms","meta":{"rootId":"lwcp5n57jxym7bp","id":"lwcp5n57jxym7bp"},"id":"r07iji6ffcu9d7b","previousOperationId":"3pz7qges53jus4p"}
{"type":"operationEnd","subtype":"render","operationId":"wqpzrulzam846gc","timestamp":1753280277113,"id":"dte68id0d9of81y","previousEventId":"ftb8rk1xttygv70","previousOperationId":"3pz7qges53jus4p"}
{"type":"operationEnd","doDiffs":false,"previousEventId":"7pbcerirctbvb92","previousOperationId":"laj2dukc01p1tmo","operationId":"laj2dukc01p1tmo","timestamp":1753280277114,"id":"mqaluzxamc7tyu9"}
