{"type":"operationStart","subtype":"profile","data":{"_id":"UVgZLP3rXbXOJLup","timestamp":"2025-07-28T22:50:01.945Z","state":"queued","mode":"standard","creationDate":"2025-07-28T22:50:01.946Z","modificationDate":"2025-07-28T22:50:01.946Z","shortid":"oPJ-OOp","$entitySet":"profiles"},"doDiffs":false,"timestamp":1753743001945,"id":"dhkvxpu6hxgiaig","previousOperationId":null,"operationId":"wpheebrekxmeqx8"}
{"type":"log","level":"info","message":"Render request 5 queued for execution and waiting for available worker","previousOperationId":"wpheebrekxmeqx8","timestamp":1753743001945,"id":"7b1z4oh53yryip6"}
{"type":"operationStart","subtype":"render","name":"report-collaborators","previousOperationId":"wpheebrekxmeqx8","timestamp":1753743001951,"id":"f5lzupa9nfy2swc","previousEventId":"dhkvxpu6hxgiaig","operationId":"2jonphpn91hh5cn"}
{"type":"log","timestamp":1753743001951,"level":"info","message":"Starting rendering request 5","meta":{"rootId":"mb52a2u4fwkwo8j","id":"mb52a2u4fwkwo8j"},"id":"21bdjykguz0y9if","previousOperationId":"2jonphpn91hh5cn"}
{"type":"log","timestamp":1753743001951,"level":"info","message":"Rendering template { name: report-collaborators, recipe: chrome-pdf, engine: jsrender, preview: false }","meta":{"rootId":"mb52a2u4fwkwo8j","id":"mb52a2u4fwkwo8j"},"id":"zschli2vnqwaxhx","previousOperationId":"2jonphpn91hh5cn"}
{"type":"log","timestamp":1753743001952,"level":"debug","message":"Inline data specified.","meta":{"rootId":"mb52a2u4fwkwo8j","id":"mb52a2u4fwkwo8j"},"id":"l2lk27sy5dywudn","previousOperationId":"2jonphpn91hh5cn"}
{"type":"log","timestamp":1753743001955,"level":"debug","message":"Base url not specified, skipping its injection.","meta":{"rootId":"mb52a2u4fwkwo8j","id":"mb52a2u4fwkwo8j"},"id":"l9jtm9uccuqs632","previousOperationId":"2jonphpn91hh5cn"}
{"type":"operationStart","subtype":"engine","name":"jsrender","timestamp":1753743001955,"id":"k0t2zx0gvtenesw","previousEventId":"f5lzupa9nfy2swc","operationId":"wupe239c6ps7mcq","previousOperationId":"2jonphpn91hh5cn"}
{"type":"log","timestamp":1753743001955,"level":"debug","message":"Rendering engine jsrender","meta":{"rootId":"mb52a2u4fwkwo8j","id":"mb52a2u4fwkwo8j"},"id":"yk2vot828mc2r0p","previousOperationId":"wupe239c6ps7mcq"}
{"type":"operationEnd","operationId":"wupe239c6ps7mcq","timestamp":1753743001961,"id":"go3gjokroyvirpe","previousEventId":"k0t2zx0gvtenesw","previousOperationId":"wupe239c6ps7mcq"}
{"type":"operationStart","subtype":"recipe","name":"chrome-pdf","timestamp":1753743001961,"id":"j6dfjwhgtvrheyx","previousEventId":"go3gjokroyvirpe","operationId":"okccpeie15xlcio","previousOperationId":"wupe239c6ps7mcq"}
{"type":"log","timestamp":1753743001961,"level":"debug","message":"Executing recipe chrome-pdf","meta":{"rootId":"mb52a2u4fwkwo8j","id":"mb52a2u4fwkwo8j"},"id":"8daksabw3enw1dd","previousOperationId":"okccpeie15xlcio"}
{"type":"log","timestamp":1753743001962,"level":"debug","message":"Converting with chrome Chrome/136.0.7103.49 using chrome-pool strategy","meta":{"rootId":"mb52a2u4fwkwo8j","id":"mb52a2u4fwkwo8j"},"id":"mbveuojj6iemgre","previousOperationId":"okccpeie15xlcio"}
{"type":"log","timestamp":1753743001994,"level":"debug","message":"Page request: GET (document) file:///tmp/jsreport/autocleanup/1a5ed320-f9d1-41bd-879b-97c000a788bb-chrome-pdf.html","meta":{"rootId":"mb52a2u4fwkwo8j","id":"mb52a2u4fwkwo8j"},"id":"o2ygbpyoojfkxo9","previousOperationId":"okccpeie15xlcio"}
{"type":"log","timestamp":1753743002003,"level":"debug","message":"Page request finished: GET (document) 200 file:///tmp/jsreport/autocleanup/1a5ed320-f9d1-41bd-879b-97c000a788bb-chrome-pdf.html","meta":{"rootId":"mb52a2u4fwkwo8j","id":"mb52a2u4fwkwo8j"},"id":"m6pl61vf3rfcycd","previousOperationId":"okccpeie15xlcio"}
{"type":"log","timestamp":1753743002005,"level":"debug","message":"Running chrome with params {\"printBackground\":true,\"timeout\":59984,\"margin\":{}}","meta":{"rootId":"mb52a2u4fwkwo8j","id":"mb52a2u4fwkwo8j"},"id":"kx1rht3ecwblgmx","previousOperationId":"okccpeie15xlcio"}
{"type":"operationEnd","operationId":"okccpeie15xlcio","timestamp":1753743002031,"id":"rlwfafx4ahpo5xo","previousEventId":"j6dfjwhgtvrheyx","previousOperationId":"okccpeie15xlcio"}
{"type":"log","timestamp":1753743002031,"level":"debug","message":"Skipping storing report.","meta":{"rootId":"mb52a2u4fwkwo8j","id":"mb52a2u4fwkwo8j"},"id":"xyvijy8bukp7365","previousOperationId":"okccpeie15xlcio"}
{"type":"log","timestamp":1753743002031,"level":"info","message":"Rendering request 5 finished in 86 ms","meta":{"rootId":"mb52a2u4fwkwo8j","id":"mb52a2u4fwkwo8j"},"id":"5crvamwz37h5eev","previousOperationId":"okccpeie15xlcio"}
{"type":"operationEnd","subtype":"render","operationId":"2jonphpn91hh5cn","timestamp":1753743002031,"id":"pl8cb850bf3a06b","previousEventId":"rlwfafx4ahpo5xo","previousOperationId":"okccpeie15xlcio"}
{"type":"operationEnd","doDiffs":false,"previousEventId":"dhkvxpu6hxgiaig","previousOperationId":"wpheebrekxmeqx8","operationId":"wpheebrekxmeqx8","timestamp":1753743002032,"id":"b88giycmfsfv9gy"}
