{"type":"operationStart","subtype":"profile","data":{"_id":"I14WZBTGaXXvQFgb","timestamp":"2025-07-22T18:30:46.633Z","state":"queued","mode":"standard","creationDate":"2025-07-22T18:30:46.634Z","modificationDate":"2025-07-22T18:30:46.634Z","shortid":"8jPn9iX","$entitySet":"profiles"},"doDiffs":false,"timestamp":1753209046634,"id":"hzeyq8xmvmqz0fd","previousOperationId":null,"operationId":"pp96ogk2y2z37bt"}
{"type":"log","level":"info","message":"Render request 23 queued for execution and waiting for available worker","previousOperationId":"pp96ogk2y2z37bt","timestamp":1753209046634,"id":"4sjze5ea10lytr0"}
{"type":"operationStart","subtype":"render","name":"report-collaborators","previousOperationId":"pp96ogk2y2z37bt","timestamp":1753209046636,"id":"e4w1iskylbq2t9s","previousEventId":"hzeyq8xmvmqz0fd","operationId":"5fru9kz6j2zy5xf"}
{"type":"log","timestamp":1753209046636,"level":"info","message":"Starting rendering request 23","meta":{"rootId":"nephxqfhjsqves0","id":"nephxqfhjsqves0"},"id":"1y0r0vr4lvfn9dh","previousOperationId":"5fru9kz6j2zy5xf"}
{"type":"log","timestamp":1753209046636,"level":"info","message":"Rendering template { name: report-collaborators, recipe: chrome-pdf, engine: jsrender, preview: false }","meta":{"rootId":"nephxqfhjsqves0","id":"nephxqfhjsqves0"},"id":"gh9ha3sc8brdgb4","previousOperationId":"5fru9kz6j2zy5xf"}
{"type":"log","timestamp":1753209046637,"level":"debug","message":"Inline data specified.","meta":{"rootId":"nephxqfhjsqves0","id":"nephxqfhjsqves0"},"id":"h4nur234hn0e8kj","previousOperationId":"5fru9kz6j2zy5xf"}
{"type":"log","timestamp":1753209046638,"level":"debug","message":"Base url not specified, skipping its injection.","meta":{"rootId":"nephxqfhjsqves0","id":"nephxqfhjsqves0"},"id":"zktvfdg9ra5stb2","previousOperationId":"5fru9kz6j2zy5xf"}
{"type":"operationStart","subtype":"engine","name":"jsrender","timestamp":1753209046638,"id":"342jx002edso695","previousEventId":"e4w1iskylbq2t9s","operationId":"nchx7r78xp6xb8a","previousOperationId":"5fru9kz6j2zy5xf"}
{"type":"log","timestamp":1753209046638,"level":"debug","message":"Rendering engine jsrender","meta":{"rootId":"nephxqfhjsqves0","id":"nephxqfhjsqves0"},"id":"btbk9w1i7g3t7qe","previousOperationId":"nchx7r78xp6xb8a"}
{"type":"operationEnd","operationId":"nchx7r78xp6xb8a","timestamp":1753209046642,"id":"2hgpy9y6qyh7nuk","previousEventId":"342jx002edso695","previousOperationId":"nchx7r78xp6xb8a"}
{"type":"operationStart","subtype":"recipe","name":"chrome-pdf","timestamp":1753209046643,"id":"8e8pb7mkpw9zbm6","previousEventId":"2hgpy9y6qyh7nuk","operationId":"greataqpydkd540","previousOperationId":"nchx7r78xp6xb8a"}
{"type":"log","timestamp":1753209046643,"level":"debug","message":"Executing recipe chrome-pdf","meta":{"rootId":"nephxqfhjsqves0","id":"nephxqfhjsqves0"},"id":"r3n370ngjgpysiv","previousOperationId":"greataqpydkd540"}
{"type":"log","timestamp":1753209046643,"level":"debug","message":"Starting child request to render pdf header","meta":{"rootId":"nephxqfhjsqves0","id":"nephxqfhjsqves0"},"id":"mh9dtxcs3msaikr","previousOperationId":"greataqpydkd540"}
{"type":"operationStart","subtype":"render","name":"anonymous","previousOperationId":"greataqpydkd540","timestamp":1753209046643,"id":"8r7ybd7ht8c3w25","previousEventId":"8e8pb7mkpw9zbm6","operationId":"ilxc9p6pkmut4o4"}
{"type":"log","timestamp":1753209046643,"level":"info","message":"Starting rendering (child) request","meta":{"rootId":"nephxqfhjsqves0","id":"k7lcx0s67uyob1d"},"id":"h9wsoeomy9elpg4","previousOperationId":"ilxc9p6pkmut4o4"}
{"type":"log","timestamp":1753209046643,"level":"info","message":"Rendering anonymous template { recipe: html, engine: jsrender }","meta":{"rootId":"nephxqfhjsqves0","id":"k7lcx0s67uyob1d"},"id":"0um0ezgaxw7hox0","previousOperationId":"ilxc9p6pkmut4o4"}
{"type":"log","timestamp":1753209046643,"level":"debug","message":"Inline data specified.","meta":{"rootId":"nephxqfhjsqves0","id":"k7lcx0s67uyob1d"},"id":"la2xqr1ez9hw0ld","previousOperationId":"ilxc9p6pkmut4o4"}
{"type":"log","timestamp":1753209046644,"level":"debug","message":"Base url not specified, skipping its injection.","meta":{"rootId":"nephxqfhjsqves0","id":"k7lcx0s67uyob1d"},"id":"1rystlruwzpx1fn","previousOperationId":"ilxc9p6pkmut4o4"}
{"type":"operationStart","subtype":"engine","name":"jsrender","timestamp":1753209046644,"id":"2lu5zsnbf1vlb8z","previousEventId":"8r7ybd7ht8c3w25","operationId":"noqr6lycnkk1jr7","previousOperationId":"ilxc9p6pkmut4o4"}
{"type":"log","timestamp":1753209046644,"level":"debug","message":"Rendering engine jsrender","meta":{"rootId":"nephxqfhjsqves0","id":"k7lcx0s67uyob1d"},"id":"5eglkacdq5490b7","previousOperationId":"noqr6lycnkk1jr7"}
{"type":"operationEnd","operationId":"noqr6lycnkk1jr7","timestamp":1753209046648,"id":"ndtqyp4zf8tpcxs","previousEventId":"2lu5zsnbf1vlb8z","previousOperationId":"noqr6lycnkk1jr7"}
{"type":"operationStart","subtype":"recipe","name":"html","timestamp":1753209046648,"id":"x7uh2tyepf1r1q1","previousEventId":"ndtqyp4zf8tpcxs","operationId":"9dtsh94o4ulro2a","previousOperationId":"noqr6lycnkk1jr7"}
{"type":"log","timestamp":1753209046648,"level":"debug","message":"Executing recipe html","meta":{"rootId":"nephxqfhjsqves0","id":"k7lcx0s67uyob1d"},"id":"qru7bm3hxk2xz87","previousOperationId":"9dtsh94o4ulro2a"}
{"type":"operationEnd","operationId":"9dtsh94o4ulro2a","timestamp":1753209046648,"id":"8h23cif0bivjd9p","previousEventId":"x7uh2tyepf1r1q1","previousOperationId":"9dtsh94o4ulro2a"}
{"type":"log","timestamp":1753209046648,"level":"debug","message":"Skipping storing report.","meta":{"rootId":"nephxqfhjsqves0","id":"k7lcx0s67uyob1d"},"id":"yje1jraahb84s0g","previousOperationId":"9dtsh94o4ulro2a"}
{"type":"log","timestamp":1753209046648,"level":"info","message":"Rendering (child) request finished in 15 ms","meta":{"rootId":"nephxqfhjsqves0","id":"k7lcx0s67uyob1d"},"id":"8m7pc7oo5lgbbvi","previousOperationId":"9dtsh94o4ulro2a"}
{"type":"operationEnd","subtype":"render","operationId":"ilxc9p6pkmut4o4","timestamp":1753209046648,"id":"pt0s9sj8zi4v548","previousEventId":"8h23cif0bivjd9p","previousOperationId":"9dtsh94o4ulro2a"}
{"type":"log","timestamp":1753209046648,"level":"debug","message":"Starting child request to render pdf footer","meta":{"rootId":"nephxqfhjsqves0","id":"nephxqfhjsqves0"},"id":"l8z6wsfz82a94zk","previousOperationId":"greataqpydkd540"}
{"type":"operationStart","subtype":"render","name":"anonymous","previousOperationId":"greataqpydkd540","timestamp":1753209046648,"id":"z3jisxlna52iswv","previousEventId":"8e8pb7mkpw9zbm6","operationId":"giprn2105e336uv"}
{"type":"log","timestamp":1753209046648,"level":"info","message":"Starting rendering (child) request","meta":{"rootId":"nephxqfhjsqves0","id":"pvo4mk2kj6prb03"},"id":"tuauf8vb9na3ily","previousOperationId":"giprn2105e336uv"}
{"type":"log","timestamp":1753209046648,"level":"info","message":"Rendering anonymous template { recipe: html, engine: jsrender }","meta":{"rootId":"nephxqfhjsqves0","id":"pvo4mk2kj6prb03"},"id":"mrxpqicxe6n3pl4","previousOperationId":"giprn2105e336uv"}
{"type":"log","timestamp":1753209046648,"level":"debug","message":"Inline data specified.","meta":{"rootId":"nephxqfhjsqves0","id":"pvo4mk2kj6prb03"},"id":"z3zy9avx1y8yf74","previousOperationId":"giprn2105e336uv"}
{"type":"log","timestamp":1753209046649,"level":"debug","message":"Base url not specified, skipping its injection.","meta":{"rootId":"nephxqfhjsqves0","id":"pvo4mk2kj6prb03"},"id":"smcegz8dk1u9xpo","previousOperationId":"giprn2105e336uv"}
{"type":"operationStart","subtype":"engine","name":"jsrender","timestamp":1753209046649,"id":"yy2wrv4oci4175t","previousEventId":"z3jisxlna52iswv","operationId":"3fvizyqm94c5w5f","previousOperationId":"giprn2105e336uv"}
{"type":"log","timestamp":1753209046649,"level":"debug","message":"Rendering engine jsrender","meta":{"rootId":"nephxqfhjsqves0","id":"pvo4mk2kj6prb03"},"id":"8hzlxpeg9ohnuni","previousOperationId":"3fvizyqm94c5w5f"}
{"type":"operationEnd","operationId":"3fvizyqm94c5w5f","timestamp":1753209046654,"id":"lq2hnemmj8qacsm","previousEventId":"yy2wrv4oci4175t","previousOperationId":"3fvizyqm94c5w5f"}
{"type":"operationStart","subtype":"recipe","name":"html","timestamp":1753209046654,"id":"vv69ckksy3wnu32","previousEventId":"lq2hnemmj8qacsm","operationId":"k6kk7j2g988hb90","previousOperationId":"3fvizyqm94c5w5f"}
{"type":"log","timestamp":1753209046654,"level":"debug","message":"Executing recipe html","meta":{"rootId":"nephxqfhjsqves0","id":"pvo4mk2kj6prb03"},"id":"pgbayhnz7zf7y88","previousOperationId":"k6kk7j2g988hb90"}
{"type":"operationEnd","operationId":"k6kk7j2g988hb90","timestamp":1753209046654,"id":"0leeyjcdat1vv2t","previousEventId":"vv69ckksy3wnu32","previousOperationId":"k6kk7j2g988hb90"}
{"type":"log","timestamp":1753209046654,"level":"debug","message":"Skipping storing report.","meta":{"rootId":"nephxqfhjsqves0","id":"pvo4mk2kj6prb03"},"id":"o030eeoyet98ijy","previousOperationId":"k6kk7j2g988hb90"}
{"type":"log","timestamp":1753209046654,"level":"info","message":"Rendering (child) request finished in 21 ms","meta":{"rootId":"nephxqfhjsqves0","id":"pvo4mk2kj6prb03"},"id":"ghsh9zzwhep9ehs","previousOperationId":"k6kk7j2g988hb90"}
{"type":"operationEnd","subtype":"render","operationId":"giprn2105e336uv","timestamp":1753209046654,"id":"mfahyf0prk82avj","previousEventId":"0leeyjcdat1vv2t","previousOperationId":"k6kk7j2g988hb90"}
{"type":"log","timestamp":1753209046657,"level":"debug","message":"Converting with chrome Chrome/136.0.7103.49 using chrome-pool strategy","meta":{"rootId":"nephxqfhjsqves0","id":"nephxqfhjsqves0"},"id":"0g364uv7wolak4d","previousOperationId":"greataqpydkd540"}
{"type":"log","timestamp":1753209046679,"level":"debug","message":"Page request: GET (document) file:///tmp/jsreport/autocleanup/a3771e38-7b7c-4b7c-8a20-1a4d82bdf856-chrome-pdf.html","meta":{"rootId":"nephxqfhjsqves0","id":"nephxqfhjsqves0"},"id":"50x1t0huswqjrwy","previousOperationId":"greataqpydkd540"}
{"type":"log","timestamp":1753209046687,"level":"debug","message":"Page request finished: GET (document) 200 file:///tmp/jsreport/autocleanup/a3771e38-7b7c-4b7c-8a20-1a4d82bdf856-chrome-pdf.html","meta":{"rootId":"nephxqfhjsqves0","id":"nephxqfhjsqves0"},"id":"qlnn1lj4j5u533e","previousOperationId":"greataqpydkd540"}
{"type":"log","timestamp":1753209046689,"level":"debug","message":"Running chrome with params {\"printBackground\":true,\"format\":\"A4\",\"margin\":{},\"headerTemplate\":\"...\",\"footerTemplate\":\"...\",\"timeout\":59979}","meta":{"rootId":"nephxqfhjsqves0","id":"nephxqfhjsqves0"},"id":"r188r9wuhh985dd","previousOperationId":"greataqpydkd540"}
{"type":"operationEnd","operationId":"greataqpydkd540","timestamp":1753209046718,"id":"8il7lvx2uryzuxh","previousEventId":"8e8pb7mkpw9zbm6","previousOperationId":"greataqpydkd540"}
{"type":"log","timestamp":1753209046718,"level":"debug","message":"Skipping storing report.","meta":{"rootId":"nephxqfhjsqves0","id":"nephxqfhjsqves0"},"id":"b2b81ov2uvhok5j","previousOperationId":"greataqpydkd540"}
{"type":"log","timestamp":1753209046718,"level":"info","message":"Rendering request 23 finished in 85 ms","meta":{"rootId":"nephxqfhjsqves0","id":"nephxqfhjsqves0"},"id":"7jj2gdu81z8w8l3","previousOperationId":"greataqpydkd540"}
{"type":"operationEnd","subtype":"render","operationId":"5fru9kz6j2zy5xf","timestamp":1753209046718,"id":"r4iw19mv8hkfn7w","previousEventId":"8il7lvx2uryzuxh","previousOperationId":"greataqpydkd540"}
{"type":"operationEnd","doDiffs":false,"previousEventId":"hzeyq8xmvmqz0fd","previousOperationId":"pp96ogk2y2z37bt","operationId":"pp96ogk2y2z37bt","timestamp":1753209046719,"id":"t5kmsooh8tqqfow"}
