{"type":"operationStart","subtype":"profile","data":{"_id":"KFmLP89eE78gfePe","timestamp":"2025-07-23T14:20:50.359Z","state":"queued","mode":"standard","creationDate":"2025-07-23T14:20:50.359Z","modificationDate":"2025-07-23T14:20:50.359Z","shortid":"i3InWAk","$entitySet":"profiles"},"doDiffs":false,"timestamp":1753280450359,"id":"f6k06tj19wn8h27","previousOperationId":null,"operationId":"ks9j1xso5ol3uwj"}
{"type":"log","level":"info","message":"Render request 12 queued for execution and waiting for available worker","previousOperationId":"ks9j1xso5ol3uwj","timestamp":1753280450359,"id":"denn1v40ddpnz0o"}
{"type":"operationStart","subtype":"render","name":"report-collaborators","previousOperationId":"ks9j1xso5ol3uwj","timestamp":1753280450370,"id":"4wt3705h5fn488n","previousEventId":"f6k06tj19wn8h27","operationId":"x25ffk20j2tckv5"}
{"type":"log","timestamp":1753280450370,"level":"info","message":"Starting rendering request 12","meta":{"rootId":"px1z92e2jcjbed3","id":"px1z92e2jcjbed3"},"id":"nnl4jqqb1mm3bbz","previousOperationId":"x25ffk20j2tckv5"}
{"type":"log","timestamp":1753280450371,"level":"info","message":"Rendering template { name: report-collaborators, recipe: chrome-pdf, engine: jsrender, preview: false }","meta":{"rootId":"px1z92e2jcjbed3","id":"px1z92e2jcjbed3"},"id":"3zi155z0wucpkir","previousOperationId":"x25ffk20j2tckv5"}
{"type":"log","timestamp":1753280450371,"level":"debug","message":"Inline data specified.","meta":{"rootId":"px1z92e2jcjbed3","id":"px1z92e2jcjbed3"},"id":"irtscoykyr6ea6n","previousOperationId":"x25ffk20j2tckv5"}
{"type":"log","timestamp":1753280450371,"level":"debug","message":"Base url not specified, skipping its injection.","meta":{"rootId":"px1z92e2jcjbed3","id":"px1z92e2jcjbed3"},"id":"8dbh153uhj44qbw","previousOperationId":"x25ffk20j2tckv5"}
{"type":"operationStart","subtype":"engine","name":"jsrender","timestamp":1753280450371,"id":"gzla4jht0o5a2z5","previousEventId":"4wt3705h5fn488n","operationId":"zg0e4nxe0z2r8pi","previousOperationId":"x25ffk20j2tckv5"}
{"type":"log","timestamp":1753280450371,"level":"debug","message":"Rendering engine jsrender","meta":{"rootId":"px1z92e2jcjbed3","id":"px1z92e2jcjbed3"},"id":"mzja264av7uivwi","previousOperationId":"zg0e4nxe0z2r8pi"}
{"type":"operationEnd","operationId":"zg0e4nxe0z2r8pi","timestamp":1753280450375,"id":"hd1fk696pmiq0oe","previousEventId":"gzla4jht0o5a2z5","previousOperationId":"zg0e4nxe0z2r8pi"}
{"type":"operationStart","subtype":"recipe","name":"chrome-pdf","timestamp":1753280450375,"id":"jlf74lxqkbgn0vu","previousEventId":"hd1fk696pmiq0oe","operationId":"ooyq2fin02gshq7","previousOperationId":"zg0e4nxe0z2r8pi"}
{"type":"log","timestamp":1753280450375,"level":"debug","message":"Executing recipe chrome-pdf","meta":{"rootId":"px1z92e2jcjbed3","id":"px1z92e2jcjbed3"},"id":"klej6yo4hx6xol5","previousOperationId":"ooyq2fin02gshq7"}
{"type":"log","timestamp":1753280450376,"level":"debug","message":"Converting with chrome Chrome/136.0.7103.49 using chrome-pool strategy","meta":{"rootId":"px1z92e2jcjbed3","id":"px1z92e2jcjbed3"},"id":"k2wahrdbi74i7wr","previousOperationId":"ooyq2fin02gshq7"}
{"type":"log","timestamp":1753280450396,"level":"debug","message":"Page request: GET (document) file:///tmp/jsreport/autocleanup/f3ab7d4b-d62b-4623-8994-43e42a643c79-chrome-pdf.html","meta":{"rootId":"px1z92e2jcjbed3","id":"px1z92e2jcjbed3"},"id":"h2rr5kgtkep37rk","previousOperationId":"ooyq2fin02gshq7"}
{"type":"log","timestamp":1753280450403,"level":"debug","message":"Page request finished: GET (document) 200 file:///tmp/jsreport/autocleanup/f3ab7d4b-d62b-4623-8994-43e42a643c79-chrome-pdf.html","meta":{"rootId":"px1z92e2jcjbed3","id":"px1z92e2jcjbed3"},"id":"xk2ydm0xlltdzrs","previousOperationId":"ooyq2fin02gshq7"}
{"type":"log","timestamp":1753280450405,"level":"debug","message":"Running chrome with params {\"printBackground\":true,\"timeout\":59982,\"margin\":{}}","meta":{"rootId":"px1z92e2jcjbed3","id":"px1z92e2jcjbed3"},"id":"t3dta7a8p7hd6ig","previousOperationId":"ooyq2fin02gshq7"}
{"type":"operationEnd","operationId":"ooyq2fin02gshq7","timestamp":1753280450432,"id":"a5ys49sojqikwjr","previousEventId":"jlf74lxqkbgn0vu","previousOperationId":"ooyq2fin02gshq7"}
{"type":"log","timestamp":1753280450432,"level":"debug","message":"Skipping storing report.","meta":{"rootId":"px1z92e2jcjbed3","id":"px1z92e2jcjbed3"},"id":"biy461o29oqiykm","previousOperationId":"ooyq2fin02gshq7"}
{"type":"log","timestamp":1753280450432,"level":"info","message":"Rendering request 12 finished in 74 ms","meta":{"rootId":"px1z92e2jcjbed3","id":"px1z92e2jcjbed3"},"id":"qrx68ayd6wlbxnn","previousOperationId":"ooyq2fin02gshq7"}
{"type":"operationEnd","subtype":"render","operationId":"x25ffk20j2tckv5","timestamp":1753280450432,"id":"5q69cciat2bunqy","previousEventId":"a5ys49sojqikwjr","previousOperationId":"ooyq2fin02gshq7"}
{"type":"operationEnd","doDiffs":false,"previousEventId":"f6k06tj19wn8h27","previousOperationId":"ks9j1xso5ol3uwj","operationId":"ks9j1xso5ol3uwj","timestamp":1753280450433,"id":"7dfnfra73y5gao9"}
