{"type":"operationStart","subtype":"profile","data":{"_id":"Q0t9d5y2LazvAwWg","timestamp":"2025-07-23T14:16:10.106Z","state":"queued","mode":"standard","creationDate":"2025-07-23T14:16:10.107Z","modificationDate":"2025-07-23T14:16:10.107Z","shortid":"Nb12smF","$entitySet":"profiles"},"doDiffs":false,"timestamp":1753280170107,"id":"fz0cpqffebysi8q","previousOperationId":null,"operationId":"doakhndqqsrf854"}
{"type":"log","level":"info","message":"Render request 9 queued for execution and waiting for available worker","previousOperationId":"doakhndqqsrf854","timestamp":1753280170107,"id":"fiew4oqdzr2tlls"}
{"type":"operationStart","subtype":"render","name":"report-collaborators","previousOperationId":"doakhndqqsrf854","timestamp":1753280170119,"id":"hb86br2weyrqf7h","previousEventId":"fz0cpqffebysi8q","operationId":"8naeyu53pg7mq83"}
{"type":"log","timestamp":1753280170119,"level":"info","message":"Starting rendering request 9","meta":{"rootId":"qeac3s48ygjd7bk","id":"qeac3s48ygjd7bk"},"id":"01rjxbfv5dvkpqx","previousOperationId":"8naeyu53pg7mq83"}
{"type":"log","timestamp":1753280170119,"level":"info","message":"Rendering template { name: report-collaborators, recipe: chrome-pdf, engine: jsrender, preview: false }","meta":{"rootId":"qeac3s48ygjd7bk","id":"qeac3s48ygjd7bk"},"id":"hlumi1vdo127oow","previousOperationId":"8naeyu53pg7mq83"}
{"type":"log","timestamp":1753280170120,"level":"debug","message":"Inline data specified.","meta":{"rootId":"qeac3s48ygjd7bk","id":"qeac3s48ygjd7bk"},"id":"h5z6yy613ex0znm","previousOperationId":"8naeyu53pg7mq83"}
{"type":"log","timestamp":1753280170120,"level":"debug","message":"Base url not specified, skipping its injection.","meta":{"rootId":"qeac3s48ygjd7bk","id":"qeac3s48ygjd7bk"},"id":"k16531rife1qjwx","previousOperationId":"8naeyu53pg7mq83"}
{"type":"operationStart","subtype":"engine","name":"jsrender","timestamp":1753280170120,"id":"3fte1xgdd7mp4a4","previousEventId":"hb86br2weyrqf7h","operationId":"w7gacnqyurusw9g","previousOperationId":"8naeyu53pg7mq83"}
{"type":"log","timestamp":1753280170120,"level":"debug","message":"Rendering engine jsrender","meta":{"rootId":"qeac3s48ygjd7bk","id":"qeac3s48ygjd7bk"},"id":"2zju69cdohime05","previousOperationId":"w7gacnqyurusw9g"}
{"type":"operationEnd","operationId":"w7gacnqyurusw9g","timestamp":1753280170125,"id":"9t68o1ot3irrlxd","previousEventId":"3fte1xgdd7mp4a4","previousOperationId":"w7gacnqyurusw9g"}
{"type":"operationStart","subtype":"recipe","name":"chrome-pdf","timestamp":1753280170125,"id":"8v2rdst3r5dtg20","previousEventId":"9t68o1ot3irrlxd","operationId":"865gvzmj28zt7xy","previousOperationId":"w7gacnqyurusw9g"}
{"type":"log","timestamp":1753280170125,"level":"debug","message":"Executing recipe chrome-pdf","meta":{"rootId":"qeac3s48ygjd7bk","id":"qeac3s48ygjd7bk"},"id":"yppzcp974k39wav","previousOperationId":"865gvzmj28zt7xy"}
{"type":"log","timestamp":1753280170126,"level":"debug","message":"Converting with chrome Chrome/136.0.7103.49 using chrome-pool strategy","meta":{"rootId":"qeac3s48ygjd7bk","id":"qeac3s48ygjd7bk"},"id":"os4j6uzv9vw3h0b","previousOperationId":"865gvzmj28zt7xy"}
{"type":"log","timestamp":1753280170145,"level":"debug","message":"Page request: GET (document) file:///tmp/jsreport/autocleanup/a5fe60e5-597e-4ee7-ada4-02d09960d850-chrome-pdf.html","meta":{"rootId":"qeac3s48ygjd7bk","id":"qeac3s48ygjd7bk"},"id":"urmj4qyur6ptlki","previousOperationId":"865gvzmj28zt7xy"}
{"type":"log","timestamp":1753280170151,"level":"debug","message":"Page request finished: GET (document) 200 file:///tmp/jsreport/autocleanup/a5fe60e5-597e-4ee7-ada4-02d09960d850-chrome-pdf.html","meta":{"rootId":"qeac3s48ygjd7bk","id":"qeac3s48ygjd7bk"},"id":"gwxfvwq14yii8dm","previousOperationId":"865gvzmj28zt7xy"}
{"type":"log","timestamp":1753280170156,"level":"debug","message":"Running chrome with params {\"printBackground\":true,\"timeout\":59981,\"margin\":{}}","meta":{"rootId":"qeac3s48ygjd7bk","id":"qeac3s48ygjd7bk"},"id":"lmm1iaqe2tj6zbc","previousOperationId":"865gvzmj28zt7xy"}
{"type":"operationEnd","operationId":"865gvzmj28zt7xy","timestamp":1753280170203,"id":"u9vfporo1lk7mlq","previousEventId":"8v2rdst3r5dtg20","previousOperationId":"865gvzmj28zt7xy"}
{"type":"log","timestamp":1753280170203,"level":"debug","message":"Skipping storing report.","meta":{"rootId":"qeac3s48ygjd7bk","id":"qeac3s48ygjd7bk"},"id":"jheqgswcya92d9d","previousOperationId":"865gvzmj28zt7xy"}
{"type":"log","timestamp":1753280170203,"level":"info","message":"Rendering request 9 finished in 97 ms","meta":{"rootId":"qeac3s48ygjd7bk","id":"qeac3s48ygjd7bk"},"id":"6s34qqpudzs9qus","previousOperationId":"865gvzmj28zt7xy"}
{"type":"operationEnd","subtype":"render","operationId":"8naeyu53pg7mq83","timestamp":1753280170203,"id":"rggj9aehizhzpmq","previousEventId":"u9vfporo1lk7mlq","previousOperationId":"865gvzmj28zt7xy"}
{"type":"operationEnd","doDiffs":false,"previousEventId":"fz0cpqffebysi8q","previousOperationId":"doakhndqqsrf854","operationId":"doakhndqqsrf854","timestamp":1753280170206,"id":"qm81u6dw8p3fk0e"}
