{"type":"operationStart","subtype":"profile","data":{"_id":"aMceVtxP8yGvV6a1","timestamp":"2025-07-23T14:14:24.989Z","state":"queued","mode":"standard","creationDate":"2025-07-23T14:14:24.990Z","modificationDate":"2025-07-23T14:14:24.990Z","shortid":"DUop0Vq","$entitySet":"profiles"},"doDiffs":false,"timestamp":1753280064990,"id":"nw65a7bz4fy47mi","previousOperationId":null,"operationId":"ymiocxzzefv5gjg"}
{"type":"log","level":"info","message":"Render request 8 queued for execution and waiting for available worker","previousOperationId":"ymiocxzzefv5gjg","timestamp":1753280064990,"id":"26wfjym405j8et8"}
{"type":"operationStart","subtype":"render","name":"report-collaborators","previousOperationId":"ymiocxzzefv5gjg","timestamp":1753280064992,"id":"nch6jj94jj3wwv9","previousEventId":"nw65a7bz4fy47mi","operationId":"36cw0obboku8riy"}
{"type":"log","timestamp":1753280064992,"level":"info","message":"Starting rendering request 8","meta":{"rootId":"qr5bdteitoeasyu","id":"qr5bdteitoeasyu"},"id":"cql5p0g6qm8qukt","previousOperationId":"36cw0obboku8riy"}
{"type":"log","timestamp":1753280064992,"level":"info","message":"Rendering template { name: report-collaborators, recipe: chrome-pdf, engine: jsrender, preview: false }","meta":{"rootId":"qr5bdteitoeasyu","id":"qr5bdteitoeasyu"},"id":"cs37s49bvhvu6fp","previousOperationId":"36cw0obboku8riy"}
{"type":"log","timestamp":1753280064992,"level":"debug","message":"Inline data specified.","meta":{"rootId":"qr5bdteitoeasyu","id":"qr5bdteitoeasyu"},"id":"4oqulb50303eatf","previousOperationId":"36cw0obboku8riy"}
{"type":"log","timestamp":1753280064993,"level":"debug","message":"Base url not specified, skipping its injection.","meta":{"rootId":"qr5bdteitoeasyu","id":"qr5bdteitoeasyu"},"id":"xrlohkymih25d3q","previousOperationId":"36cw0obboku8riy"}
{"type":"operationStart","subtype":"engine","name":"jsrender","timestamp":1753280064993,"id":"ag2t8p8m2v8klap","previousEventId":"nch6jj94jj3wwv9","operationId":"f4f8d9ys6clemu0","previousOperationId":"36cw0obboku8riy"}
{"type":"log","timestamp":1753280064993,"level":"debug","message":"Rendering engine jsrender","meta":{"rootId":"qr5bdteitoeasyu","id":"qr5bdteitoeasyu"},"id":"626npoo28jt3noa","previousOperationId":"f4f8d9ys6clemu0"}
{"type":"operationEnd","operationId":"f4f8d9ys6clemu0","timestamp":1753280064998,"id":"fpqjb84e422xh95","previousEventId":"ag2t8p8m2v8klap","previousOperationId":"f4f8d9ys6clemu0"}
{"type":"operationStart","subtype":"recipe","name":"chrome-pdf","timestamp":1753280064998,"id":"h986q5u8vbc6e3k","previousEventId":"fpqjb84e422xh95","operationId":"nxvv4msqpxf7pth","previousOperationId":"f4f8d9ys6clemu0"}
{"type":"log","timestamp":1753280064998,"level":"debug","message":"Executing recipe chrome-pdf","meta":{"rootId":"qr5bdteitoeasyu","id":"qr5bdteitoeasyu"},"id":"ky5yowjkgj7bs3b","previousOperationId":"nxvv4msqpxf7pth"}
{"type":"log","timestamp":1753280064999,"level":"debug","message":"Converting with chrome Chrome/136.0.7103.49 using chrome-pool strategy","meta":{"rootId":"qr5bdteitoeasyu","id":"qr5bdteitoeasyu"},"id":"39b2k0hblm9764d","previousOperationId":"nxvv4msqpxf7pth"}
{"type":"log","timestamp":1753280065018,"level":"debug","message":"Page request: GET (document) file:///tmp/jsreport/autocleanup/5ea82e7e-047b-416b-b195-e25341471fbd-chrome-pdf.html","meta":{"rootId":"qr5bdteitoeasyu","id":"qr5bdteitoeasyu"},"id":"3ot20vanent05ay","previousOperationId":"nxvv4msqpxf7pth"}
{"type":"log","timestamp":1753280065024,"level":"debug","message":"Page request finished: GET (document) 200 file:///tmp/jsreport/autocleanup/5ea82e7e-047b-416b-b195-e25341471fbd-chrome-pdf.html","meta":{"rootId":"qr5bdteitoeasyu","id":"qr5bdteitoeasyu"},"id":"n19p305rle5w939","previousOperationId":"nxvv4msqpxf7pth"}
{"type":"log","timestamp":1753280065027,"level":"debug","message":"Running chrome with params {\"printBackground\":true,\"timeout\":59991,\"margin\":{}}","meta":{"rootId":"qr5bdteitoeasyu","id":"qr5bdteitoeasyu"},"id":"qp8gxt0z8dsmpw6","previousOperationId":"nxvv4msqpxf7pth"}
{"type":"operationEnd","operationId":"nxvv4msqpxf7pth","timestamp":1753280065053,"id":"w3jdn5zkv3rz451","previousEventId":"h986q5u8vbc6e3k","previousOperationId":"nxvv4msqpxf7pth"}
{"type":"log","timestamp":1753280065053,"level":"debug","message":"Skipping storing report.","meta":{"rootId":"qr5bdteitoeasyu","id":"qr5bdteitoeasyu"},"id":"hz727w80ao1vzea","previousOperationId":"nxvv4msqpxf7pth"}
{"type":"log","timestamp":1753280065053,"level":"info","message":"Rendering request 8 finished in 64 ms","meta":{"rootId":"qr5bdteitoeasyu","id":"qr5bdteitoeasyu"},"id":"0lu245g68549liz","previousOperationId":"nxvv4msqpxf7pth"}
{"type":"operationEnd","subtype":"render","operationId":"36cw0obboku8riy","timestamp":1753280065053,"id":"4qoqiev5g16if6t","previousEventId":"w3jdn5zkv3rz451","previousOperationId":"nxvv4msqpxf7pth"}
{"type":"operationEnd","doDiffs":false,"previousEventId":"nw65a7bz4fy47mi","previousOperationId":"ymiocxzzefv5gjg","operationId":"ymiocxzzefv5gjg","timestamp":1753280065054,"id":"lbxieozrc3rtj0g"}
