{"type":"operationStart","subtype":"profile","data":{"_id":"J5XoLMpaTCTvEa2t","timestamp":"2025-07-22T18:25:25.459Z","state":"queued","mode":"standard","creationDate":"2025-07-22T18:25:25.460Z","modificationDate":"2025-07-22T18:25:25.460Z","shortid":"OzzGZuf","$entitySet":"profiles"},"doDiffs":false,"timestamp":1753208725460,"id":"etl4b5ydq28cca1","previousOperationId":null,"operationId":"b6nwe72fheckatb"}
{"type":"log","level":"info","message":"Render request 22 queued for execution and waiting for available worker","previousOperationId":"b6nwe72fheckatb","timestamp":1753208725460,"id":"5wj4bfplu9gvmx3"}
{"type":"operationStart","subtype":"render","name":"report-collaborators","previousOperationId":"b6nwe72fheckatb","timestamp":1753208725461,"id":"yp1yv3uwxyfxhuk","previousEventId":"etl4b5ydq28cca1","operationId":"yun8ee1oj3zp6ec"}
{"type":"log","timestamp":1753208725461,"level":"info","message":"Starting rendering request 22","meta":{"rootId":"v3u1geyueb9z51r","id":"v3u1geyueb9z51r"},"id":"spmoac2vvcsj99z","previousOperationId":"yun8ee1oj3zp6ec"}
{"type":"log","timestamp":1753208725462,"level":"info","message":"Rendering template { name: report-collaborators, recipe: chrome-pdf, engine: jsrender, preview: false }","meta":{"rootId":"v3u1geyueb9z51r","id":"v3u1geyueb9z51r"},"id":"g3i2izps418u4sx","previousOperationId":"yun8ee1oj3zp6ec"}
{"type":"log","timestamp":1753208725462,"level":"debug","message":"Inline data specified.","meta":{"rootId":"v3u1geyueb9z51r","id":"v3u1geyueb9z51r"},"id":"xjh4ayiq6u4xe3d","previousOperationId":"yun8ee1oj3zp6ec"}
{"type":"log","timestamp":1753208725462,"level":"debug","message":"Base url not specified, skipping its injection.","meta":{"rootId":"v3u1geyueb9z51r","id":"v3u1geyueb9z51r"},"id":"jm8s49i943zumov","previousOperationId":"yun8ee1oj3zp6ec"}
{"type":"operationStart","subtype":"engine","name":"jsrender","timestamp":1753208725463,"id":"lpbxo4a67qqrsb4","previousEventId":"yp1yv3uwxyfxhuk","operationId":"h4g04fosx0fcyrj","previousOperationId":"yun8ee1oj3zp6ec"}
{"type":"log","timestamp":1753208725463,"level":"debug","message":"Rendering engine jsrender","meta":{"rootId":"v3u1geyueb9z51r","id":"v3u1geyueb9z51r"},"id":"g6dvtzg72rb0ygx","previousOperationId":"h4g04fosx0fcyrj"}
{"type":"operationEnd","operationId":"h4g04fosx0fcyrj","timestamp":1753208725466,"id":"69ojeuo3q5wb45s","previousEventId":"lpbxo4a67qqrsb4","previousOperationId":"h4g04fosx0fcyrj"}
{"type":"operationStart","subtype":"recipe","name":"chrome-pdf","timestamp":1753208725466,"id":"wvn2hg1viu4jbvk","previousEventId":"69ojeuo3q5wb45s","operationId":"bkwrapb48dd7fjh","previousOperationId":"h4g04fosx0fcyrj"}
{"type":"log","timestamp":1753208725466,"level":"debug","message":"Executing recipe chrome-pdf","meta":{"rootId":"v3u1geyueb9z51r","id":"v3u1geyueb9z51r"},"id":"fjut9l4uqcpp3pn","previousOperationId":"bkwrapb48dd7fjh"}
{"type":"log","timestamp":1753208725466,"level":"debug","message":"Starting child request to render pdf header","meta":{"rootId":"v3u1geyueb9z51r","id":"v3u1geyueb9z51r"},"id":"j66bprpr3rou9bp","previousOperationId":"bkwrapb48dd7fjh"}
{"type":"operationStart","subtype":"render","name":"anonymous","previousOperationId":"bkwrapb48dd7fjh","timestamp":1753208725466,"id":"9vx5fg6q6dpgvfo","previousEventId":"wvn2hg1viu4jbvk","operationId":"ybwasvh7dw1xhlf"}
{"type":"log","timestamp":1753208725466,"level":"info","message":"Starting rendering (child) request","meta":{"rootId":"v3u1geyueb9z51r","id":"gbpc9nhla8bz8xx"},"id":"xo9ui4s5gjy1z3q","previousOperationId":"ybwasvh7dw1xhlf"}
{"type":"log","timestamp":1753208725466,"level":"info","message":"Rendering anonymous template { recipe: html, engine: jsrender }","meta":{"rootId":"v3u1geyueb9z51r","id":"gbpc9nhla8bz8xx"},"id":"8bf3kg2o7eg57yw","previousOperationId":"ybwasvh7dw1xhlf"}
{"type":"log","timestamp":1753208725466,"level":"debug","message":"Inline data specified.","meta":{"rootId":"v3u1geyueb9z51r","id":"gbpc9nhla8bz8xx"},"id":"jnduakd8boil83h","previousOperationId":"ybwasvh7dw1xhlf"}
{"type":"log","timestamp":1753208725467,"level":"debug","message":"Base url not specified, skipping its injection.","meta":{"rootId":"v3u1geyueb9z51r","id":"gbpc9nhla8bz8xx"},"id":"krkwp0ypga5dueb","previousOperationId":"ybwasvh7dw1xhlf"}
{"type":"operationStart","subtype":"engine","name":"jsrender","timestamp":1753208725467,"id":"ezqe4638g8vzkx5","previousEventId":"9vx5fg6q6dpgvfo","operationId":"ei8ic95277kug2c","previousOperationId":"ybwasvh7dw1xhlf"}
{"type":"log","timestamp":1753208725467,"level":"debug","message":"Rendering engine jsrender","meta":{"rootId":"v3u1geyueb9z51r","id":"gbpc9nhla8bz8xx"},"id":"r37a9vujtv4ya7j","previousOperationId":"ei8ic95277kug2c"}
{"type":"operationEnd","operationId":"ei8ic95277kug2c","timestamp":1753208725470,"id":"rx5330ywlyrdygq","previousEventId":"ezqe4638g8vzkx5","previousOperationId":"ei8ic95277kug2c"}
{"type":"operationStart","subtype":"recipe","name":"html","timestamp":1753208725470,"id":"bxk8pnb8d2yws5c","previousEventId":"rx5330ywlyrdygq","operationId":"y2mz8bub22g4968","previousOperationId":"ei8ic95277kug2c"}
{"type":"log","timestamp":1753208725470,"level":"debug","message":"Executing recipe html","meta":{"rootId":"v3u1geyueb9z51r","id":"gbpc9nhla8bz8xx"},"id":"1o930dkmdd2xm8q","previousOperationId":"y2mz8bub22g4968"}
{"type":"operationEnd","operationId":"y2mz8bub22g4968","timestamp":1753208725471,"id":"pstaq920bzwp2f7","previousEventId":"bxk8pnb8d2yws5c","previousOperationId":"y2mz8bub22g4968"}
{"type":"log","timestamp":1753208725471,"level":"debug","message":"Skipping storing report.","meta":{"rootId":"v3u1geyueb9z51r","id":"gbpc9nhla8bz8xx"},"id":"k2yb0804wa75qij","previousOperationId":"y2mz8bub22g4968"}
{"type":"log","timestamp":1753208725471,"level":"info","message":"Rendering (child) request finished in 12 ms","meta":{"rootId":"v3u1geyueb9z51r","id":"gbpc9nhla8bz8xx"},"id":"8gxazc8wyqjimh8","previousOperationId":"y2mz8bub22g4968"}
{"type":"operationEnd","subtype":"render","operationId":"ybwasvh7dw1xhlf","timestamp":1753208725471,"id":"utjp0brp11e6izw","previousEventId":"pstaq920bzwp2f7","previousOperationId":"y2mz8bub22g4968"}
{"type":"log","timestamp":1753208725471,"level":"debug","message":"Starting child request to render pdf footer","meta":{"rootId":"v3u1geyueb9z51r","id":"v3u1geyueb9z51r"},"id":"7uvog91h4l78tt0","previousOperationId":"bkwrapb48dd7fjh"}
{"type":"operationStart","subtype":"render","name":"anonymous","previousOperationId":"bkwrapb48dd7fjh","timestamp":1753208725471,"id":"2yrfkzps9h8b8lx","previousEventId":"wvn2hg1viu4jbvk","operationId":"ikdbxlr57858lne"}
{"type":"log","timestamp":1753208725471,"level":"info","message":"Starting rendering (child) request","meta":{"rootId":"v3u1geyueb9z51r","id":"gzuty5f9oe0i9ij"},"id":"hlbo50dtik85b8t","previousOperationId":"ikdbxlr57858lne"}
{"type":"log","timestamp":1753208725471,"level":"info","message":"Rendering anonymous template { recipe: html, engine: jsrender }","meta":{"rootId":"v3u1geyueb9z51r","id":"gzuty5f9oe0i9ij"},"id":"6npfbfyr7ev3x3t","previousOperationId":"ikdbxlr57858lne"}
{"type":"log","timestamp":1753208725471,"level":"debug","message":"Inline data specified.","meta":{"rootId":"v3u1geyueb9z51r","id":"gzuty5f9oe0i9ij"},"id":"e8h5ra6eynkvm52","previousOperationId":"ikdbxlr57858lne"}
{"type":"log","timestamp":1753208725471,"level":"debug","message":"Base url not specified, skipping its injection.","meta":{"rootId":"v3u1geyueb9z51r","id":"gzuty5f9oe0i9ij"},"id":"950b88ptzaebeio","previousOperationId":"ikdbxlr57858lne"}
{"type":"operationStart","subtype":"engine","name":"jsrender","timestamp":1753208725471,"id":"jnaxx4pac5u4ril","previousEventId":"2yrfkzps9h8b8lx","operationId":"pi33gqmipuy1i6f","previousOperationId":"ikdbxlr57858lne"}
{"type":"log","timestamp":1753208725471,"level":"debug","message":"Rendering engine jsrender","meta":{"rootId":"v3u1geyueb9z51r","id":"gzuty5f9oe0i9ij"},"id":"de8s4chvtzmec8k","previousOperationId":"pi33gqmipuy1i6f"}
{"type":"operationEnd","operationId":"pi33gqmipuy1i6f","timestamp":1753208725473,"id":"kao7cm55vpcz74p","previousEventId":"jnaxx4pac5u4ril","previousOperationId":"pi33gqmipuy1i6f"}
{"type":"operationStart","subtype":"recipe","name":"html","timestamp":1753208725473,"id":"lke53plxz4yk2op","previousEventId":"kao7cm55vpcz74p","operationId":"xtm631rg0pehyzd","previousOperationId":"pi33gqmipuy1i6f"}
{"type":"log","timestamp":1753208725473,"level":"debug","message":"Executing recipe html","meta":{"rootId":"v3u1geyueb9z51r","id":"gzuty5f9oe0i9ij"},"id":"rji7ngme0fcxbsh","previousOperationId":"xtm631rg0pehyzd"}
{"type":"operationEnd","operationId":"xtm631rg0pehyzd","timestamp":1753208725473,"id":"18yz1pxtu0djtc6","previousEventId":"lke53plxz4yk2op","previousOperationId":"xtm631rg0pehyzd"}
{"type":"log","timestamp":1753208725473,"level":"debug","message":"Skipping storing report.","meta":{"rootId":"v3u1geyueb9z51r","id":"gzuty5f9oe0i9ij"},"id":"ygih2zsrnkp0bx4","previousOperationId":"xtm631rg0pehyzd"}
{"type":"log","timestamp":1753208725473,"level":"info","message":"Rendering (child) request finished in 14 ms","meta":{"rootId":"v3u1geyueb9z51r","id":"gzuty5f9oe0i9ij"},"id":"br0hsfqgqezch6c","previousOperationId":"xtm631rg0pehyzd"}
{"type":"operationEnd","subtype":"render","operationId":"ikdbxlr57858lne","timestamp":1753208725473,"id":"qency4lt2u3avhl","previousEventId":"18yz1pxtu0djtc6","previousOperationId":"xtm631rg0pehyzd"}
{"type":"log","timestamp":1753208725474,"level":"debug","message":"Converting with chrome Chrome/136.0.7103.49 using chrome-pool strategy","meta":{"rootId":"v3u1geyueb9z51r","id":"v3u1geyueb9z51r"},"id":"is48w88392n57xg","previousOperationId":"bkwrapb48dd7fjh"}
{"type":"log","timestamp":1753208725495,"level":"debug","message":"Page request: GET (document) file:///tmp/jsreport/autocleanup/60b76a3f-333f-4a52-8c16-65bcbad4c14d-chrome-pdf.html","meta":{"rootId":"v3u1geyueb9z51r","id":"v3u1geyueb9z51r"},"id":"bf7n7whk0vwfbwl","previousOperationId":"bkwrapb48dd7fjh"}
{"type":"log","timestamp":1753208725499,"level":"debug","message":"Page request finished: GET (document) 200 file:///tmp/jsreport/autocleanup/60b76a3f-333f-4a52-8c16-65bcbad4c14d-chrome-pdf.html","meta":{"rootId":"v3u1geyueb9z51r","id":"v3u1geyueb9z51r"},"id":"6j877ul7rohenip","previousOperationId":"bkwrapb48dd7fjh"}
{"type":"log","timestamp":1753208725503,"level":"debug","message":"Running chrome with params {\"printBackground\":true,\"format\":\"A4\",\"margin\":{},\"headerTemplate\":\"...\",\"footerTemplate\":\"...\",\"timeout\":59985}","meta":{"rootId":"v3u1geyueb9z51r","id":"v3u1geyueb9z51r"},"id":"n1gffqe0qxeouv8","previousOperationId":"bkwrapb48dd7fjh"}
{"type":"operationEnd","operationId":"bkwrapb48dd7fjh","timestamp":1753208725531,"id":"mo55iun7myt63bc","previousEventId":"wvn2hg1viu4jbvk","previousOperationId":"bkwrapb48dd7fjh"}
{"type":"log","timestamp":1753208725531,"level":"debug","message":"Skipping storing report.","meta":{"rootId":"v3u1geyueb9z51r","id":"v3u1geyueb9z51r"},"id":"ki1tov34453gpv2","previousOperationId":"bkwrapb48dd7fjh"}
{"type":"log","timestamp":1753208725531,"level":"info","message":"Rendering request 22 finished in 72 ms","meta":{"rootId":"v3u1geyueb9z51r","id":"v3u1geyueb9z51r"},"id":"79ly0aqdv78asjo","previousOperationId":"bkwrapb48dd7fjh"}
{"type":"operationEnd","subtype":"render","operationId":"yun8ee1oj3zp6ec","timestamp":1753208725531,"id":"cqfvgl8b5b7185u","previousEventId":"mo55iun7myt63bc","previousOperationId":"bkwrapb48dd7fjh"}
{"type":"operationEnd","doDiffs":false,"previousEventId":"etl4b5ydq28cca1","previousOperationId":"b6nwe72fheckatb","operationId":"b6nwe72fheckatb","timestamp":1753208725532,"id":"e04l5v78apjm7dj"}
