{"type":"operationStart","subtype":"profile","data":{"_id":"6ydoPQr2TzdAoCB8","timestamp":"2025-07-23T14:19:27.770Z","state":"queued","mode":"standard","creationDate":"2025-07-23T14:19:27.771Z","modificationDate":"2025-07-23T14:19:27.771Z","shortid":"Mr7Cz6Y","$entitySet":"profiles"},"doDiffs":false,"timestamp":1753280367771,"id":"6nctku5riazrqra","previousOperationId":null,"operationId":"f4esh0dxl3citru"}
{"type":"log","level":"info","message":"Render request 11 queued for execution and waiting for available worker","previousOperationId":"f4esh0dxl3citru","timestamp":1753280367771,"id":"99w1m7jigf9x81c"}
{"type":"operationStart","subtype":"render","name":"report-collaborators","previousOperationId":"f4esh0dxl3citru","timestamp":1753280367782,"id":"ui2ys2ofmerldvk","previousEventId":"6nctku5riazrqra","operationId":"c886mt8w92l26qe"}
{"type":"log","timestamp":1753280367782,"level":"info","message":"Starting rendering request 11","meta":{"rootId":"xcfeee43zxjk9d5","id":"xcfeee43zxjk9d5"},"id":"swf1vd40v0bkxcy","previousOperationId":"c886mt8w92l26qe"}
{"type":"log","timestamp":1753280367782,"level":"info","message":"Rendering template { name: report-collaborators, recipe: chrome-pdf, engine: jsrender, preview: false }","meta":{"rootId":"xcfeee43zxjk9d5","id":"xcfeee43zxjk9d5"},"id":"gjqsyostfd99q0l","previousOperationId":"c886mt8w92l26qe"}
{"type":"log","timestamp":1753280367782,"level":"debug","message":"Inline data specified.","meta":{"rootId":"xcfeee43zxjk9d5","id":"xcfeee43zxjk9d5"},"id":"vmux025n4v9yilf","previousOperationId":"c886mt8w92l26qe"}
{"type":"log","timestamp":1753280367783,"level":"debug","message":"Base url not specified, skipping its injection.","meta":{"rootId":"xcfeee43zxjk9d5","id":"xcfeee43zxjk9d5"},"id":"wzglwu6lfjtjbvm","previousOperationId":"c886mt8w92l26qe"}
{"type":"operationStart","subtype":"engine","name":"jsrender","timestamp":1753280367783,"id":"aih7odqi2v3lo1v","previousEventId":"ui2ys2ofmerldvk","operationId":"h81jegqfixcqbd3","previousOperationId":"c886mt8w92l26qe"}
{"type":"log","timestamp":1753280367783,"level":"debug","message":"Rendering engine jsrender","meta":{"rootId":"xcfeee43zxjk9d5","id":"xcfeee43zxjk9d5"},"id":"tlyr4uczunhxaew","previousOperationId":"h81jegqfixcqbd3"}
{"type":"operationEnd","operationId":"h81jegqfixcqbd3","timestamp":1753280367786,"id":"p4csmeylsicqrg3","previousEventId":"aih7odqi2v3lo1v","previousOperationId":"h81jegqfixcqbd3"}
{"type":"operationStart","subtype":"recipe","name":"chrome-pdf","timestamp":1753280367787,"id":"ijcfu7598efxurq","previousEventId":"p4csmeylsicqrg3","operationId":"n6emtzngdq7ovqg","previousOperationId":"h81jegqfixcqbd3"}
{"type":"log","timestamp":1753280367787,"level":"debug","message":"Executing recipe chrome-pdf","meta":{"rootId":"xcfeee43zxjk9d5","id":"xcfeee43zxjk9d5"},"id":"su8eq1bqbhgtpdh","previousOperationId":"n6emtzngdq7ovqg"}
{"type":"log","timestamp":1753280367788,"level":"debug","message":"Converting with chrome Chrome/136.0.7103.49 using chrome-pool strategy","meta":{"rootId":"xcfeee43zxjk9d5","id":"xcfeee43zxjk9d5"},"id":"bde3x4jhz5aur26","previousOperationId":"n6emtzngdq7ovqg"}
{"type":"log","timestamp":1753280367806,"level":"debug","message":"Page request: GET (document) file:///tmp/jsreport/autocleanup/6a5b2e2f-c8d7-4db0-a3fa-867d1b8ebe97-chrome-pdf.html","meta":{"rootId":"xcfeee43zxjk9d5","id":"xcfeee43zxjk9d5"},"id":"mex6m2ymsksmlg7","previousOperationId":"n6emtzngdq7ovqg"}
{"type":"log","timestamp":1753280367811,"level":"debug","message":"Page request finished: GET (document) 200 file:///tmp/jsreport/autocleanup/6a5b2e2f-c8d7-4db0-a3fa-867d1b8ebe97-chrome-pdf.html","meta":{"rootId":"xcfeee43zxjk9d5","id":"xcfeee43zxjk9d5"},"id":"b9j4p20o0eqohyz","previousOperationId":"n6emtzngdq7ovqg"}
{"type":"log","timestamp":1753280367814,"level":"debug","message":"Running chrome with params {\"printBackground\":true,\"timeout\":59983,\"margin\":{}}","meta":{"rootId":"xcfeee43zxjk9d5","id":"xcfeee43zxjk9d5"},"id":"09g1vzh82z3pr4e","previousOperationId":"n6emtzngdq7ovqg"}
{"type":"operationEnd","operationId":"n6emtzngdq7ovqg","timestamp":1753280367842,"id":"bve9v59i8k88aen","previousEventId":"ijcfu7598efxurq","previousOperationId":"n6emtzngdq7ovqg"}
{"type":"log","timestamp":1753280367842,"level":"debug","message":"Skipping storing report.","meta":{"rootId":"xcfeee43zxjk9d5","id":"xcfeee43zxjk9d5"},"id":"mysrhqn88hqls76","previousOperationId":"n6emtzngdq7ovqg"}
{"type":"log","timestamp":1753280367842,"level":"info","message":"Rendering request 11 finished in 72 ms","meta":{"rootId":"xcfeee43zxjk9d5","id":"xcfeee43zxjk9d5"},"id":"av1em5adansp3mh","previousOperationId":"n6emtzngdq7ovqg"}
{"type":"operationEnd","subtype":"render","operationId":"c886mt8w92l26qe","timestamp":1753280367842,"id":"um959hfcln3v32g","previousEventId":"bve9v59i8k88aen","previousOperationId":"n6emtzngdq7ovqg"}
{"type":"operationEnd","doDiffs":false,"previousEventId":"6nctku5riazrqra","previousOperationId":"f4esh0dxl3citru","operationId":"f4esh0dxl3citru","timestamp":1753280367843,"id":"gefeckj5ifj6bl9"}
