{"type":"operationStart","subtype":"profile","data":{"_id":"nHqrn8km6sRcScc9","timestamp":"2025-07-28T22:46:28.012Z","state":"queued","mode":"standard","creationDate":"2025-07-28T22:46:28.013Z","modificationDate":"2025-07-28T22:46:28.013Z","shortid":"M3rCsmj","$entitySet":"profiles"},"doDiffs":false,"timestamp":1753742788013,"id":"3ujjqkk9lubv4xt","previousOperationId":null,"operationId":"dwc5vsi26idgjkt"}
{"type":"log","level":"info","message":"Render request 4 queued for execution and waiting for available worker","previousOperationId":"dwc5vsi26idgjkt","timestamp":1753742788013,"id":"d0m8be0ygzol68n"}
{"type":"operationStart","subtype":"render","name":"report-collaborators","previousOperationId":"dwc5vsi26idgjkt","timestamp":1753742788026,"id":"l4hq7r4s3luyfug","previousEventId":"3ujjqkk9lubv4xt","operationId":"tq86s2axo433ebk"}
{"type":"log","timestamp":1753742788026,"level":"info","message":"Starting rendering request 4","meta":{"rootId":"y6xv8vtcvtvvc1x","id":"y6xv8vtcvtvvc1x"},"id":"2onnkyuiysjrf9n","previousOperationId":"tq86s2axo433ebk"}
{"type":"log","timestamp":1753742788026,"level":"info","message":"Rendering template { name: report-collaborators, recipe: chrome-pdf, engine: jsrender, preview: false }","meta":{"rootId":"y6xv8vtcvtvvc1x","id":"y6xv8vtcvtvvc1x"},"id":"t0e7d10c6m2sr62","previousOperationId":"tq86s2axo433ebk"}
{"type":"log","timestamp":1753742788026,"level":"debug","message":"Inline data specified.","meta":{"rootId":"y6xv8vtcvtvvc1x","id":"y6xv8vtcvtvvc1x"},"id":"bfd7j2e6ivkjswm","previousOperationId":"tq86s2axo433ebk"}
{"type":"log","timestamp":1753742788027,"level":"debug","message":"Base url not specified, skipping its injection.","meta":{"rootId":"y6xv8vtcvtvvc1x","id":"y6xv8vtcvtvvc1x"},"id":"iksfhxg6v3t132a","previousOperationId":"tq86s2axo433ebk"}
{"type":"operationStart","subtype":"engine","name":"jsrender","timestamp":1753742788027,"id":"bt5ukj3e0uzdo2e","previousEventId":"l4hq7r4s3luyfug","operationId":"xdbjdrkvxa746vp","previousOperationId":"tq86s2axo433ebk"}
{"type":"log","timestamp":1753742788027,"level":"debug","message":"Rendering engine jsrender","meta":{"rootId":"y6xv8vtcvtvvc1x","id":"y6xv8vtcvtvvc1x"},"id":"mgipxn8xz0ob6zl","previousOperationId":"xdbjdrkvxa746vp"}
{"type":"operationEnd","operationId":"xdbjdrkvxa746vp","timestamp":1753742788032,"id":"7qdm8qbowfryh2q","previousEventId":"bt5ukj3e0uzdo2e","previousOperationId":"xdbjdrkvxa746vp"}
{"type":"operationStart","subtype":"recipe","name":"chrome-pdf","timestamp":1753742788032,"id":"n9c4d3bb2rit96u","previousEventId":"7qdm8qbowfryh2q","operationId":"judaq2cvuhxrl3q","previousOperationId":"xdbjdrkvxa746vp"}
{"type":"log","timestamp":1753742788032,"level":"debug","message":"Executing recipe chrome-pdf","meta":{"rootId":"y6xv8vtcvtvvc1x","id":"y6xv8vtcvtvvc1x"},"id":"smj5ub0uj5temyg","previousOperationId":"judaq2cvuhxrl3q"}
{"type":"log","timestamp":1753742788033,"level":"debug","message":"Converting with chrome Chrome/136.0.7103.49 using chrome-pool strategy","meta":{"rootId":"y6xv8vtcvtvvc1x","id":"y6xv8vtcvtvvc1x"},"id":"bds5x49j1nt22yb","previousOperationId":"judaq2cvuhxrl3q"}
{"type":"log","timestamp":1753742788054,"level":"debug","message":"Page request: GET (document) file:///tmp/jsreport/autocleanup/562009ff-1843-4ae7-b45c-c529ebe25fab-chrome-pdf.html","meta":{"rootId":"y6xv8vtcvtvvc1x","id":"y6xv8vtcvtvvc1x"},"id":"fdoyjn1378voarj","previousOperationId":"judaq2cvuhxrl3q"}
{"type":"log","timestamp":1753742788063,"level":"debug","message":"Page request finished: GET (document) 200 file:///tmp/jsreport/autocleanup/562009ff-1843-4ae7-b45c-c529ebe25fab-chrome-pdf.html","meta":{"rootId":"y6xv8vtcvtvvc1x","id":"y6xv8vtcvtvvc1x"},"id":"gzss8pre4bsmyil","previousOperationId":"judaq2cvuhxrl3q"}
{"type":"log","timestamp":1753742788066,"level":"debug","message":"Running chrome with params {\"printBackground\":true,\"timeout\":59979,\"margin\":{}}","meta":{"rootId":"y6xv8vtcvtvvc1x","id":"y6xv8vtcvtvvc1x"},"id":"nslq4yd8e4b2n6q","previousOperationId":"judaq2cvuhxrl3q"}
{"type":"operationEnd","operationId":"judaq2cvuhxrl3q","timestamp":1753742788094,"id":"i4mpo9ms7qmxvqw","previousEventId":"n9c4d3bb2rit96u","previousOperationId":"judaq2cvuhxrl3q"}
{"type":"log","timestamp":1753742788094,"level":"debug","message":"Skipping storing report.","meta":{"rootId":"y6xv8vtcvtvvc1x","id":"y6xv8vtcvtvvc1x"},"id":"1rr1sx5meczbjao","previousOperationId":"judaq2cvuhxrl3q"}
{"type":"log","timestamp":1753742788094,"level":"info","message":"Rendering request 4 finished in 82 ms","meta":{"rootId":"y6xv8vtcvtvvc1x","id":"y6xv8vtcvtvvc1x"},"id":"q6ow4z1t3mxo4ef","previousOperationId":"judaq2cvuhxrl3q"}
{"type":"operationEnd","subtype":"render","operationId":"tq86s2axo433ebk","timestamp":1753742788094,"id":"setzotbondq0xi3","previousEventId":"i4mpo9ms7qmxvqw","previousOperationId":"judaq2cvuhxrl3q"}
{"type":"operationEnd","doDiffs":false,"previousEventId":"3ujjqkk9lubv4xt","previousOperationId":"dwc5vsi26idgjkt","operationId":"dwc5vsi26idgjkt","timestamp":1753742788095,"id":"urc2ceh7pr2za7d"}
