{"type":"operationStart","subtype":"profile","data":{"_id":"UgvRs77JU2ZClJnx","timestamp":"2025-07-22T18:10:16.637Z","state":"queued","mode":"standard","creationDate":"2025-07-22T18:10:16.638Z","modificationDate":"2025-07-22T18:10:16.638Z","shortid":"DehqRq2","$entitySet":"profiles"},"doDiffs":false,"timestamp":1753207816638,"id":"sd2ikcu88wvsbyx","previousOperationId":null,"operationId":"9ajvw8d8uj4tfgz"}
{"type":"log","level":"info","message":"Render request 17 queued for execution and waiting for available worker","previousOperationId":"9ajvw8d8uj4tfgz","timestamp":1753207816638,"id":"2g8o5a271bisj0j"}
{"type":"operationStart","subtype":"render","name":"anonymous","previousOperationId":"9ajvw8d8uj4tfgz","timestamp":1753207816649,"id":"zjsqy0jk2p3ckuq","previousEventId":"sd2ikcu88wvsbyx","operationId":"manp9bvdjqpedxc"}
{"type":"log","timestamp":1753207816649,"level":"info","message":"Starting rendering request 17","meta":{"rootId":"3rfs2g7cgiopt8i","id":"3rfs2g7cgiopt8i"},"id":"xxf85iymouhp3id","previousOperationId":"manp9bvdjqpedxc"}
{"type":"log","timestamp":1753207816649,"level":"info","message":"Rendering anonymous template { recipe: chrome-pdf, engine: jsrender }","meta":{"rootId":"3rfs2g7cgiopt8i","id":"3rfs2g7cgiopt8i"},"id":"byp2sln7rtcjtzj","previousOperationId":"manp9bvdjqpedxc"}
{"type":"log","timestamp":1753207816649,"level":"debug","message":"Inline data specified.","meta":{"rootId":"3rfs2g7cgiopt8i","id":"3rfs2g7cgiopt8i"},"id":"una4qn2s7lgabu6","previousOperationId":"manp9bvdjqpedxc"}
{"type":"log","timestamp":1753207816650,"level":"debug","message":"Base url not specified, skipping its injection.","meta":{"rootId":"3rfs2g7cgiopt8i","id":"3rfs2g7cgiopt8i"},"id":"o4v9d951286ajnd","previousOperationId":"manp9bvdjqpedxc"}
{"type":"operationStart","subtype":"engine","name":"jsrender","timestamp":1753207816650,"id":"awugo3c0vwf004p","previousEventId":"zjsqy0jk2p3ckuq","operationId":"zsgp76ni4sw99gc","previousOperationId":"manp9bvdjqpedxc"}
{"type":"log","timestamp":1753207816650,"level":"debug","message":"Rendering engine jsrender","meta":{"rootId":"3rfs2g7cgiopt8i","id":"3rfs2g7cgiopt8i"},"id":"5klkqgaalmg3hgh","previousOperationId":"zsgp76ni4sw99gc"}
{"type":"operationEnd","operationId":"zsgp76ni4sw99gc","timestamp":1753207816653,"id":"lxc7kvbswtq8yb7","previousEventId":"awugo3c0vwf004p","previousOperationId":"zsgp76ni4sw99gc"}
{"type":"operationStart","subtype":"recipe","name":"chrome-pdf","timestamp":1753207816653,"id":"q8bkwx0rxycvcy9","previousEventId":"lxc7kvbswtq8yb7","operationId":"wv936ziag7qgrk3","previousOperationId":"zsgp76ni4sw99gc"}
{"type":"log","timestamp":1753207816653,"level":"debug","message":"Executing recipe chrome-pdf","meta":{"rootId":"3rfs2g7cgiopt8i","id":"3rfs2g7cgiopt8i"},"id":"n8rxtbafbl95s3g","previousOperationId":"wv936ziag7qgrk3"}
{"type":"log","timestamp":1753207816654,"level":"debug","message":"Converting with chrome Chrome/136.0.7103.49 using chrome-pool strategy","meta":{"rootId":"3rfs2g7cgiopt8i","id":"3rfs2g7cgiopt8i"},"id":"ry24grryfqy2bz7","previousOperationId":"wv936ziag7qgrk3"}
{"type":"log","timestamp":1753207816669,"level":"debug","message":"Page request: GET (document) file:///tmp/jsreport/autocleanup/7e825605-39da-4389-a160-2f6ce6baa4d1-chrome-pdf.html","meta":{"rootId":"3rfs2g7cgiopt8i","id":"3rfs2g7cgiopt8i"},"id":"jba01rwzvagg5g4","previousOperationId":"wv936ziag7qgrk3"}
{"type":"log","timestamp":1753207816675,"level":"debug","message":"Page request finished: GET (document) 200 file:///tmp/jsreport/autocleanup/7e825605-39da-4389-a160-2f6ce6baa4d1-chrome-pdf.html","meta":{"rootId":"3rfs2g7cgiopt8i","id":"3rfs2g7cgiopt8i"},"id":"5jt4gvb6f6hu6mz","previousOperationId":"wv936ziag7qgrk3"}
{"type":"log","timestamp":1753207816677,"level":"debug","message":"Running chrome with params {\"timeout\":59984,\"margin\":{},\"printBackground\":true}","meta":{"rootId":"3rfs2g7cgiopt8i","id":"3rfs2g7cgiopt8i"},"id":"nz62gh76t700rpd","previousOperationId":"wv936ziag7qgrk3"}
{"type":"operationEnd","operationId":"wv936ziag7qgrk3","timestamp":1753207816696,"id":"sakiri1q2mkl1o5","previousEventId":"q8bkwx0rxycvcy9","previousOperationId":"wv936ziag7qgrk3"}
{"type":"log","timestamp":1753207816696,"level":"debug","message":"Skipping storing report.","meta":{"rootId":"3rfs2g7cgiopt8i","id":"3rfs2g7cgiopt8i"},"id":"x7e5gkdi65ekjct","previousOperationId":"wv936ziag7qgrk3"}
{"type":"log","timestamp":1753207816696,"level":"info","message":"Rendering request 17 finished in 59 ms","meta":{"rootId":"3rfs2g7cgiopt8i","id":"3rfs2g7cgiopt8i"},"id":"c9cwy7opjwxq7yd","previousOperationId":"wv936ziag7qgrk3"}
{"type":"operationEnd","subtype":"render","operationId":"manp9bvdjqpedxc","timestamp":1753207816696,"id":"9ehdjlei9wexvzj","previousEventId":"sakiri1q2mkl1o5","previousOperationId":"wv936ziag7qgrk3"}
{"type":"operationEnd","doDiffs":false,"previousEventId":"sd2ikcu88wvsbyx","previousOperationId":"9ajvw8d8uj4tfgz","operationId":"9ajvw8d8uj4tfgz","timestamp":1753207816697,"id":"skfy1frr14yj6dv"}
