{"type":"operationStart","subtype":"profile","data":{"_id":"bqKCZVQbIJtmCdf8","timestamp":"2025-07-22T18:13:32.983Z","state":"queued","mode":"standard","creationDate":"2025-07-22T18:13:32.984Z","modificationDate":"2025-07-22T18:13:32.984Z","shortid":"tAk8k-b","$entitySet":"profiles"},"doDiffs":false,"timestamp":1753208012984,"id":"nbn0tgj1pkp2vz9","previousOperationId":null,"operationId":"6ddvht5ii3juwup"}
{"type":"log","level":"info","message":"Render request 18 queued for execution and waiting for available worker","previousOperationId":"6ddvht5ii3juwup","timestamp":1753208012984,"id":"k3kf8w8j10c9z5y"}
{"type":"operationStart","subtype":"render","name":"anonymous","previousOperationId":"6ddvht5ii3juwup","timestamp":1753208012987,"id":"2sw67wivobhkksd","previousEventId":"nbn0tgj1pkp2vz9","operationId":"bnbo2sbesk69upb"}
{"type":"log","timestamp":1753208012987,"level":"info","message":"Starting rendering request 18","meta":{"rootId":"hgdoe2n10e2ermr","id":"hgdoe2n10e2ermr"},"id":"cfa7fbn6pfdhyml","previousOperationId":"bnbo2sbesk69upb"}
{"type":"log","timestamp":1753208012987,"level":"info","message":"Rendering anonymous template { recipe: chrome-pdf, engine: jsrender }","meta":{"rootId":"hgdoe2n10e2ermr","id":"hgdoe2n10e2ermr"},"id":"rmcff2h922ipdqs","previousOperationId":"bnbo2sbesk69upb"}
{"type":"log","timestamp":1753208012987,"level":"debug","message":"Inline data specified.","meta":{"rootId":"hgdoe2n10e2ermr","id":"hgdoe2n10e2ermr"},"id":"9e1b5oyh9pgr74h","previousOperationId":"bnbo2sbesk69upb"}
{"type":"log","timestamp":1753208012988,"level":"debug","message":"Base url not specified, skipping its injection.","meta":{"rootId":"hgdoe2n10e2ermr","id":"hgdoe2n10e2ermr"},"id":"b5evfwsj28r3tug","previousOperationId":"bnbo2sbesk69upb"}
{"type":"operationStart","subtype":"engine","name":"jsrender","timestamp":1753208012988,"id":"fjdv2sp7kz8x69u","previousEventId":"2sw67wivobhkksd","operationId":"8hl88cll20n4slw","previousOperationId":"bnbo2sbesk69upb"}
{"type":"log","timestamp":1753208012988,"level":"debug","message":"Rendering engine jsrender","meta":{"rootId":"hgdoe2n10e2ermr","id":"hgdoe2n10e2ermr"},"id":"6y10gog1o0bkpq9","previousOperationId":"8hl88cll20n4slw"}
{"type":"operationEnd","operationId":"8hl88cll20n4slw","timestamp":1753208012992,"id":"axyjs94qs2bk4jk","previousEventId":"fjdv2sp7kz8x69u","previousOperationId":"8hl88cll20n4slw"}
{"type":"operationStart","subtype":"recipe","name":"chrome-pdf","timestamp":1753208012992,"id":"4dm1y44621u8zgs","previousEventId":"axyjs94qs2bk4jk","operationId":"nnq56ycu3ksplnn","previousOperationId":"8hl88cll20n4slw"}
{"type":"log","timestamp":1753208012992,"level":"debug","message":"Executing recipe chrome-pdf","meta":{"rootId":"hgdoe2n10e2ermr","id":"hgdoe2n10e2ermr"},"id":"v3dpym5snhm2kuc","previousOperationId":"nnq56ycu3ksplnn"}
{"type":"log","timestamp":1753208012994,"level":"debug","message":"Converting with chrome Chrome/136.0.7103.49 using chrome-pool strategy","meta":{"rootId":"hgdoe2n10e2ermr","id":"hgdoe2n10e2ermr"},"id":"przgbs35yts3up0","previousOperationId":"nnq56ycu3ksplnn"}
{"type":"log","timestamp":1753208013016,"level":"debug","message":"Page request: GET (document) file:///tmp/jsreport/autocleanup/a8942c7d-c747-4069-af78-f983d94b1a04-chrome-pdf.html","meta":{"rootId":"hgdoe2n10e2ermr","id":"hgdoe2n10e2ermr"},"id":"8gvmwm1vc0sfl38","previousOperationId":"nnq56ycu3ksplnn"}
{"type":"log","timestamp":1753208013023,"level":"debug","message":"Page request finished: GET (document) 200 file:///tmp/jsreport/autocleanup/a8942c7d-c747-4069-af78-f983d94b1a04-chrome-pdf.html","meta":{"rootId":"hgdoe2n10e2ermr","id":"hgdoe2n10e2ermr"},"id":"i34ag0xacgvvk6v","previousOperationId":"nnq56ycu3ksplnn"}
{"type":"log","timestamp":1753208013025,"level":"debug","message":"Running chrome with params {\"timeout\":59990,\"margin\":{},\"printBackground\":true}","meta":{"rootId":"hgdoe2n10e2ermr","id":"hgdoe2n10e2ermr"},"id":"56nepztcye8qf2o","previousOperationId":"nnq56ycu3ksplnn"}
{"type":"operationEnd","operationId":"nnq56ycu3ksplnn","timestamp":1753208013044,"id":"zvzvoavcnsr9q55","previousEventId":"4dm1y44621u8zgs","previousOperationId":"nnq56ycu3ksplnn"}
{"type":"log","timestamp":1753208013044,"level":"debug","message":"Skipping storing report.","meta":{"rootId":"hgdoe2n10e2ermr","id":"hgdoe2n10e2ermr"},"id":"8p46yrdj4g37fc8","previousOperationId":"nnq56ycu3ksplnn"}
{"type":"log","timestamp":1753208013044,"level":"info","message":"Rendering request 18 finished in 61 ms","meta":{"rootId":"hgdoe2n10e2ermr","id":"hgdoe2n10e2ermr"},"id":"zfpb8ebjack1nkk","previousOperationId":"nnq56ycu3ksplnn"}
{"type":"operationEnd","subtype":"render","operationId":"bnbo2sbesk69upb","timestamp":1753208013044,"id":"dk5hlo1eu4tplnl","previousEventId":"zvzvoavcnsr9q55","previousOperationId":"nnq56ycu3ksplnn"}
{"type":"operationEnd","doDiffs":false,"previousEventId":"nbn0tgj1pkp2vz9","previousOperationId":"6ddvht5ii3juwup","operationId":"6ddvht5ii3juwup","timestamp":1753208013045,"id":"f2huc8nqowi18t7"}
