{"type":"operationStart","subtype":"profile","data":{"_id":"IPeiVFPxIaxkDRct","timestamp":"2025-07-22T18:10:07.135Z","state":"queued","mode":"standard","creationDate":"2025-07-22T18:10:07.136Z","modificationDate":"2025-07-22T18:10:07.136Z","shortid":"a9vujZR","$entitySet":"profiles"},"doDiffs":false,"timestamp":1753207807135,"id":"cs1mylt6dflkfqa","previousOperationId":null,"operationId":"nim99z5c1sbv6ka"}
{"type":"log","level":"info","message":"Render request 16 queued for execution and waiting for available worker","previousOperationId":"nim99z5c1sbv6ka","timestamp":1753207807135,"id":"rbd8bzn91llinz4"}
{"type":"operationStart","subtype":"render","name":"anonymous","previousOperationId":"nim99z5c1sbv6ka","timestamp":1753207807139,"id":"3xgccgd47d06mrz","previousEventId":"cs1mylt6dflkfqa","operationId":"e8gtv2psn6ouydh"}
{"type":"log","timestamp":1753207807139,"level":"info","message":"Starting rendering request 16","meta":{"rootId":"is76jh4vno6a02c","id":"is76jh4vno6a02c"},"id":"wjezsr63igzn7l7","previousOperationId":"e8gtv2psn6ouydh"}
{"type":"log","timestamp":1753207807140,"level":"info","message":"Rendering anonymous template { recipe: chrome-pdf, engine: jsrender }","meta":{"rootId":"is76jh4vno6a02c","id":"is76jh4vno6a02c"},"id":"v1nxi2o94jlmyfp","previousOperationId":"e8gtv2psn6ouydh"}
{"type":"log","timestamp":1753207807140,"level":"debug","message":"Inline data specified.","meta":{"rootId":"is76jh4vno6a02c","id":"is76jh4vno6a02c"},"id":"0m0rj490w383l0e","previousOperationId":"e8gtv2psn6ouydh"}
{"type":"log","timestamp":1753207807141,"level":"debug","message":"Base url not specified, skipping its injection.","meta":{"rootId":"is76jh4vno6a02c","id":"is76jh4vno6a02c"},"id":"j9thr4bg4uw14zp","previousOperationId":"e8gtv2psn6ouydh"}
{"type":"operationStart","subtype":"engine","name":"jsrender","timestamp":1753207807141,"id":"gy19uuidclju7zy","previousEventId":"3xgccgd47d06mrz","operationId":"crepz3dj6w7g1t6","previousOperationId":"e8gtv2psn6ouydh"}
{"type":"log","timestamp":1753207807141,"level":"debug","message":"Rendering engine jsrender","meta":{"rootId":"is76jh4vno6a02c","id":"is76jh4vno6a02c"},"id":"0la14ldzgzfskb7","previousOperationId":"crepz3dj6w7g1t6"}
{"type":"operationEnd","operationId":"crepz3dj6w7g1t6","timestamp":1753207807145,"id":"hwmm5ajnnxjjc5d","previousEventId":"gy19uuidclju7zy","previousOperationId":"crepz3dj6w7g1t6"}
{"type":"operationStart","subtype":"recipe","name":"chrome-pdf","timestamp":1753207807145,"id":"bq371vyubd57az0","previousEventId":"hwmm5ajnnxjjc5d","operationId":"ifpwaex761sc1lm","previousOperationId":"crepz3dj6w7g1t6"}
{"type":"log","timestamp":1753207807145,"level":"debug","message":"Executing recipe chrome-pdf","meta":{"rootId":"is76jh4vno6a02c","id":"is76jh4vno6a02c"},"id":"quxk8gefa8wooek","previousOperationId":"ifpwaex761sc1lm"}
{"type":"log","timestamp":1753207807146,"level":"debug","message":"Converting with chrome Chrome/136.0.7103.49 using chrome-pool strategy","meta":{"rootId":"is76jh4vno6a02c","id":"is76jh4vno6a02c"},"id":"m0e976nsgi8dobx","previousOperationId":"ifpwaex761sc1lm"}
{"type":"log","timestamp":1753207807165,"level":"debug","message":"Page request: GET (document) file:///tmp/jsreport/autocleanup/dfaf3129-a65a-4368-a440-323253173dc8-chrome-pdf.html","meta":{"rootId":"is76jh4vno6a02c","id":"is76jh4vno6a02c"},"id":"400o9jbb879fvj0","previousOperationId":"ifpwaex761sc1lm"}
{"type":"log","timestamp":1753207807174,"level":"debug","message":"Page request finished: GET (document) 200 file:///tmp/jsreport/autocleanup/dfaf3129-a65a-4368-a440-323253173dc8-chrome-pdf.html","meta":{"rootId":"is76jh4vno6a02c","id":"is76jh4vno6a02c"},"id":"gfigggskdgbfkmt","previousOperationId":"ifpwaex761sc1lm"}
{"type":"log","timestamp":1753207807176,"level":"debug","message":"Running chrome with params {\"timeout\":59989,\"margin\":{},\"printBackground\":true}","meta":{"rootId":"is76jh4vno6a02c","id":"is76jh4vno6a02c"},"id":"6ckpd0781kfkxoy","previousOperationId":"ifpwaex761sc1lm"}
{"type":"operationEnd","operationId":"ifpwaex761sc1lm","timestamp":1753207807194,"id":"qoqh7z1gn17djym","previousEventId":"bq371vyubd57az0","previousOperationId":"ifpwaex761sc1lm"}
{"type":"log","timestamp":1753207807194,"level":"debug","message":"Skipping storing report.","meta":{"rootId":"is76jh4vno6a02c","id":"is76jh4vno6a02c"},"id":"vl9rwksckpkrs6l","previousOperationId":"ifpwaex761sc1lm"}
{"type":"log","timestamp":1753207807194,"level":"info","message":"Rendering request 16 finished in 60 ms","meta":{"rootId":"is76jh4vno6a02c","id":"is76jh4vno6a02c"},"id":"uuhsf1vstn5rb61","previousOperationId":"ifpwaex761sc1lm"}
{"type":"operationEnd","subtype":"render","operationId":"e8gtv2psn6ouydh","timestamp":1753207807194,"id":"1t5zejjlnhb2l8q","previousEventId":"qoqh7z1gn17djym","previousOperationId":"ifpwaex761sc1lm"}
{"type":"operationEnd","doDiffs":false,"previousEventId":"cs1mylt6dflkfqa","previousOperationId":"nim99z5c1sbv6ka","operationId":"nim99z5c1sbv6ka","timestamp":1753207807195,"id":"7i39ugtv1lk9299"}
