{"type":"operationStart","subtype":"profile","data":{"_id":"Y1gX7xg2eCAcFsGT","timestamp":"2025-07-23T13:54:42.972Z","state":"queued","mode":"standard","creationDate":"2025-07-23T13:54:42.972Z","modificationDate":"2025-07-23T13:54:42.972Z","shortid":"-KAaAWf","$entitySet":"profiles"},"doDiffs":false,"timestamp":1753278882972,"id":"8z18v24w3qv5s49","previousOperationId":null,"operationId":"l1s9w36llt3lpkf"}
{"type":"log","level":"info","message":"Render request 2 queued for execution and waiting for available worker","previousOperationId":"l1s9w36llt3lpkf","timestamp":1753278882972,"id":"qesb43otuyvcmuc"}
{"type":"operationStart","subtype":"render","name":"anonymous","previousOperationId":"l1s9w36llt3lpkf","timestamp":1753278882983,"id":"wgd97su0vc04j5f","previousEventId":"8z18v24w3qv5s49","operationId":"8abnk83309cxlid"}
{"type":"log","timestamp":1753278882984,"level":"info","message":"Starting rendering request 2","meta":{"rootId":"nio6x8y2ltwlgel","id":"nio6x8y2ltwlgel"},"id":"9pjxcmtx2i99w88","previousOperationId":"8abnk83309cxlid"}
{"type":"log","timestamp":1753278882984,"level":"info","message":"Rendering anonymous template { recipe: chrome-pdf, engine: jsrender }","meta":{"rootId":"nio6x8y2ltwlgel","id":"nio6x8y2ltwlgel"},"id":"rkgfpbhvybjl9az","previousOperationId":"8abnk83309cxlid"}
{"type":"log","timestamp":1753278882984,"level":"debug","message":"Inline data specified.","meta":{"rootId":"nio6x8y2ltwlgel","id":"nio6x8y2ltwlgel"},"id":"84818y728bj6rbn","previousOperationId":"8abnk83309cxlid"}
{"type":"log","timestamp":1753278882986,"level":"debug","message":"Base url not specified, skipping its injection.","meta":{"rootId":"nio6x8y2ltwlgel","id":"nio6x8y2ltwlgel"},"id":"r6ucv0zst9lqolw","previousOperationId":"8abnk83309cxlid"}
{"type":"operationStart","subtype":"engine","name":"jsrender","timestamp":1753278882987,"id":"d6tibi4jydhp231","previousEventId":"wgd97su0vc04j5f","operationId":"nb5l3tge0bxujis","previousOperationId":"8abnk83309cxlid"}
{"type":"log","timestamp":1753278882987,"level":"debug","message":"Rendering engine jsrender","meta":{"rootId":"nio6x8y2ltwlgel","id":"nio6x8y2ltwlgel"},"id":"1l7jn73jldxcx7c","previousOperationId":"nb5l3tge0bxujis"}
{"type":"operationEnd","operationId":"nb5l3tge0bxujis","timestamp":1753278883194,"id":"yybbin8vw5rqy4b","previousEventId":"d6tibi4jydhp231","previousOperationId":"nb5l3tge0bxujis"}
{"type":"operationStart","subtype":"recipe","name":"chrome-pdf","timestamp":1753278883194,"id":"7hc5adyr8uekbi6","previousEventId":"yybbin8vw5rqy4b","operationId":"5d6qkn79veo6pim","previousOperationId":"nb5l3tge0bxujis"}
{"type":"log","timestamp":1753278883194,"level":"debug","message":"Executing recipe chrome-pdf","meta":{"rootId":"nio6x8y2ltwlgel","id":"nio6x8y2ltwlgel"},"id":"mn8kreqh55xpg1b","previousOperationId":"5d6qkn79veo6pim"}
{"type":"log","timestamp":1753278883195,"level":"debug","message":"Starting child request to render pdf header","meta":{"rootId":"nio6x8y2ltwlgel","id":"nio6x8y2ltwlgel"},"id":"qcx26g1ge4h2s0r","previousOperationId":"5d6qkn79veo6pim"}
{"type":"operationStart","subtype":"render","name":"anonymous","previousOperationId":"5d6qkn79veo6pim","timestamp":1753278883196,"id":"4jgk8dvel2tlgr0","previousEventId":"7hc5adyr8uekbi6","operationId":"73avly7wf6b77e6"}
{"type":"log","timestamp":1753278883196,"level":"info","message":"Starting rendering (child) request","meta":{"rootId":"nio6x8y2ltwlgel","id":"bp076t7jsb8tamc"},"id":"irri73x9bse4mbg","previousOperationId":"73avly7wf6b77e6"}
{"type":"log","timestamp":1753278883196,"level":"info","message":"Rendering anonymous template { recipe: html, engine: jsrender }","meta":{"rootId":"nio6x8y2ltwlgel","id":"bp076t7jsb8tamc"},"id":"z2mexod5u1p8vx5","previousOperationId":"73avly7wf6b77e6"}
{"type":"log","timestamp":1753278883196,"level":"debug","message":"Inline data specified.","meta":{"rootId":"nio6x8y2ltwlgel","id":"bp076t7jsb8tamc"},"id":"vroao5e2azvs58q","previousOperationId":"73avly7wf6b77e6"}
{"type":"log","timestamp":1753278883197,"level":"debug","message":"Base url not specified, skipping its injection.","meta":{"rootId":"nio6x8y2ltwlgel","id":"bp076t7jsb8tamc"},"id":"huy69w2zvwweps1","previousOperationId":"73avly7wf6b77e6"}
{"type":"operationStart","subtype":"engine","name":"jsrender","timestamp":1753278883197,"id":"dthrjs00d4cx0dl","previousEventId":"4jgk8dvel2tlgr0","operationId":"iogpoe31droct69","previousOperationId":"73avly7wf6b77e6"}
{"type":"log","timestamp":1753278883197,"level":"debug","message":"Rendering engine jsrender","meta":{"rootId":"nio6x8y2ltwlgel","id":"bp076t7jsb8tamc"},"id":"qel6pimskbagw79","previousOperationId":"iogpoe31droct69"}
{"type":"operationEnd","operationId":"iogpoe31droct69","timestamp":1753278883206,"id":"7dbvkrf33qs9fde","previousEventId":"dthrjs00d4cx0dl","previousOperationId":"iogpoe31droct69"}
{"type":"operationStart","subtype":"recipe","name":"html","timestamp":1753278883207,"id":"2qpgsunzelhy3xq","previousEventId":"7dbvkrf33qs9fde","operationId":"e58188i8mxn4545","previousOperationId":"iogpoe31droct69"}
{"type":"log","timestamp":1753278883207,"level":"debug","message":"Executing recipe html","meta":{"rootId":"nio6x8y2ltwlgel","id":"bp076t7jsb8tamc"},"id":"m8mgh1lh9v1fhvu","previousOperationId":"e58188i8mxn4545"}
{"type":"operationEnd","operationId":"e58188i8mxn4545","timestamp":1753278883207,"id":"0js3l86rf85i6z1","previousEventId":"2qpgsunzelhy3xq","previousOperationId":"e58188i8mxn4545"}
{"type":"log","timestamp":1753278883207,"level":"debug","message":"Skipping storing report.","meta":{"rootId":"nio6x8y2ltwlgel","id":"bp076t7jsb8tamc"},"id":"xci8n5mml1cx6wu","previousOperationId":"e58188i8mxn4545"}
{"type":"log","timestamp":1753278883207,"level":"info","message":"Rendering (child) request finished in 236 ms","meta":{"rootId":"nio6x8y2ltwlgel","id":"bp076t7jsb8tamc"},"id":"wb479t5nlhp9vkn","previousOperationId":"e58188i8mxn4545"}
{"type":"operationEnd","subtype":"render","operationId":"73avly7wf6b77e6","timestamp":1753278883207,"id":"0l0r1zr0zgeblwq","previousEventId":"0js3l86rf85i6z1","previousOperationId":"e58188i8mxn4545"}
{"type":"log","timestamp":1753278883207,"level":"debug","message":"Starting child request to render pdf footer","meta":{"rootId":"nio6x8y2ltwlgel","id":"nio6x8y2ltwlgel"},"id":"mjg02bdpuai3uqo","previousOperationId":"5d6qkn79veo6pim"}
{"type":"operationStart","subtype":"render","name":"anonymous","previousOperationId":"5d6qkn79veo6pim","timestamp":1753278883207,"id":"d81604cbi498086","previousEventId":"7hc5adyr8uekbi6","operationId":"qz7wvmih3qzups6"}
{"type":"log","timestamp":1753278883207,"level":"info","message":"Starting rendering (child) request","meta":{"rootId":"nio6x8y2ltwlgel","id":"kx3js5z56jljq4w"},"id":"saf929x04ao2oh0","previousOperationId":"qz7wvmih3qzups6"}
{"type":"log","timestamp":1753278883207,"level":"info","message":"Rendering anonymous template { recipe: html, engine: jsrender }","meta":{"rootId":"nio6x8y2ltwlgel","id":"kx3js5z56jljq4w"},"id":"xiiz481k07uct9k","previousOperationId":"qz7wvmih3qzups6"}
{"type":"log","timestamp":1753278883207,"level":"debug","message":"Inline data specified.","meta":{"rootId":"nio6x8y2ltwlgel","id":"kx3js5z56jljq4w"},"id":"m2qcgtg15rd27nm","previousOperationId":"qz7wvmih3qzups6"}
{"type":"log","timestamp":1753278883208,"level":"debug","message":"Base url not specified, skipping its injection.","meta":{"rootId":"nio6x8y2ltwlgel","id":"kx3js5z56jljq4w"},"id":"52w3mx401ik5vcr","previousOperationId":"qz7wvmih3qzups6"}
{"type":"operationStart","subtype":"engine","name":"jsrender","timestamp":1753278883208,"id":"12w422r73u82h3j","previousEventId":"d81604cbi498086","operationId":"tuxp70yj9nn348g","previousOperationId":"qz7wvmih3qzups6"}
{"type":"log","timestamp":1753278883208,"level":"debug","message":"Rendering engine jsrender","meta":{"rootId":"nio6x8y2ltwlgel","id":"kx3js5z56jljq4w"},"id":"rhf7vbyeh0irj49","previousOperationId":"tuxp70yj9nn348g"}
{"type":"operationEnd","operationId":"tuxp70yj9nn348g","timestamp":1753278883211,"id":"i4xjpcz567xwdss","previousEventId":"12w422r73u82h3j","previousOperationId":"tuxp70yj9nn348g"}
{"type":"operationStart","subtype":"recipe","name":"html","timestamp":1753278883211,"id":"b8df0w70933gt0f","previousEventId":"i4xjpcz567xwdss","operationId":"vbgbn5a2v1kelq0","previousOperationId":"tuxp70yj9nn348g"}
{"type":"log","timestamp":1753278883211,"level":"debug","message":"Executing recipe html","meta":{"rootId":"nio6x8y2ltwlgel","id":"kx3js5z56jljq4w"},"id":"zsfytd0pg7kud5n","previousOperationId":"vbgbn5a2v1kelq0"}
{"type":"operationEnd","operationId":"vbgbn5a2v1kelq0","timestamp":1753278883211,"id":"fu2w168x3pp1mmp","previousEventId":"b8df0w70933gt0f","previousOperationId":"vbgbn5a2v1kelq0"}
{"type":"log","timestamp":1753278883211,"level":"debug","message":"Skipping storing report.","meta":{"rootId":"nio6x8y2ltwlgel","id":"kx3js5z56jljq4w"},"id":"wm6s4qti4lqd7xm","previousOperationId":"vbgbn5a2v1kelq0"}
{"type":"log","timestamp":1753278883211,"level":"info","message":"Rendering (child) request finished in 240 ms","meta":{"rootId":"nio6x8y2ltwlgel","id":"kx3js5z56jljq4w"},"id":"phv3h63vz8iary7","previousOperationId":"vbgbn5a2v1kelq0"}
{"type":"operationEnd","subtype":"render","operationId":"qz7wvmih3qzups6","timestamp":1753278883211,"id":"8oz1rg6dn2wfc0r","previousEventId":"fu2w168x3pp1mmp","previousOperationId":"vbgbn5a2v1kelq0"}
{"type":"log","timestamp":1753278883375,"level":"debug","message":"Converting with chrome Chrome/136.0.7103.49 using chrome-pool strategy","meta":{"rootId":"nio6x8y2ltwlgel","id":"nio6x8y2ltwlgel"},"id":"stnktkg1wr6vi8x","previousOperationId":"5d6qkn79veo6pim"}
{"type":"log","timestamp":1753278883398,"level":"debug","message":"Page request: GET (document) file:///tmp/jsreport/autocleanup/0c18a57c-13fc-4464-91c3-dee64612a923-chrome-pdf.html","meta":{"rootId":"nio6x8y2ltwlgel","id":"nio6x8y2ltwlgel"},"id":"gtl51kxy0rjxaud","previousOperationId":"5d6qkn79veo6pim"}
{"type":"log","timestamp":1753278883405,"level":"debug","message":"Page request finished: GET (document) 200 file:///tmp/jsreport/autocleanup/0c18a57c-13fc-4464-91c3-dee64612a923-chrome-pdf.html","meta":{"rootId":"nio6x8y2ltwlgel","id":"nio6x8y2ltwlgel"},"id":"v3bu3l0akp02d81","previousOperationId":"5d6qkn79veo6pim"}
{"type":"log","timestamp":1753278883406,"level":"warn","message":"Page request failed: GET (script) file:///@vite/client, failure: net::ERR_ACCESS_DENIED","meta":{"rootId":"nio6x8y2ltwlgel","id":"nio6x8y2ltwlgel"},"id":"0j1waiufbxp515o","previousOperationId":"5d6qkn79veo6pim"}
{"type":"log","timestamp":1753278883406,"level":"debug","message":"(console:error) Failed to load resource: net::ERR_ACCESS_DENIED","meta":{"userLevel":true,"rootId":"nio6x8y2ltwlgel","id":"nio6x8y2ltwlgel"},"id":"2hzhalyjle8zjh7","previousOperationId":"5d6qkn79veo6pim"}
{"type":"log","timestamp":1753278883406,"level":"warn","message":"Page request failed: GET (script) file:///src/main.tsx?t=1753278874413, failure: net::ERR_ACCESS_DENIED","meta":{"rootId":"nio6x8y2ltwlgel","id":"nio6x8y2ltwlgel"},"id":"kr701u4c9628dcn","previousOperationId":"5d6qkn79veo6pim"}
{"type":"log","timestamp":1753278883406,"level":"debug","message":"(console:error) Failed to load resource: net::ERR_ACCESS_DENIED","meta":{"userLevel":true,"rootId":"nio6x8y2ltwlgel","id":"nio6x8y2ltwlgel"},"id":"io4kls8f5vp0gv1","previousOperationId":"5d6qkn79veo6pim"}
{"type":"log","timestamp":1753278883407,"level":"warn","message":"Page request failed: GET (script) file:///@react-refresh, failure: net::ERR_ACCESS_DENIED","meta":{"rootId":"nio6x8y2ltwlgel","id":"nio6x8y2ltwlgel"},"id":"wizk02k3ghqokt1","previousOperationId":"5d6qkn79veo6pim"}
{"type":"log","timestamp":1753278883407,"level":"debug","message":"(console:error) Failed to load resource: net::ERR_ACCESS_DENIED","meta":{"userLevel":true,"rootId":"nio6x8y2ltwlgel","id":"nio6x8y2ltwlgel"},"id":"t2f2n1esftdbhtk","previousOperationId":"5d6qkn79veo6pim"}
{"type":"log","timestamp":1753278883408,"level":"debug","message":"Running chrome with params {\"format\":\"A4\",\"margin\":{},\"headerTemplate\":\"...\",\"footerTemplate\":\"...\",\"timeout\":59759,\"printBackground\":true}","meta":{"rootId":"nio6x8y2ltwlgel","id":"nio6x8y2ltwlgel"},"id":"0ekcls9x3dsexns","previousOperationId":"5d6qkn79veo6pim"}
{"type":"log","timestamp":1753278883408,"level":"warn","message":"Page request failed: GET (other) file:///src/assets/vectorLogoP.svg, failure: net::ERR_ACCESS_DENIED","meta":{"rootId":"nio6x8y2ltwlgel","id":"nio6x8y2ltwlgel"},"id":"qpgxqck9kd3zhbb","previousOperationId":"5d6qkn79veo6pim"}
{"type":"log","timestamp":1753278883408,"level":"debug","message":"(console:error) Failed to load resource: net::ERR_ACCESS_DENIED","meta":{"userLevel":true,"rootId":"nio6x8y2ltwlgel","id":"nio6x8y2ltwlgel"},"id":"5p292yh2het3994","previousOperationId":"5d6qkn79veo6pim"}
{"type":"operationEnd","operationId":"5d6qkn79veo6pim","timestamp":1753278883425,"id":"88eb6d3yr4r0c5e","previousEventId":"7hc5adyr8uekbi6","previousOperationId":"5d6qkn79veo6pim"}
{"type":"log","timestamp":1753278883425,"level":"debug","message":"Skipping storing report.","meta":{"rootId":"nio6x8y2ltwlgel","id":"nio6x8y2ltwlgel"},"id":"ypbyg4u1f6mob8s","previousOperationId":"5d6qkn79veo6pim"}
{"type":"log","timestamp":1753278883425,"level":"info","message":"Rendering request 2 finished in 454 ms","meta":{"rootId":"nio6x8y2ltwlgel","id":"nio6x8y2ltwlgel"},"id":"xxhoya1bxpz9wji","previousOperationId":"5d6qkn79veo6pim"}
{"type":"operationEnd","subtype":"render","operationId":"8abnk83309cxlid","timestamp":1753278883425,"id":"os3wx5x8v2137vv","previousEventId":"88eb6d3yr4r0c5e","previousOperationId":"5d6qkn79veo6pim"}
{"type":"operationEnd","doDiffs":false,"previousEventId":"8z18v24w3qv5s49","previousOperationId":"l1s9w36llt3lpkf","operationId":"l1s9w36llt3lpkf","timestamp":1753278883427,"id":"7g9zd4ufp4dfdrc"}
